   3687 ,
   2427 and
   2406 the
   1359 of
   1314 .
   1251 And
    672 :
    651 his
    646 he
    611 to
    606 ;
    590 unto
    588 in
    510 that
    484 I
    477 said
    402 him
    339 a
    325 my
    317 was
    297 it
    295 for
    291 me
    289 with
    272 thou
    268 thy
    267 thee
    266 is
    264 '
    254 be
    253 shall
    251 s
    249 they
    245 all
    238 them
    233 God
    227 not
    201 father
    198 which
    195 will
    187 land
    181 Jacob
    176 came
    175 her
    170 LORD
    163 were
    161 she
    160 son
    157 Joseph
    156 from
    150 their
    148 ?
    146 sons
    140 upon
    139 had
    134 Abraham
    132 have
    123 this
    122 up
    120 earth
    119 are
    118 man
    117 there
    113 years
    112 when
    112 as
    110 went
    107 after
    106 out
    104 wife
    101 name
     98 called
     94 us
     94 Pharaoh
     93 brother
     91 before
     90 we
     88 hand
     88 every
     87 ye
     86 into
     86 house
     84 also
     82 you
     81 your
     81 took
     81 these
     81 pass
     80 hath
     80 by
     80 brethren
     80 Isaac
     79 saying
     77 Egypt
     76 an
     76 Esau
     74 made
     74 day
     73 shalt
     71 one
     68 come
     67 begat
     66 men
     66 but
     65 behold
     64 let
     64 go
     63 days
     63 daughters
     63 children
     62 our
     61 hundred
     60 down
     60 brought
     59 give
     59 Abram
     58 seed
     58 did
     57 saw
     57 on
     57 now
     56 bare
     54 seven
     54 because
     54 Laban
     53 hast
     53 cattle
     53 at
     53 Behold
     52 two
     51 The
     49 well
     49 over
     49 face
     49 eat
     49 daughter
     48 so
     48 pray
     48 gave
     47 take
     47 place
     46 old
     46 field
     46 Canaan
     45 make
     45 good
     45 do
     45 blessed
     45 again
     44 sent
     44 Rachel
     43 servant
     43 may
     43 forth
     43 am
     42 Israel
     41 thing
     41 lord
     41 city
     41 Noah
     40 servants
     40 put
     40 bring
     39 spake
     39 eyes
     39 away
     38 lived
     38 found
     38 Then
     37 Sarah
     37 But
     36 way
     36 people
     36 done
     35 yet
     35 therefore
     35 if
     35 great
     34 told
     33 born
     33 Leah
     32 waters
     32 then
     32 money
     32 life
     32 king
     32 died
     32 art
     32 according
     31 set
     31 Now
     30 three
     30 master
     30 heard
     30 Rebekah
     30 Lot
     29 water
     29 heaven
     29 dream
     29 both
     29 Let
     29 For
     28 night
     28 mother
     28 flesh
     28 even
     28 Judah
     27 duke
     27 die
     27 What
     26 no
     26 left
     26 dwelt
     26 covenant
     26 ark
     25 whom
     25 time
     25 see
     25 dwell
     25 bread
     25 between
     24 sister
     24 near
     24 ground
     24 flocks
     24 famine
     24 Abimelech
     23 wives
     23 voice
     23 say
     23 camels
     23 any
     23 against
     22 tree
     22 thine
     22 tent
     22 taken
     22 same
     22 or
     22 know
     22 himself
     22 five
     22 conceived
     22 This
     21 should
     21 rose
     21 off
     21 more
     21 given
     21 food
     21 drink
     21 bless
     21 These
     21 Sodom
     21 So
     20 woman
     20 where
     20 morning
     20 little
     20 beast
     20 among
     19 what
     19 toward
     19 thence
     19 nations
     19 hands
     18 words
     18 who
     18 very
     18 together
     18 ten
     18 returned
     18 multiply
     18 lad
     18 generations
     18 evil
     18 commanded
     18 My
     18 If
     18 Adam
     17 until
     17 under
     17 thirty
     17 tell
     17 stood
     17 sight
     17 sheep
     17 other
     17 knew
     17 kind
     17 head
     17 firstborn
     17 first
     17 corn
     17 child
     17 answered
     17 another
     17 We
     17 Shechem
     17 Sarai
     17 Ishmael
     17 Benjamin
     16 whose
     16 things
     16 themselves
     16 living
     16 lifted
     16 fowl
     16 country
     16 bowed
     16 Nahor
     16 Cain
     15 than
     15 surely
     15 river
     15 mine
     15 looked
     15 gathered
     15 forty
     15 destroy
     15 circumcised
     15 bury
     15 asses
     14 younger
     14 wept
     14 thereof
     14 speak
     14 second
     14 mouth
     14 lest
     14 garden
     14 fruitful
     14 flock
     14 east
     14 ears
     14 dreamed
     14 chief
     14 Shem
     14 Go
     13 wilt
     13 soul
     13 only
     13 laid
     13 keep
     13 buried
     13 blessing
     13 bear
     13 altar
     13 Reuben
     13 Heth
     13 Haran
     13 Egyptians
     12 young
     12 wine
     12 stone
     12 send
     12 possession
     12 plain
     12 pillar
     12 opened
     12 nine
     12 neither
     12 month
     12 meet
     12 maid
     12 live
     12 lay
     12 kine
     12 here
     12 four
     12 flood
     12 find
     12 fell
     12 door
     12 departed
     12 dead
     12 buy
     12 bought
     12 became
     12 alive
     12 Wherefore
     12 Thus
     12 Thou
     12 Therefore
     12 In
     12 Hagar
     12 Ephron
     12 Bethel
     11 youngest
     11 twenty
     11 such
     11 slay
     11 silver
     11 seen
     11 sake
     11 sack
     11 mount
     11 might
     11 meat
     11 male
     11 lo
     11 light
     11 herds
     11 heart
     11 grace
     11 fled
     11 fear
     11 favoured
     11 dukes
     11 digged
     11 created
     11 could
     11 cave
     11 cannot
     11 bow
     11 blood
     11 been
     11 above
     11 about
     11 Thy
     11 That
     11 Manasseh
     11 Is
     11 Hamor
     11 Ephraim
     11 Edom
     11 Beersheba
     11 Because
     10 whole
     10 third
     10 therein
     10 sore
     10 sold
     10 righteous
     10 right
     10 reigned
     10 prison
     10 presence
     10 offering
     10 names
     10 law
     10 kindred
     10 goats
     10 fathers
     10 evening
     10 eight
     10 divided
     10 cup
     10 betwixt
     10 appeared
     10 angel
     10 age
     10 Simeon
     10 Padanaram
     10 Mamre
     10 Lamech
     10 Ham
     10 Goshen
      9 year
      9 without
      9 within
      9 sware
      9 stead
      9 spoken
      9 speckled
      9 souls
      9 served
      9 serve
      9 sat
      9 sacks
      9 ran
      9 present
      9 pitcher
      9 neck
      9 nation
      9 manner
      9 loved
      9 look
      9 gate
      9 fruit
      9 firmament
      9 fifty
      9 families
      9 end
      9 eaten
      9 damsel
      9 creeping
      9 cities
      9 carry
      9 captain
      9 bound
      9 become
      9 asked
      9 afraid
      9 Ye
      9 Terah
      9 Seir
      9 Peradventure
      9 O
      9 Japheth
      9 It
      9 Gomorrah
      9 Enoch
      9 Bilhah
      9 Bethuel
      9 Anah
      8 whether
      8 wherein
      8 venison
      8 those
      8 thither
      8 thigh
      8 stolen
      8 sea
      8 prevailed
      8 peace
      8 passed
      8 own
      8 none
      8 much
      8 lift
      8 kissed
      8 kings
      8 journeyed
      8 indeed
      8 husband
      8 how
      8 goods
      8 gold
      8 garment
      8 full
      8 female
      8 exceedingly
      8 everlasting
      8 dust
      8 death
      8 creepeth
      8 creature
      8 coat
      8 call
      8 butler
      8 burnt
      8 being
      8 arose
      8 arise
      8 air
      8 When
      8 Unto
      8 She
      8 Hittite
      8 Give
      8 Gerar
      8 Dinah
      8 Come
      8 Bring
      8 Adah
      8 Abel
      7 would
      7 word
      7 womb
      7 wilderness
      7 wherefore
      7 twelve
      7 till
      7 thus
      7 substance
      7 stranger
      7 spies
      7 slew
      7 six
      7 sin
      7 shewed
      7 seeing
      7 ringstraked
      7 raiment
      7 pitched
      7 pit
      7 pieces
      7 peradventure
      7 ones
      7 nor
      7 multitude
      7 mighty
      7 many
      7 ill
      7 herb
      7 hearkened
      7 hear
      7 heap
      7 hated
      7 handmaid
      7 grew
      7 grave
      7 gone
      7 get
      7 feet
      7 except
      7 early
      7 each
      7 didst
      7 cried
      7 clean
      7 cast
      7 can
      7 builded
      7 abroad
      7 Zoar
      7 Zilpah
      7 Seth
      7 Philistines
      7 Milcah
      7 Eliphaz
      7 Egyptian
      7 Eber
      7 Canaanites
      7 Aholibamah
      6 wroth
      6 wood
      6 witness
      6 turned
      6 sword
      6 swear
      6 sun
      6 spotted
      6 south
      6 sorrow
      6 some
      6 sixty
      6 serpent
      6 savoury
      6 saidst
      6 rods
      6 return
      6 removed
      6 portion
      6 oath
      6 ninety
      6 must
      6 mourning
      6 midst
      6 lie
      6 leave
      6 lands
      6 judge
      6 journey
      6 high
      6 herdmen
      6 harlot
      6 guard
      6 grievous
      6 gotten
      6 feed
      6 fed
      6 establish
      6 drove
      6 drew
      6 draw
      6 deep
      6 deal
      6 covered
      6 concerning
      6 company
      6 cometh
      6 buryingplace
      6 birthright
      6 behind
      6 began
      6 beasts
      6 baker
      6 ass
      6 Zibeon
      6 Who
      6 They
      6 Take
      6 Shall
      6 Salah
      6 Of
      6 Nay
      6 Machpelah
      6 Levi
      6 Here
      6 He
      6 Enos
      6 Eden
      6 Dan
      6 Bashemath
      6 Arphaxad
      6 Almighty
      5 yielding
      5 women
      5 wicked
      5 why
      5 whither
      5 white
      5 while
      5 whatsoever
      5 watered
      5 ward
      5 wages
      5 true
      5 times
      5 through
      5 threescore
      5 thin
      5 tents
      5 talked
      5 surety
      5 stars
      5 sojourned
      5 smote
      5 sleep
      5 shoulder
      5 shew
      5 seventy
      5 saith
      5 rule
      5 round
      5 require
      5 oxen
      5 nakedness
      5 mountain
      5 menservants
      5 mayest
      5 mandrakes
      5 maidservants
      5 known
      5 kindness
      5 kill
      5 keeper
      5 interpretation
      5 image
      5 household
      5 hither
      5 hearken
      5 greatly
      5 greater
      5 goest
      5 gods
      5 fulfilled
      5 fowls
      5 foreskin
      5 filled
      5 fifth
      5 few
      5 fetch
      5 feast
      5 fat
      5 fair
      5 escape
      5 entered
      5 enough
      5 dove
      5 divide
      5 devoured
      5 destroyed
      5 delivered
      5 darkness
      5 cursed
      5 communed
      5 certainly
      5 bracelets
      5 blessings
      5 beheld
      5 beginning
      5 bearing
      5 back
      5 anger
      5 Where
      5 There
      5 Tamar
      5 Syrian
      5 Surely
      5 Shelah
      5 See
      5 Reuel
      5 Peleg
      5 Onan
      5 Oh
      5 Methuselah
      5 Mahalaleel
      5 Jordan
      5 Jared
      5 Hebron
      5 Er
      5 Duke
      5 Chedorlaomer
      5 Cainan
      5 Arise
      5 All
      4 yourselves
      4 work
      4 withheld
      4 wise
      4 wind
      4 whence
      4 wast
      4 walk
      4 wagons
      4 vine
      4 vale
      4 turn
      4 truly
      4 trade
      4 token
      4 thyself
      4 thought
      4 tarry
      4 steward
      4 spread
      4 shouldest
      4 seventh
      4 searched
      4 save
      4 room
      4 restored
      4 restore
      4 rest
      4 rent
      4 remembered
      4 remember
      4 ready
      4 rams
      4 rain
      4 pursued
      4 provender
      4 prosper
      4 priest
      4 preserve
      4 power
      4 plenty
      4 pleased
      4 ought
      4 offered
      4 number
      4 nothing
      4 needs
      4 naked
      4 mountains
      4 most
      4 mercy
      4 laugh
      4 language
      4 lambs
      4 kindly
      4 kid
      4 kept
      4 interpret
      4 increased
      4 hurt
      4 host
      4 hollow
      4 hire
      4 hid
      4 herself
      4 heir
      4 grieved
      4 goeth
      4 ghost
      4 garments
      4 follow
      4 flee
      4 fall
      4 faces
      4 ever
      4 eldest
      4 elder
      4 dwelled
      4 dry
      4 dreams
      4 drank
      4 dominion
      4 deliver
      4 defiled
      4 curse
      4 cubits
      4 cry
      4 countries
      4 countenance
      4 comforted
      4 comfort
      4 cloud
      4 clothes
      4 clear
      4 charged
      4 certain
      4 caused
      4 carried
      4 built
      4 brown
      4 breath
      4 bondwoman
      4 befall
      4 bed
      4 awoke
      4 appointed
      4 angels
      4 alone
      4 afterward
      4 affliction
      4 abundantly
      4 abide
      4 Zebulun
      4 With
      4 Shinar
      4 Serug
      4 Send
      4 Reu
      4 On
      4 Naphtali
      4 Lotan
      4 Korah
      4 Issachar
      4 Ishmeelites
      4 How
      4 Hebrew
      4 Havilah
      4 Hast
      4 Gilead
      4 Gad
      4 Ephrath
      4 Dishon
      4 By
      4 Bela
      4 Asher
      3 youth
      3 yesternight
      3 wrestled
      3 wouldest
      3 worshipped
      3 womenservants
      3 window
      3 weight
      3 waxed
      3 washed
      3 wash
      3 walked
      3 valley
      3 vail
      3 truth
      3 troubled
      3 trespass
      3 trees
      3 tower
      3 touched
      3 top
      3 throughout
      3 thread
      3 though
      3 theirs
      3 tenth
      3 tender
      3 tarried
      3 suffered
      3 stuff
      3 strove
      3 stronger
      3 strength
      3 strange
      3 stopped
      3 stones
      3 stayed
      3 staff
      3 spirit
      3 speech
      3 sort
      3 soon
      3 sojourn
      3 smite
      3 smell
      3 since
      3 shut
      3 shot
      3 shekels
      3 sevenfold
      3 separated
      3 separate
      3 selfsame
      3 seest
      3 sand
      3 ruler
      3 restrained
      3 rested
      3 refused
      3 red
      3 receive
      3 ram
      3 princes
      3 prince
      3 priests
      3 pressed
      3 poured
      3 pottage
      3 pledge
      3 pleasant
      3 planted
      3 part
      3 overtook
      3 ours
      3 officers
      3 obeyed
      3 obey
      3 obeisance
      3 numbered
      3 named
      3 moveth
      3 mourned
      3 moreover
      3 mistress
      3 mischief
      3 love
      3 loins
      3 lives
      3 lion
      3 likeness
      3 lights
      3 leanfleshed
      3 laughed
      3 labour
      3 knowest
      3 knees
      3 joined
      3 interpreted
      3 instead
      3 iniquity
      3 inherit
      3 inhabitants
      3 images
      3 hunter
      3 households
      3 home
      3 hold
      3 hence
      3 help
      3 held
      3 heavens
      3 hate
      3 hasted
      3 haste
      3 harvest
      3 hard
      3 hairy
      3 hairs
      3 green
      3 gray
      3 grapes
      3 got
      3 goodly
      3 going
      3 generation
      3 gather
      3 fourth
      3 formed
      3 fire
      3 favour
      3 far
      3 exceeding
      3 ewe
      3 envied
      3 enemies
      3 ended
      3 empty
      3 embraced
      3 embalmed
      3 eighty
      3 eastward
      3 earring
      3 dwelling
      3 dried
      3 doth
      3 doest
      3 despised
      3 dealt
      3 counted
      3 continually
      3 consumed
      3 consent
      3 concubine
      3 conceive
      3 command
      3 comest
      3 colours
      3 changed
      3 camest
      3 broken
      3 branches
      3 bowels
      3 bottle
      3 blasted
      3 birds
      3 beyond
      3 best
      3 bereaved
      3 barren
      3 bad
      3 backward
      3 audience
      3 answer
      3 angry
      3 able
      3 abated
      3 Zohar
      3 Zillah
      3 Zerah
      3 Yet
      3 Wilt
      3 Why
      3 Whose
      3 Ur
      3 Timnath
      3 Teman
      3 Siddim
      3 Shur
      3 Shuah
      3 Shobal
      3 Sheba
      3 Return
      3 Rehoboth
      3 Potipherah
      3 Phichol
      3 Pharez
      3 Nebajoth
      3 Midian
      3 Luz
      3 Lest
      3 Kenaz
      3 Kadesh
      3 Joktan
      3 Jobab
      3 Jeush
      3 Jaalam
      3 Horites
      3 Hivite
      3 Hear
      3 Gather
      3 Fear
      3 Ezer
      3 Every
      3 Elon
      3 Elam
      3 Drink
      3 Do
      3 Dishan
      3 Dedan
      3 Cush
      3 Chaldees
      3 Canaanite
      3 Blessed
      3 Be
      3 Asenath
      3 As
      3 Aram
      3 Amorites
      3 Amorite
      3 After
      3 Adullamite
      3 Admah
      2 yield
      2 yea
      2 wrath
      2 wot
      2 worth
      2 windows
      2 willing
      2 widow
      2 wickedness
      2 whomsoever
      2 whereby
      2 west
      2 wells
      2 weep
      2 week
      2 weaned
      2 wall
      2 vow
      2 visit
      2 virgin
      2 violence
      2 vagabond
      2 understand
      2 uncircumcised
      2 unawares
      2 twins
      2 troop
      2 tribes
      2 travailed
      2 touch
      2 torn
      2 tongues
      2 toil
      2 thereon
      2 sure
      2 strong
      2 strive
      2 strife
      2 stricken
      2 stretched
      2 straw
      2 strangers
      2 store
      2 still
      2 steal
      2 stand
      2 stalk
      2 sprung
      2 spoiled
      2 spent
      2 speaking
      2 spare
      2 space
      2 smooth
      2 smoke
      2 smelled
      2 small
      2 slept
      2 slain
      2 skins
      2 sixth
      2 sinew
      2 signet
      2 side
      2 shrank
      2 shepherds
      2 shepherd
      2 sheaves
      2 shear
      2 sheaf
      2 seventeenth
      2 seventeen
      2 sevens
      2 service
      2 seeth
      2 seemed
      2 seek
      2 scattered
      2 scatter
      2 scarlet
      2 salt
      2 ruled
      2 roughly
      2 rolled
      2 rise
      2 righteousness
      2 riches
      2 rich
      2 respect
      2 reproved
      2 reproach
      2 replenish
      2 remained
      2 rebuked
      2 reason
      2 rank
      2 quickly
      2 pulled
      2 provision
      2 provide
      2 proved
      2 prosperous
      2 profit
      2 process
      2 prisoners
      2 prey
      2 presented
      2 prepared
      2 praise
      2 possessor
      2 possessions
      2 possess
      2 plenteous
      2 pleaseth
      2 places
      2 placed
      2 pitch
      2 pillows
      2 pilled
      2 pilgrimage
      2 physicians
      2 persons
      2 perfect
      2 perceived
      2 overthrow
      2 overthrew
      2 overseer
      2 overcome
      2 ourselves
      2 open
      2 oil
      2 officer
      2 offended
      2 occupation
      2 oak
      2 nurse
      2 nourish
      2 nostrils
      2 noon
      2 nights
      2 never
      2 myself
      2 myrrh
      2 moving
      2 moved
      2 mock
      2 mind
      2 milk
      2 midwife
      2 met
      2 messengers
      2 meadow
      2 matter
      2 magicians
      2 lying
      2 loveth
      2 long
      2 lodged
      2 lodge
      2 lingered
      2 like
      2 lighted
      2 lieth
      2 length
      2 led
      2 least
      2 last
      2 lamb
      2 laden
      2 laded
      2 lack
      2 knowledge
      2 knife
      2 kiss
      2 kingdom
      2 kindled
      2 kids
      2 jewels
      2 itself
      2 intreated
      2 interpreter
      2 integrity
      2 inn
      2 inheritance
      2 imagination
      2 hundredth
      2 hills
      2 hide
      2 heel
      2 heed
      2 heat
      2 heads
      2 haven
      2 hastened
      2 harp
      2 hanged
      2 handmaids
      2 hadst
      2 habitations
      2 gutters
      2 grown
      2 grow
      2 grisled
      2 grass
      2 graciously
      2 governor
      2 glory
      2 gathering
      2 furnace
      2 fugitive
      2 friend
      2 fourteen
      2 fourscore
      2 fountains
      2 fountain
      2 forget
      2 foremost
      2 forbid
      2 foot
      2 followed
      2 fish
      2 fine
      2 fill
      2 fifteen
      2 fetched
      2 feel
      2 feared
      2 fatness
      2 fatfleshed
      2 fainted
      2 faint
      2 failed
      2 excellency
      2 ewes
      2 established
      2 enquire
      2 emptied
      2 else
      2 eleven
      2 elders
      2 either
      2 dungeon
      2 drinking
      2 dress
      2 dowry
      2 double
      2 dost
      2 doing
      2 distress
      2 displeased
      2 discreet
      2 dim
      2 dew
      2 desire
      2 depart
      2 dearth
      2 cut
      2 curseth
      2 covering
      2 corrupt
      2 confound
      2 compasseth
      2 committed
      2 coming
      2 closed
      2 clave
      2 chose
      2 choice
      2 chariot
      2 charge
      2 changes
      2 caught
      2 captive
      2 camel
      2 calf
      2 burn
      2 build
      2 bruise
      2 brick
      2 break
      2 breadth
      2 bough
      2 borders
      2 border
      2 bones
      2 bone
      2 bondmen
      2 blame
      2 besides
      2 beside
      2 believed
      2 beguiled
      2 baskets
      2 basket
      2 bands
      2 balm
      2 appear
      2 amongst
      2 afflict
      2 afar
      2 accepted
      2 abomination
      2 abode
      2 Zepho
      2 Zeboiim
      2 Zarah
      2 Yea
      2 Uz
      2 Up
      2 Two
      2 Tubalcain
      2 Timna
      2 Tidal
      2 Swear
      2 Succoth
      2 Spirit
      2 Sidon
      2 Shaveh
      2 Shammah
      2 Say
      2 Saul
      2 Samlah
      2 Rephaims
      2 Raamah
      2 Put
      2 Potiphar
      2 Perizzites
      2 Out
      2 Only
      2 Omar
      2 Nineveh
      2 Nimrod
      2 Nahath
      2 Moreover
      2 Moab
      2 Mizzah
      2 Mizraim
      2 Midianites
      2 Methusael
      2 Mehujael
      2 Make
      2 Lo
      2 Lift
      2 Lie
      2 Lahairoi
      2 Know
      2 Keturah
      2 Jokshan
      2 Javan
      2 Irad
      2 Husham
      2 Hori
      2 His
      2 Hirah
      2 Hezron
      2 Hereby
      2 Hebrews
      2 Have
      2 Haste
      2 Hanoch
      2 Hai
      2 Hadar
      2 Hadad
      2 Gomer
      2 Get
      2 Gatam
      2 Galeed
      2 Except
      2 Even
      2 Eve
      2 Euphrates
      2 Eshcol
      2 Ellasar
      2 Edomites
      2 Dothan
      2 Damascus
      2 Cursed
      2 Calah
      2 Bethlehem
      2 Beriah
      2 Babel
      2 Baalhanan
      2 Atad
      2 Assyria
      2 Asshur
      2 Arioch
      2 Aner
      2 Amraphel
      2 Amalek
      2 Am
      2 Also
      2 Achbor
      2 A
      2 (for
      1 yours
      1 yonder
      1 yoke
      1 yielded
      1 yearn
      1 wrought
      1 wrong
      1 wrestlings
      1 wrapped
      1 wounding
      1 wotteth
      1 worthy
      1 worship
      1 worse
      1 wondering
      1 wombs
      1 wolf
      1 wittingly
      1 withhold
      1 withered
      1 wit
      1 winter
      1 winged
      1 wild
      1 widowhood
      1 wickedly
      1 whosoever
      1 whoredom
      1 wherewith
      1 whereon
      1 whereof
      1 whensoever
      1 whelp
      1 wheat
      1 whales
      1 westward
      1 wentest
      1 welfare
      1 weighed
      1 weary
      1 wearied
      1 weapons
      1 wealth
      1 ways
      1 waxen
      1 watering
      1 watch
      1 war
      1 wandering
      1 wandered
      1 wander
      1 walking
      1 walketh
      1 waited
      1 vowedst
      1 vowed
      1 void
      1 visited
      1 visions
      1 vision
      1 violently
      1 vineyard
      1 victuals
      1 vestures
      1 vessels
      1 verily
      1 verified
      1 vengeance
      1 utmost
      1 urged
      1 upward
      1 upright
      1 uppermost
      1 unleavened
      1 united
      1 ungirded
      1 understood
      1 uncovered
      1 twice
      1 twentieth
      1 turtledove
      1 troughs
      1 trough
      1 tribute
      1 trembled
      1 treasure
      1 travail
      1 trained
      1 traffick
      1 towns
      1 touching
      1 toucheth
      1 tops
      1 too
      1 tongue
      1 tithes
      1 tillest
      1 tiller
      1 tidings
      1 throne
      1 threshingfloor
      1 thousands
      1 thousand
      1 thoughts
      1 thoroughly
      1 thistles
      1 thirteenth
      1 thirteen
      1 think
      1 thicket
      1 thereby
      1 thee!
      1 terror
      1 tenor
      1 tempt
      1 teeth
      1 talking
      1 tabret
      1 sworn
      1 sweet
      1 sweat
      1 sustained
      1 supplanted
      1 summer
      1 suck
      1 subtilty
      1 subtil
      1 submit
      1 subdue
      1 struggled
      1 stript
      1 strengthened
      1 street
      1 strakes
      1 straitly
      1 stories
      1 storehouses
      1 stooped
      1 stole
      1 stink
      1 stay
      1 statutes
      1 state
      1 standest
      1 springing
      1 sporting
      1 spoil
      1 spilled
      1 spices
      1 spicery
      1 speedily
      1 speed
      1 speaketh
      1 sowed
      1 sow
      1 southward
      1 sought
      1 sorely
      1 songs
      1 solemnly
      1 sole
      1 sojourner
      1 softly
      1 sod
      1 smoking
      1 slimepits
      1 slime
      1 slayeth
      1 slaughter
      1 sixteen
      1 sit
      1 sir
      1 sinning
      1 sinners
      1 signs
      1 sick
      1 shrubs
      1 shoulders
      1 shortly
      1 shore
      1 shoelatchet
      1 ships
      1 shield
      1 sheweth
      1 shekel
      1 sheepshearers
      1 sheddeth
      1 shed
      1 shaved
      1 shamed
      1 shadow
      1 sewed
      1 sepulchres
      1 sepulchre
      1 sell
      1 selfwill
      1 seem
      1 seekest
      1 seedtime
      1 secretly
      1 secret
      1 seasons
      1 season
      1 seas
      1 sceptre
      1 scarce
      1 sawest
      1 savour
      1 saving
      1 saved
      1 sanctified
      1 salvation
      1 sakes
      1 sadly
      1 saddled
      1 sad
      1 sacrifices
      1 sacrifice
      1 sackcloth
      1 run
      1 rulers
      1 royal
      1 rouse
      1 rooms
      1 roof
      1 roll
      1 rode
      1 risen
      1 ripe
      1 ring
      1 rightly
      1 rider
      1 ride
      1 rid
      1 ribs
      1 rib
      1 rewarded
      1 reward
      1 revived
      1 reserved
      1 requite
      1 required
      1 report
      1 repenteth
      1 repented
      1 renown
      1 removing
      1 remove
      1 remaineth
      1 reign
      1 regard
      1 refrained
      1 refrain
      1 redeemed
      1 received
      1 rebelled
      1 reached
      1 reach
      1 ravin
      1 raven
      1 raise
      1 rained
      1 quiver
      1 quite
      1 quarter
      1 putting
      1 pursue
      1 purposing
      1 purchased
      1 purchase
      1 punishment
      1 protest
      1 prospered
      1 prophet
      1 progenitors
      1 proceedeth
      1 prevail
      1 preserved
      1 precious
      1 prayed
      1 poverty
      1 posterity
      1 poplar
      1 poor
      1 point
      1 pluckt
      1 plenteousness
      1 pleasure
      1 played
      1 plant
      1 plains
      1 plagues
      1 plagued
      1 place!
      1 pigeon
      1 piece
      1 person
      1 perpetual
      1 perish
      1 perform
      1 peaceably
      1 peaceable
      1 path
      1 pasture
      1 past
      1 parts
      1 parted
      1 parcel
      1 overtake
      1 overspread
      1 oversight
      1 overdrive
      1 organ
      1 order
      1 openly
      1 onyx
      1 once
      1 olive
      1 office
      1 offerings
      1 offer
      1 occasion
      1 obtain
      1 observed
      1 nuts
      1 numbering
      1 nourished
      1 nought
      1 northward
      1 north
      1 nineteen
      1 nigh
      1 next
      1 needeth
      1 nativity
      1 multiplying
      1 multiplied
      1 mules
      1 mouths
      1 mourn
      1 morter
      1 morsel
      1 morrow
      1 moon
      1 months
      1 mocking
      1 mocked
      1 mist
      1 mirth
      1 millions
      1 milch
      1 mightier
      1 messes
      1 messenger
      1 mess
      1 merry
      1 merciful
      1 mercies
      1 merchantmen
      1 merchant
      1 mention
      1 meeteth
      1 meditate
      1 measures
      1 meant
      1 meanest
      1 mean
      1 meal
      1 marvelled
      1 marry
      1 married
      1 marriages
      1 mark
      1 males
      1 maiden
      1 magnified
      1 lower
      1 lovest
      1 loud
      1 loss
      1 lords
      1 loose
      1 longeth
      1 longedst
      1 liveth
      1 linen
      1 lightly
      1 liest
      1 lien
      1 lesser
      1 lentiles
      1 leaves
      1 learned
      1 leaped
      1 leap
      1 lean
      1 leaf
      1 lead
      1 laws
      1 lawgiver
      1 large
      1 lamp
      1 lamentation
      1 lads
      1 lade
      1 ladder
      1 knowing
      1 knoweth
      1 kneel
      1 knee
      1 knead
      1 kinds
      1 killed
      1 justice
      1 just
      1 judgment
      1 judged
      1 journeys
      1 joint
      1 issue
      1 isles
      1 iron
      1 intreat
      1 interpretations
      1 instruments
      1 instructer
      1 innocency
      1 inhabited
      1 increase
      1 imagined
      1 husbandman
      1 hunting
      1 hunt
      1 hundredfold
      1 houses
      1 hotly
      1 horses
      1 horsemen
      1 horse
      1 horror
      1 horns
      1 honourable
      1 honour
      1 honey
      1 hired
      1 hindermost
      1 hind
      1 herein
      1 herd
      1 henceforth
      1 height
      1 heifer
      1 heels
      1 hearts
      1 hearth
      1 health
      1 healed
      1 hazel
      1 having
      1 hastily
      1 harm
      1 hardly
      1 hang
      1 handmaidens
      1 handle
      1 handfuls
      1 halted
      1 half
      1 guilty
      1 guiltiness
      1 guiding
      1 grove
      1 grief
      1 gracious
      1 gopher
      1 golden
      1 goat
      1 giving
      1 giveth
      1 gifts
      1 gift
      1 giants
      1 getting
      1 gavest
      1 gat
      1 fury
      1 furniture
      1 fruits
      1 frost
      1 fro
      1 friends
      1 freely
      1 fourteenth
      1 forward
      1 former
      1 form
      1 forgotten
      1 forgive
      1 forgat
      1 ford
      1 force
      1 foolishly
      1 folly
      1 following
      1 folk
      1 foals
      1 foal
      1 fly
      1 floor
      1 fleddest
      1 flaming
      1 fishes
      1 firstlings
      1 finished
      1 finish
      1 finding
      1 findeth
      1 findest
      1 fig
      1 fierce
      1 fetcht
      1 felt
      1 fellow
      1 feeding
      1 feebler
      1 feeble
      1 fearest
      1 faults
      1 fast
      1 fashion
      1 famished
      1 fame
      1 falsely
      1 fallen
      1 faileth
      1 fail
      1 eyed
      1 experience
      1 exchange
      1 excel
      1 eventide
      1 espied
      1 escaped
      1 errand
      1 erected
      1 entreated
      1 enter
      1 enmity
      1 enlarge
      1 endure
      1 endued
      1 embalm
      1 eighteen
      1 edge
      1 eatest
      1 earrings
      1 earing
      1 drunken
      1 droves
      1 drought
      1 driven
      1 drinketh
      1 dressed
      1 dreamer
      1 dreadful
      1 dread
      1 doubt
      1 doubled
      1 doeth
      1 doer
      1 divineth
      1 divine
      1 distressed
      1 displease
      1 discerned
      1 discern
      1 direct
      1 dipped
      1 dine
      1 dignity
      1 died)
      1 devour
      1 destitute
      1 desolate
      1 desired
      1 descending
      1 deprived
      1 departing
      1 denied
      1 deliverance
      1 delight
      1 defiledst
      1 deferred
      1 deeds
      1 deed
      1 decreased
      1 declare
      1 deceiver
      1 deceived
      1 deceitfully
      1 dark
      1 damsels
      1 dale
      1 dainties
      1 custom
      1 current
      1 cunning
      1 cubit
      1 cruelty
      1 cruel
      1 crown
      1 crieth
      1 couching
      1 couched
      1 couch
      1 corrupted
      1 cool
      1 continued
      1 content
      1 consume
      1 conspired
      1 confederate
      1 concubines
      1 conception
      1 conceal
      1 compassed
      1 communing
      1 commune
      1 commended
      1 commandments
      1 commandment
      1 commanding
      1 colts
      1 colt
      1 cold
      1 coffin
      1 coats
      1 clusters
      1 clothed
      1 cleave
      1 circumcise
      1 chode
      1 childless
      1 chestnut
      1 chariots
      1 change
      1 chamber
      1 chain
      1 ceased
      1 cease
      1 cause
      1 castles
      1 carcases
      1 captives
      1 canst
      1 cakes
      1 butter
      1 butlership
      1 butlers
      1 business
      1 burning
      1 burdens
      1 bundles
      1 bundle
      1 bulls
      1 budded
      1 brook
      1 brink
      1 brimstone
      1 breed
      1 breathed
      1 breasts
      1 breaking
      1 breaketh
      1 breach
      1 brass
      1 boys
      1 bowing
      1 bosom
      1 booths
      1 book
      1 bondman
      1 boldly
      1 bodies
      1 blossoms
      1 blindness
      1 blesseth
      1 blameless
      1 bitter
      1 biteth
      1 birthday
      1 bird
      1 binding
      1 better
      1 betimes
      1 besought
      1 beneath
      1 belong
      1 belly
      1 begotten
      1 begin
      1 begettest
      1 beget
      1 befell
      1 beautiful
      1 bdellium
      1 battle
      1 bank
      1 bakers
      1 bakemeats
      1 bake
      1 badness
      1 badest
      1 bade
      1 awaked
      1 avenged
      1 attained
      1 asswaged
      1 assigned
      1 assembly
      1 asketh
      1 ask
      1 ashes
      1 ashamed
      1 ascending
      1 artificer
      1 arrayed
      1 army
      1 arms
      1 armed
      1 archers
      1 archer
      1 aprons
      1 appoint
      1 appease
      1 anything
      1 anointedst
      1 anguish
      1 always
      1 altogether
      1 aloud
      1 almonds
      1 aileth
      1 afterwards
      1 adder
      1 add
      1 activity
      1 acknowledged
      1 accept
      1 absent
      1 Zuzims
      1 Ziphion
      1 Zimran
      1 Zidon
      1 Zemarite
      1 Zeboim
      1 Zaphnathpaaneah
      1 Zaavan
      1 Woman
      1 Whoso
      1 While
      1 Which
      1 Whereas
      1 Whence
      1 Uzal
      1 Upon
      1 Until
      1 Unstable
      1 Twelve
      1 Tubal
      1 Tola
      1 Togarmah
      1 To
      1 Tiras
      1 Timnah
      1 Thorns
      1 Thirty
      1 Thahash
      1 Temani
      1 Tema
      1 Tell
      1 Tebah
      1 Tarshish
      1 Stand
      1 Speak
      1 Spake
      1 Some
      1 Sojourn
      1 Slay
      1 Sitnah
      1 Sinite
      1 Sichem
      1 Shuni
      1 Should
      1 Shinab
      1 Shimron
      1 Shiloh
      1 Shillem
      1 Shepho
      1 Shemeber
      1 Sheleph
      1 Shed
      1 Shebah
      1 Shaul
      1 Shalt
      1 Shalem
      1 Set
      1 Sered
      1 Serah
      1 Sephar
      1 Sell
      1 Seeing
      1 Seba
      1 Seas
      1 Save
      1 Salem
      1 Said
      1 Sabtechah
      1 Sabtah
      1 Rosh
      1 Riphath
      1 Reumah
      1 Resen
      1 Remain
      1 Rameses
      1 Pison
      1 Pinon
      1 Pildash
      1 Phuvah
      1 Phut
      1 Philistim
      1 Phallu
      1 Perizzite
      1 Penuel
      1 Peniel
      1 Peace
      1 Pau
      1 Pathrusim
      1 Pass
      1 Paran
      1 Padan
      1 Our
      1 Ophir
      1 Onam
      1 Ohad
      1 Obal
      1 Not
      1 Nod
      1 Night
      1 Neither
      1 Naphtuhim
      1 Naphish
      1 Naaman
      1 Naamah
      1 Muppim
      1 Moriah
      1 Moreh
      1 Moabites
      1 Mizpah
      1 Mishma
      1 Mibzar
      1 Mibsam
      1 Mezahab
      1 Mesopotamia
      1 Meshech
      1 Mesha
      1 Merari
      1 Melchizedek
      1 Mehetabel
      1 Medan
      1 Me
      1 Matred
      1 Massa
      1 Masrekah
      1 Mash
      1 Manahath
      1 Man
      1 Male
      1 Malchiel
      1 Mahanaim
      1 Mahalath
      1 Magog
      1 Magdiel
      1 Madai
      1 Machir
      1 Maachah
      1 Ludim
      1 Lud
      1 Look
      1 Leummim
      1 Letushim
      1 Lehabim
      1 Lay
      1 Lasha
      1 Kohath
      1 Kittim
      1 Kirjatharba
      1 Kiriathaim
      1 Kenizzites
      1 Kenites
      1 Kemuel
      1 Kedemah
      1 Kedar
      1 Karnaim
      1 Kadmonites
      1 Judith
      1 Judge
      1 Jubal
      1 Job
      1 Jimnah
      1 Jidlaph
      1 Jezer
      1 Jetur
      1 Jetheth
      1 Jerah
      1 Jemuel
      1 Jehovahjireh
      1 Jegarsahadutha
      1 Jebusites
      1 Jebusite
      1 Jamin
      1 Jahzeel
      1 Jahleel
      1 Jachin
      1 Jabbok
      1 Jabal
      1 Ithran
      1 Isui
      1 Ishuah
      1 Ishbak
      1 Iscah
      1 Iram
      1 Huz
      1 Hushim
      1 Huppim
      1 Hul
      1 Horite
      1 Hobah
      1 Hittites
      1 Hinder
      1 Hiddekel
      1 Hemdan
      1 Hemam
      1 Heber
      1 Heaven
      1 Hazo
      1 Hazezontamar
      1 Hazarmaveth
      1 Happy
      1 Hamul
      1 Hamathite
      1 Haggi
      1 Hadoram
      1 Guni
      1 Girgasite
      1 Girgashites
      1 Gihon
      1 Gether
      1 Gershon
      1 Gera
      1 Gentiles
      1 Gaza
      1 Gaham
      1 Fulfil
      1 From
      1 Forgive
      1 Forasmuch
      1 Fill
      1 Fifteen
      1 Feed
      1 Ezbon
      1 Ethiopia
      1 Eshban
      1 Esek
      1 Escape
      1 Eri
      1 Erech
      1 Epher
      1 Ephah
      1 Enmishpat
      1 Emims
      1 Elparan
      1 Elishah
      1 Eliezer
      1 EleloheIsrael
      1 Eldaah
      1 Elbethel
      1 Elah
      1 Ehi
      1 Edar
      1 Ebal
      1 Earth
      1 Dumah
      1 Dodanim
      1 Discern
      1 Dinhabah
      1 Diklah
      1 Deliver
      1 Deborah
      1 Day
      1 Chezib
      1 Chesed
      1 Cherubims
      1 Cheran
      1 Cause
      1 Cast
      1 Casluhim
      1 Carmi
      1 Caphtorim
      1 Canaanitish
      1 Can
      1 Calneh
      1 Buz
      1 Bozrah
      1 Bow
      1 Both
      1 Bless
      1 Birsha
      1 Binding
      1 Bilhan
      1 Beware
      1 Bered
      1 Bera
      1 Beor
      1 Benoni
      1 Benammi
      1 Belah
      1 Beerlahairoi
      1 Beeri
      1 Bedad
      1 Becher
      1 Avith
      1 At
      1 Asshurim
      1 Ask
      1 Ashteroth
      1 Ashkenaz
      1 Ashbel
      1 Arvadite
      1 Art
      1 Arodi
      1 Arkite
      1 Areli
      1 Are
      1 Ard
      1 Arbah
      1 Ararat
      1 Aran
      1 Appoint
      1 Angel
      1 Anamim
      1 Ammon
      1 Amalekites
      1 Alvan
      1 Alvah
      1 Almodad
      1 Allonbachuth
      1 Akan
      1 Ajah
      1 Ahuzzath
      1 Adbeel
      1 Accad
      1 Abimael
      1 Abide
      1 Abidah
      1 Abelmizraim
      1 ?)
      1 ;)
      1 :)
      1 .)
      1 ,)
      1 (the
      1 (out
      1 (is
      1 (from
