This is pdfeTeXk, Version 3.141592-1.21a-2.2 (Web2C 7.5.4) (format=latex 2006.3.24)  30 JUN 2006 16:24
entering extended mode
 file:line:error style messages enabled.
 %&-line parsing enabled.
**TMT.tex
(./TMT.tex
LaTeX2e <2003/12/01>
Babel <v3.8d> and hyphenation patterns for american, french, german, ngerman, b
ahasa, basque, bulgarian, catalan, croatian, czech, danish, dutch, esperanto, e
stonian, finnish, greek, icelandic, irish, italian, latin, magyar, norsk, polis
h, portuges, romanian, russian, serbian, slovak, slovene, spanish, swedish, tur
kish, ukrainian, nohyphenation, loaded.
(/usr/share/texmf/tex/latex/base/article.cls
Document Class: article 2004/02/16 v1.4f Standard LaTeX document class
(/usr/share/texmf/tex/latex/base/size11.clo
File: size11.clo 2004/02/16 v1.4f Standard LaTeX file (size option)
)
\c@part=\count79
\c@section=\count80
\c@subsection=\count81
\c@subsubsection=\count82
\c@paragraph=\count83
\c@subparagraph=\count84
\c@figure=\count85
\c@table=\count86
\abovecaptionskip=\skip41
\belowcaptionskip=\skip42
\bibindent=\dimen102
) (./dcc.sty
\c@xmpl=\count87
\c@theorem=\count88
\c@definition=\count89
) (./url.sty
Package: url 1996/10/19  ver 1.2  Verb mode for urls, email addresses, and file
 names
)
(/usr/share/texmf/tex/latex/graphics/epsfig.sty
Package: epsfig 1999/02/16 v1.7a (e)psfig emulation (SPQR)

(/usr/share/texmf/tex/latex/graphics/graphicx.sty
Package: graphicx 1999/02/16 v1.0f Enhanced LaTeX Graphics (DPC,SPQR)

(/usr/share/texmf/tex/latex/graphics/keyval.sty
Package: keyval 1999/03/16 v1.13 key=value parser (DPC)
\KV@toks@=\toks14
)
(/usr/share/texmf/tex/latex/graphics/graphics.sty
Package: graphics 2001/07/07 v1.0n Standard LaTeX Graphics (DPC,SPQR)

(/usr/share/texmf/tex/latex/graphics/trig.sty
Package: trig 1999/03/16 v1.09 sin cos tan (DPC)
)
(/usr/share/texmf/tex/latex/graphics/graphics.cfg
File: graphics.cfg 2005/02/03 v1.3 graphics configuration of teTeX/TeXLive
)
Package graphics Info: Driver file: dvips.def on input line 80.

(/usr/share/texmf/tex/latex/graphics/dvips.def
File: dvips.def 1999/02/16 v3.0i Driver-dependant file (DPC,SPQR)
))
\Gin@req@height=\dimen103
\Gin@req@width=\dimen104
)
\epsfxsize=\dimen105
\epsfysize=\dimen106
) (./subfigure.sty
\c@subfigure=\count90
\c@lofdepth=\count91
\c@subtable=\count92
\c@lotdepth=\count93
)
No file TMT.aux.
\openout1 = `TMT.aux'.

LaTeX Font Info:    Checking defaults for OML/cmm/m/it on input line 14.
LaTeX Font Info:    ... okay on input line 14.
LaTeX Font Info:    Checking defaults for T1/cmr/m/n on input line 14.
LaTeX Font Info:    ... okay on input line 14.
LaTeX Font Info:    Checking defaults for OT1/cmr/m/n on input line 14.
LaTeX Font Info:    ... okay on input line 14.
LaTeX Font Info:    Checking defaults for OMS/cmsy/m/n on input line 14.
LaTeX Font Info:    ... okay on input line 14.
LaTeX Font Info:    Checking defaults for OMX/cmex/m/n on input line 14.
LaTeX Font Info:    ... okay on input line 14.
LaTeX Font Info:    Checking defaults for U/cmr/m/n on input line 14.
LaTeX Font Info:    ... okay on input line 14.
LaTeX Font Info:    External font `cmex10' loaded for size
(Font)              <10.95> on input line 28.
LaTeX Font Info:    External font `cmex10' loaded for size
(Font)              <8> on input line 28.
LaTeX Font Info:    External font `cmex10' loaded for size
(Font)              <6> on input line 28.
LaTeX Font Info:    External font `cmex10' loaded for size
(Font)              <5> on input line 28.
LaTeX Font Info:    External font `cmex10' loaded for size
(Font)              <9> on input line 28.
[1

]

LaTeX Warning: Reference `section.whats-new' on page 2 undefined on input line 
132.


LaTeX Warning: Reference `section.extensions' on page 2 undefined on input line
 135.

[2]
LaTeX Font Info:    Try loading font information for OMS+cmr on input line 183.

 (/usr/share/texmf/tex/latex/base/omscmr.fd
File: omscmr.fd 1999/05/25 v2.5h Standard LaTeX font definitions
)
LaTeX Font Info:    Font shape `OMS/cmr/m/n' in size <10.95> not available
(Font)              Font shape `OMS/cmsy/m/n' tried instead on input line 183.
 [3] [4] [5]

LaTeX Warning: Reference `section.concurrent' on page 6 undefined on input line
 375.

[6] [7] [8]
LaTeX Font Info:    Font shape `OMS/cmr/m/it' in size <10.95> not available
(Font)              Font shape `OMS/cmsy/m/n' tried instead on input line 554.


LaTeX Warning: Reference `table.markups' on page 9 undefined on input line 561.


[9] [10] [11] [12] [13] [14] [15] [16] [17] [18] [19]

LaTeX Warning: Reference `section.concurrent' on page 20 undefined on input lin
e 1268.

LaTeX Font Info:    External font `cmex10' loaded for size
(Font)              <7> on input line 1322.
[20] [21] [22] [23] [24] (./TMT.aux)

LaTeX Warning: There were undefined references.


LaTeX Warning: Label(s) may have changed. Rerun to get cross-references right.

 ) 
Here is how much of TeX's memory you used:
 742 strings out of 94501
 8462 string characters out of 1176789
 60809 words of memory out of 1000000
 3950 multiletter control sequences out of 10000+50000
 10443 words of font info for 37 fonts, out of 500000 for 2000
 580 hyphenation exceptions out of 1000
 32i,11n,21p,195b,309s stack positions out of 1500i,500n,5000p,200000b,5000s

Output written on TMT.dvi (24 pages, 92632 bytes).
