Reading from text file s.words
Loading model from file s.model
Reading in words table, types 14111 tokens 130502
Reading in index 14110 words
Writing to output file jjj.out
   0... Leaves 32 Paths 96 Hash 40 Total 168
1000... Leaves 2016 Paths 24096 Hash 1896 Total 28008
2000... Leaves 2016 Paths 48144 Hash 1896 Total 52056
3000... Leaves 2016 Paths 72528 Hash 1896 Total 76440
4000... Leaves 2016 Paths 96096 Hash 1896 Total 100008
5000... Leaves 2016 Paths 120408 Hash 1896 Total 124320
6000... Leaves 2208 Paths 144120 Hash 1896 Total 148224
7000... Leaves 2208 Paths 168264 Hash 1896 Total 172368
8000... Leaves 2208 Paths 192192 Hash 1896 Total 196296
9000... Leaves 2208 Paths 216192 Hash 1896 Total 220296
10000... Leaves 2208 Paths 240096 Hash 1896 Total 244200
11000... Leaves 2208 Paths 264576 Hash 1896 Total 268680
12000... Leaves 2208 Paths 288144 Hash 1896 Total 292248
13000... Leaves 2208 Paths 312096 Hash 1896 Total 316200
14000... Leaves 2208 Paths 336096 Hash 1896 Total 340200
15000... Leaves 2208 Paths 360144 Hash 1896 Total 364248
16000... Leaves 2208 Paths 384168 Hash 1896 Total 388272
17000... Leaves 2208 Paths 408120 Hash 1896 Total 412224
18000... Leaves 2208 Paths 432288 Hash 1960 Total 436456
19000... Leaves 2208 Paths 456096 Hash 1960 Total 460264
20000... Leaves 2816 Paths 480288 Hash 2440 Total 485544
21000... Leaves 2816 Paths 504408 Hash 2440 Total 509664
22000... Leaves 2816 Paths 528120 Hash 2440 Total 533376
23000... Leaves 2816 Paths 552240 Hash 2440 Total 557496
24000... Leaves 2816 Paths 576456 Hash 2440 Total 581712
25000... Leaves 2816 Paths 600168 Hash 2440 Total 605424
26000... Leaves 2816 Paths 624312 Hash 2440 Total 629568
27000... Leaves 2816 Paths 648096 Hash 2440 Total 653352
28000... Leaves 2816 Paths 672624 Hash 2440 Total 677880
29000... Leaves 2816 Paths 696144 Hash 2440 Total 701400
30000... Leaves 2816 Paths 720288 Hash 2440 Total 725544
31000... Leaves 2816 Paths 744144 Hash 2440 Total 749400
32000... Leaves 2816 Paths 768096 Hash 2440 Total 773352
33000... Leaves 2816 Paths 792192 Hash 2440 Total 797448
34000... Leaves 2816 Paths 816240 Hash 2440 Total 821496
35000... Leaves 2816 Paths 840192 Hash 2440 Total 845448
36000... Leaves 2816 Paths 864192 Hash 2440 Total 869448
37000... Leaves 2816 Paths 888216 Hash 2440 Total 893472
38000... Leaves 2816 Paths 912408 Hash 2440 Total 917664
39000... Leaves 2816 Paths 936216 Hash 2440 Total 941472
40000... Leaves 2816 Paths 960288 Hash 2440 Total 965544
41000... Leaves 2816 Paths 984168 Hash 2440 Total 989424
42000... Leaves 2816 Paths 1008648 Hash 2440 Total 1013904
43000... Leaves 2816 Paths 1032336 Hash 2440 Total 1037592
44000... Leaves 2816 Paths 1056480 Hash 2440 Total 1061736
45000... Leaves 2816 Paths 1080096 Hash 2440 Total 1085352
46000... Leaves 2816 Paths 1104648 Hash 2440 Total 1109904
47000... Leaves 2816 Paths 1128264 Hash 2440 Total 1133520
48000... Leaves 2816 Paths 1152144 Hash 2440 Total 1157400
49000... Leaves 2816 Paths 1176336 Hash 2440 Total 1181592
50000... Leaves 2816 Paths 1200192 Hash 2440 Total 1205448
51000... Leaves 2816 Paths 1224312 Hash 2440 Total 1229568
52000... Leaves 2816 Paths 1248240 Hash 2440 Total 1253496
53000... Leaves 2816 Paths 1272288 Hash 2440 Total 1277544
54000... Leaves 2816 Paths 1296336 Hash 2440 Total 1301592
55000... Leaves 2816 Paths 1320192 Hash 2440 Total 1325448
56000... Leaves 2816 Paths 1344192 Hash 2440 Total 1349448
57000... Leaves 2816 Paths 1368192 Hash 2440 Total 1373448
58000... Leaves 2816 Paths 1392096 Hash 2440 Total 1397352
59000... Leaves 2816 Paths 1416144 Hash 2440 Total 1421400
60000... Leaves 2816 Paths 1440192 Hash 2440 Total 1445448
61000... Leaves 2816 Paths 1464432 Hash 2440 Total 1469688
62000... Leaves 2816 Paths 1488240 Hash 2440 Total 1493496
63000... Leaves 2816 Paths 1512288 Hash 2440 Total 1517544
64000... Leaves 2816 Paths 1536168 Hash 2440 Total 1541424
65000... Leaves 2816 Paths 1560144 Hash 2440 Total 1565400
66000... Leaves 2816 Paths 1584216 Hash 2440 Total 1589472
67000... Leaves 2816 Paths 1608144 Hash 2440 Total 1613400
68000... Leaves 2816 Paths 1632192 Hash 2440 Total 1637448
69000... Leaves 2816 Paths 1656144 Hash 2440 Total 1661400
70000... Leaves 2816 Paths 1680096 Hash 2440 Total 1685352
71000... Leaves 2816 Paths 1704096 Hash 2440 Total 1709352
72000... Leaves 2816 Paths 1728336 Hash 2440 Total 1733592
73000... Leaves 2816 Paths 1752216 Hash 2440 Total 1757472
74000... Leaves 2816 Paths 1776216 Hash 2440 Total 1781472
75000... Leaves 2816 Paths 1800168 Hash 2440 Total 1805424
76000... Leaves 2816 Paths 1824120 Hash 2440 Total 1829376
77000... Leaves 2816 Paths 1848120 Hash 2440 Total 1853376
78000... Leaves 2816 Paths 1872192 Hash 2440 Total 1877448
79000... Leaves 2816 Paths 1896120 Hash 2440 Total 1901376
80000... Leaves 2816 Paths 1920288 Hash 2440 Total 1925544
81000... Leaves 2816 Paths 1944144 Hash 2440 Total 1949400
82000... Leaves 2816 Paths 1968144 Hash 2440 Total 1973400
83000... Leaves 2816 Paths 1992096 Hash 2440 Total 1997352
84000... Leaves 2816 Paths 2016192 Hash 2440 Total 2021448
85000... Leaves 2816 Paths 2040144 Hash 2440 Total 2045400
86000... Leaves 2816 Paths 2064144 Hash 2440 Total 2069400
87000... Leaves 2816 Paths 2088192 Hash 2440 Total 2093448
88000... Leaves 2816 Paths 2112120 Hash 2440 Total 2117376
89000... Leaves 2816 Paths 2136120 Hash 2440 Total 2141376
90000... Leaves 2816 Paths 2160480 Hash 2440 Total 2165736
91000... Leaves 2816 Paths 2184576 Hash 2440 Total 2189832
92000... Leaves 2816 Paths 2208192 Hash 2440 Total 2213448
93000... Leaves 2816 Paths 2232144 Hash 2440 Total 2237400
94000... Leaves 2816 Paths 2256192 Hash 2440 Total 2261448
95000... Leaves 2816 Paths 2280192 Hash 2440 Total 2285448
96000... Leaves 2816 Paths 2304240 Hash 2440 Total 2309496
97000... Leaves 2816 Paths 2328192 Hash 2440 Total 2333448
98000... Leaves 2816 Paths 2352120 Hash 2440 Total 2357376
99000... Leaves 2816 Paths 2376144 Hash 2440 Total 2381400
100000... Leaves 2816 Paths 2400144 Hash 2440 Total 2405400
101000... Leaves 2816 Paths 2424144 Hash 2440 Total 2429400
102000... Leaves 2816 Paths 2448408 Hash 2440 Total 2453664
103000... Leaves 2816 Paths 2472192 Hash 2440 Total 2477448
104000... Leaves 2816 Paths 2496816 Hash 2440 Total 2502072
105000... Leaves 2816 Paths 2520144 Hash 2440 Total 2525400
106000... Leaves 2816 Paths 2544144 Hash 2440 Total 2549400
107000... Leaves 2816 Paths 2568096 Hash 2440 Total 2573352
108000... Leaves 2816 Paths 2592096 Hash 2440 Total 2597352
109000... Leaves 2816 Paths 2616312 Hash 2440 Total 2621568
110000... Leaves 2816 Paths 2640552 Hash 2440 Total 2645808
111000... Leaves 2816 Paths 2664360 Hash 2440 Total 2669616
112000... Leaves 2816 Paths 2688240 Hash 2440 Total 2693496
113000... Leaves 2816 Paths 2712192 Hash 2440 Total 2717448
114000... Leaves 2816 Paths 2736240 Hash 2440 Total 2741496
115000... Leaves 2816 Paths 2760336 Hash 2440 Total 2765592
116000... Leaves 2816 Paths 2784120 Hash 2440 Total 2789376
117000... Leaves 2816 Paths 2808144 Hash 2440 Total 2813400
118000... Leaves 2816 Paths 2832456 Hash 2440 Total 2837712
119000... Leaves 2816 Paths 2856264 Hash 2440 Total 2861520
120000... Leaves 2816 Paths 2880408 Hash 2440 Total 2885664
121000... Leaves 2816 Paths 2904240 Hash 2440 Total 2909496
122000... Leaves 2816 Paths 2928144 Hash 2440 Total 2933400
123000... Leaves 2816 Paths 2952096 Hash 2440 Total 2957352
124000... Leaves 2816 Paths 2976288 Hash 2440 Total 2981544
125000... Leaves 2816 Paths 3000144 Hash 2440 Total 3005400
126000... Leaves 2816 Paths 3024336 Hash 2440 Total 3029592
127000... Leaves 2816 Paths 3048216 Hash 2440 Total 3053472
128000... Leaves 2816 Paths 3072216 Hash 2440 Total 3077472
129000... Leaves 2816 Paths 3096216 Hash 2440 Total 3101472
130000... Leaves 2816 Paths 3120360 Hash 2440 Total 3125616
130502... Leaves 2816 Paths 3132144 Hash 2440 Total 3137400
Releasing path 0x1dbe270
Releasing path 0x1dbe270
