Reading Language1 text file e.txt
Reading Language2 text file d.txt
Writing to output file out.txt
Processing line 0 for Language 1
Language 1 Line 0 : chars  25 words   4 codelength   56.448
Language 1 Line 1 : chars 207 words  38 codelength  441.085
Language 1 Line 2 : chars 191 words  31 codelength  388.653
Language 1 Line 3 : chars 105 words  19 codelength  175.407
Language 1 Line 4 : chars 232 words  40 codelength  360.691
Language 1 Line 5 : chars  46 words   8 codelength  128.471
Language 1 Line 6 : chars  49 words   9 codelength  148.153
Language 1 Line 7 : chars  37 words   7 codelength   80.188
Language 1 Line 8 : chars 123 words  23 codelength  259.327
Language 1 Line 9 : chars 146 words  25 codelength  369.504
Processing line 10 for Language 1
Language 1 Line 10 : chars 289 words  49 codelength  657.396
Language 1 Line 11 : chars 102 words  18 codelength  186.291
Language 1 Line 12 : chars  58 words  12 codelength  137.087
Language 1 Line 13 : chars  37 words   7 codelength   80.188
Language 1 Line 14 : chars  67 words  10 codelength  164.042
Language 1 Line 15 : chars  97 words  18 codelength  166.569
Language 1 Line 16 : chars 251 words  39 codelength  512.928
Language 1 Line 17 : chars  77 words  13 codelength  124.026
Language 1 Line 18 : chars 174 words  28 codelength  294.253
Language 1 Line 19 : chars 182 words  34 codelength  330.321
Processing line 20 for Language 1
Language 1 Line 20 : chars 145 words  27 codelength  233.105
Language 1 Line 21 : chars 273 words  47 codelength  613.397
Language 1 Line 22 : chars 129 words  21 codelength  268.114
Language 1 Line 23 : chars 402 words  69 codelength  759.684
Language 1 Line 24 : chars  73 words  13 codelength  112.394
Language 1 Line 25 : chars  42 words   9 codelength  117.042
Language 1 Line 26 : chars  80 words  14 codelength  130.053
Language 1 Line 27 : chars 124 words  21 codelength  187.345
Language 1 Line 28 : chars  36 words   7 codelength  122.849
Language 1 Line 29 : chars 163 words  28 codelength  307.302
Processing line 30 for Language 1
Language 1 Line 30 : chars  97 words  17 codelength  188.529
Language 1 Line 31 : chars 334 words  57 codelength  683.111
Language 1 Line 32 : chars 305 words  54 codelength  495.882
Language 1 Line 33 : chars 109 words  21 codelength  205.775
Language 1 Line 34 : chars 238 words  40 codelength  438.371
Language 1 Line 35 : chars  59 words  10 codelength  137.972
Language 1 Line 36 : chars 248 words  47 codelength  505.642
Language 1 Line 37 : chars  82 words  17 codelength  165.565
Language 1 Line 38 : chars 112 words  20 codelength  286.070
Language 1 Line 39 : chars  49 words  10 codelength  105.581
Processing line 40 for Language 1
Language 1 Line 40 : chars 130 words  22 codelength  235.010
Language 1 Line 41 : chars  88 words  16 codelength  202.112
Language 1 Line 42 : chars  69 words  12 codelength  166.270
Language 1 Line 43 : chars 117 words  18 codelength  246.722
Language 1 Line 44 : chars  35 words   6 codelength  104.832
Language 1 Line 45 : chars  60 words  10 codelength  152.262
Language 1 Line 46 : chars  38 words   6 codelength  119.339
Language 1 Line 47 : chars  91 words  15 codelength  190.881
Language 1 Line 48 : chars  89 words  17 codelength  141.375
Language 1 Line 49 : chars 166 words  32 codelength  287.385
Processing line 50 for Language 1
Language 1 Line 50 : chars 161 words  25 codelength  373.527
Language 1 Line 51 : chars 130 words  22 codelength  242.020
Language 1 Line 52 : chars  61 words  12 codelength  103.489
Language 1 Line 53 : chars 176 words  28 codelength  320.734
Language 1 Line 54 : chars  45 words   8 codelength  107.605
Language 1 Line 55 : chars  67 words  12 codelength  137.000
Language 1 Line 56 : chars  86 words  16 codelength  161.768
Language 1 Line 57 : chars 310 words  52 codelength  711.279
Language 1 Line 58 : chars  97 words  14 codelength  193.081
Language 1 Line 59 : chars  81 words  15 codelength  183.054
Processing line 60 for Language 1
Language 1 Line 60 : chars  71 words  13 codelength  141.801
Language 1 Line 61 : chars  63 words  10 codelength  126.899
Language 1 Line 62 : chars  59 words  13 codelength  121.291
Language 1 Line 63 : chars  33 words   7 codelength   57.941
Language 1 Line 64 : chars  73 words  13 codelength  197.963
Language 1 Line 65 : chars 115 words  19 codelength  202.298
Language 1 Line 66 : chars   6 words   1 codelength   21.912
Language 1 Line 67 : chars 195 words  37 codelength  350.727
Language 1 Line 68 : chars  64 words  10 codelength  143.081
Language 1 Line 69 : chars  22 words   3 codelength   76.085
Processing line 70 for Language 1
Language 1 Line 70 : chars 198 words  32 codelength  277.918
Language 1 Line 71 : chars 113 words  23 codelength  289.383
Language 1 Line 72 : chars  88 words  15 codelength  179.718
Language 1 Line 73 : chars 370 words  56 codelength  601.983
Language 1 Line 74 : chars 237 words  36 codelength  334.993
Language 1 Line 75 : chars 279 words  46 codelength  467.260
Language 1 Line 76 : chars 150 words  27 codelength  249.755
Language 1 Line 77 : chars 144 words  26 codelength  219.558
Language 1 Line 78 : chars 293 words  48 codelength  568.491
Language 1 Line 79 : chars  57 words  12 codelength   83.643
Processing line 80 for Language 1
Language 1 Line 80 : chars 304 words  50 codelength  528.854
Language 1 Line 81 : chars 588 words 105 codelength 1090.658
Language 1 Line 82 : chars 362 words  62 codelength  623.970
Language 1 Line 83 : chars 573 words  97 codelength  895.601
Language 1 Line 84 : chars 146 words  26 codelength  248.012
Language 1 Line 85 : chars  29 words   5 codelength   97.764
Language 1 Line 86 : chars 160 words  30 codelength  411.924
Language 1 Line 87 : chars  87 words  14 codelength  204.002
Language 1 Line 88 : chars  99 words  18 codelength  212.954
Language 1 Line 89 : chars  44 words   7 codelength  107.650
Processing line 90 for Language 1
Language 1 Line 90 : chars  63 words  10 codelength  113.679
Language 1 Line 91 : chars  59 words  11 codelength  124.009
Language 1 Line 92 : chars  25 words   7 codelength   70.641
Language 1 Line 93 : chars  81 words  16 codelength  186.399
Language 1 Line 94 : chars  32 words   7 codelength   71.867
Language 1 Line 95 : chars  82 words  17 codelength  217.043
Language 1 Line 96 : chars 211 words  39 codelength  405.071
Language 1 Line 97 : chars  46 words   9 codelength   92.638
Language 1 Line 98 : chars  22 words   4 codelength   44.600
Language 1 Line 99 : chars  49 words  10 codelength   86.213
Processing line 100 for Language 1
Language 1 Line 100 : chars 209 words  35 codelength  375.076
Language 1 Line 101 : chars 324 words  54 codelength  475.767
Language 1 Line 102 : chars  26 words   5 codelength   67.398
Language 1 Line 103 : chars  72 words  12 codelength  122.684
Language 1 Line 104 : chars 140 words  27 codelength  251.518
Language 1 Line 105 : chars  23 words   5 codelength   49.782
Language 1 Line 106 : chars 152 words  28 codelength  244.889
Language 1 Line 107 : chars 163 words  29 codelength  202.494
Language 1 Line 108 : chars 125 words  24 codelength  197.080
Language 1 Line 109 : chars  89 words  18 codelength  170.794
Processing line 110 for Language 1
Language 1 Line 110 : chars 426 words  82 codelength  658.697
Language 1 Line 111 : chars 114 words  19 codelength  178.353
Language 1 Line 112 : chars  77 words  14 codelength  144.244
Language 1 Line 113 : chars  32 words   5 codelength   81.049
Language 1 Line 114 : chars 166 words  28 codelength  258.700
Language 1 Line 115 : chars  44 words   5 codelength   82.979
Language 1 Line 116 : chars 113 words  19 codelength  238.534
Language 1 Line 117 : chars  70 words  13 codelength  134.429
Language 1 Line 118 : chars  78 words  16 codelength  140.702
Language 1 Line 119 : chars 337 words  60 codelength  609.295
Processing line 120 for Language 1
Language 1 Line 120 : chars 196 words  33 codelength  343.832
Language 1 Line 121 : chars  60 words  11 codelength  105.498
Language 1 Line 122 : chars  66 words  14 codelength  150.018
Language 1 Line 123 : chars  25 words   4 codelength   65.564
Language 1 Line 124 : chars  57 words  10 codelength  122.939
Language 1 Line 125 : chars  82 words  15 codelength  180.474
Language 1 Line 126 : chars 214 words  40 codelength  385.565
Language 1 Line 127 : chars  94 words  17 codelength  186.829
Language 1 Line 128 : chars 217 words  42 codelength  434.212
Language 1 Line 129 : chars  23 words   7 codelength   55.918
Processing line 130 for Language 1
Language 1 Line 130 : chars 382 words  65 codelength  580.949
Language 1 Line 131 : chars 134 words  24 codelength  251.523
Language 1 Line 132 : chars  90 words  14 codelength  241.940
Language 1 Line 133 : chars  81 words  13 codelength  147.954
Language 1 Line 134 : chars  20 words   4 codelength   33.343
Language 1 Line 135 : chars  42 words   7 codelength  109.816
Language 1 Line 136 : chars  64 words  13 codelength  131.389
Language 1 Line 137 : chars  25 words   6 codelength   80.371
Language 1 Line 138 : chars 105 words  20 codelength  173.384
Language 1 Line 139 : chars  76 words  12 codelength  127.001
Processing line 140 for Language 1
Language 1 Line 140 : chars  32 words   6 codelength   59.438
Language 1 Line 141 : chars 228 words  46 codelength  395.355
Language 1 Line 142 : chars  20 words   4 codelength   51.976
Language 1 Line 143 : chars 137 words  28 codelength  266.796
Language 1 Line 144 : chars  28 words   5 codelength   42.848
Language 1 Line 145 : chars 144 words  28 codelength  258.656
Language 1 Line 146 : chars 129 words  25 codelength  307.203
Language 1 Line 147 : chars  27 words   6 codelength   74.788
Language 1 Line 148 : chars 109 words  22 codelength  210.143
Language 1 Line 149 : chars  43 words   9 codelength  137.099
Processing line 150 for Language 1
Language 1 Line 150 : chars  34 words   8 codelength   76.607
Language 1 Line 151 : chars  88 words  17 codelength  156.829
Language 1 Line 152 : chars 160 words  27 codelength  300.071
Language 1 Line 153 : chars  43 words   9 codelength   85.983
Language 1 Line 154 : chars  98 words  15 codelength  175.493
Language 1 Line 155 : chars 104 words  16 codelength  206.282
Language 1 Line 156 : chars  52 words  10 codelength  140.094
Language 1 Line 157 : chars 106 words  19 codelength  244.380
Language 1 Line 158 : chars  97 words  18 codelength  190.834
Language 1 Line 159 : chars  92 words  17 codelength  157.417
Processing line 160 for Language 1
Language 1 Line 160 : chars  94 words  16 codelength  174.564
Language 1 Line 161 : chars  48 words   8 codelength   93.106
Language 1 Line 162 : chars  52 words   8 codelength   53.559
Language 1 Line 163 : chars 411 words  64 codelength  428.904
Language 1 Line 164 : chars 246 words  39 codelength  345.381
Language 1 Line 165 : chars 279 words  45 codelength  430.861
Language 1 Line 166 : chars 336 words  50 codelength  590.900
Language 1 Line 167 : chars 336 words  52 codelength  542.392
Language 1 Line 168 : chars 104 words  18 codelength  155.324
Language 1 Line 169 : chars  99 words  15 codelength  177.808
Processing line 170 for Language 1
Language 1 Line 170 : chars 309 words  48 codelength  518.936
Language 1 Line 171 : chars 197 words  30 codelength  259.717
Language 1 Line 172 : chars 264 words  44 codelength  437.857
Language 1 Line 173 : chars  33 words   7 codelength   70.447
Language 1 Line 174 : chars 489 words  88 codelength  859.270
Language 1 Line 175 : chars 290 words  54 codelength  667.054
Language 1 Line 176 : chars 116 words  19 codelength  265.900
Language 1 Line 177 : chars 127 words  24 codelength  237.013
Language 1 Line 178 : chars  68 words  12 codelength  203.299
Language 1 Line 179 : chars 205 words  35 codelength  340.065
Processing line 180 for Language 1
Language 1 Line 180 : chars  96 words  16 codelength  188.854
Language 1 Line 181 : chars 195 words  38 codelength  332.987
Language 1 Line 182 : chars 103 words  18 codelength  205.041
Language 1 Line 183 : chars 239 words  44 codelength  434.677
Language 1 Line 184 : chars 337 words  64 codelength  594.369
Language 1 Line 185 : chars 131 words  25 codelength  224.622
Language 1 Line 186 : chars 186 words  29 codelength  265.140
Language 1 Line 187 : chars  43 words   7 codelength   75.084
Language 1 Line 188 : chars 426 words  71 codelength  860.136
Language 1 Line 189 : chars 235 words  38 codelength  392.806
Processing line 190 for Language 1
Language 1 Line 190 : chars 223 words  39 codelength  353.921
Language 1 Line 191 : chars  97 words  16 codelength  166.821
Language 1 Line 192 : chars  76 words  17 codelength  158.206
Language 1 Line 193 : chars  53 words  10 codelength   85.410
Language 1 Line 194 : chars 180 words  30 codelength  254.580
Language 1 Line 195 : chars 118 words  17 codelength  169.535
Language 1 Line 196 : chars  27 words   7 codelength   70.995
Language 1 Line 197 : chars 293 words  48 codelength  497.110
Language 1 Line 198 : chars 135 words  25 codelength  200.455
Language 1 Line 199 : chars 279 words  45 codelength  561.747
Processing line 200 for Language 1
Language 1 Line 200 : chars 114 words  20 codelength  252.083
Language 1 Line 201 : chars 202 words  32 codelength  398.590
Language 1 Line 202 : chars  40 words   8 codelength   77.779
Language 1 Line 203 : chars 182 words  33 codelength  279.426
Language 1 Line 204 : chars 140 words  21 codelength  250.311
Language 1 Line 205 : chars 104 words  17 codelength  234.152
Language 1 Line 206 : chars 170 words  27 codelength  338.261
Language 1 Line 207 : chars  66 words  12 codelength  130.780
Language 1 Line 208 : chars  40 words   8 codelength   69.570
Language 1 Line 209 : chars 234 words  39 codelength  368.353
Processing line 210 for Language 1
Language 1 Line 210 : chars  58 words  10 codelength  123.907
Language 1 Line 211 : chars 275 words  44 codelength  487.450
Language 1 Line 212 : chars 120 words  19 codelength  184.584
Language 1 Line 213 : chars 147 words  23 codelength  323.982
Language 1 Line 214 : chars  83 words  12 codelength  166.268
Language 1 Line 215 : chars 205 words  31 codelength  329.157
Language 1 Line 216 : chars 273 words  42 codelength  475.604
Language 1 Line 217 : chars  38 words   6 codelength   64.860
Language 1 Line 218 : chars 123 words  19 codelength  220.201
Language 1 Line 219 : chars 166 words  25 codelength  239.709
Processing line 220 for Language 1
Language 1 Line 220 : chars  42 words   9 codelength   74.419
Language 1 Line 221 : chars 223 words  45 codelength  397.448
Language 1 Line 222 : chars 198 words  34 codelength  382.096
Language 1 Line 223 : chars 153 words  30 codelength  221.975
Language 1 Line 224 : chars  78 words  12 codelength  122.859
Language 1 Line 225 : chars 150 words  22 codelength  237.737
Language 1 Line 226 : chars 165 words  28 codelength  320.125
Language 1 Line 227 : chars 112 words  19 codelength  161.065
Language 1 Line 228 : chars 139 words  21 codelength  209.015
Language 1 Line 229 : chars  47 words   8 codelength   96.235
Processing line 230 for Language 1
Language 1 Line 230 : chars 111 words  20 codelength  217.154
Language 1 Line 231 : chars 165 words  27 codelength  275.828
Language 1 Line 232 : chars 158 words  30 codelength  257.530
Language 1 Line 233 : chars 407 words  66 codelength  534.104
Language 1 Line 234 : chars 245 words  38 codelength  320.399
Language 1 Line 235 : chars 394 words  61 codelength  597.836
Language 1 Line 236 : chars 173 words  31 codelength  223.164
Language 1 Line 237 : chars 128 words  26 codelength  289.610
Language 1 Line 238 : chars 123 words  21 codelength  213.944
Language 1 Line 239 : chars 260 words  47 codelength  510.345
Processing line 240 for Language 1
Language 1 Line 240 : chars 118 words  19 codelength  207.948
Language 1 Line 241 : chars 104 words  19 codelength  240.519
Language 1 Line 242 : chars 118 words  19 codelength  180.486
Language 1 Line 243 : chars  87 words  17 codelength  102.706
Language 1 Line 244 : chars 217 words  43 codelength  332.760
Language 1 Line 245 : chars  79 words  15 codelength   92.254
Language 1 Line 246 : chars 286 words  55 codelength  455.298
Language 1 Line 247 : chars 101 words  18 codelength  151.216
Language 1 Line 248 : chars  21 words   4 codelength   39.974
Language 1 Line 249 : chars  44 words   9 codelength   50.548
Processing line 250 for Language 1
Language 1 Line 250 : chars  36 words   6 codelength   42.178
Language 1 Line 251 : chars 375 words  60 codelength  387.761
Language 1 Line 252 : chars 463 words  75 codelength  665.876
Language 1 Line 253 : chars  83 words  16 codelength  171.926
Language 1 Line 254 : chars  98 words  14 codelength  158.745
Language 1 Line 255 : chars  88 words  17 codelength  166.256
Language 1 Line 256 : chars 111 words  18 codelength  180.561
Language 1 Line 257 : chars 229 words  37 codelength  384.053
Language 1 Line 258 : chars 155 words  24 codelength  199.400
Language 1 Line 259 : chars 370 words  55 codelength  690.328
Processing line 260 for Language 1
Language 1 Line 260 : chars 139 words  21 codelength  198.027
Language 1 Line 261 : chars  87 words  14 codelength  145.043
Language 1 Line 262 : chars 122 words  21 codelength  173.434
Language 1 Line 263 : chars 148 words  24 codelength  255.846
Language 1 Line 264 : chars 206 words  34 codelength  324.494
Language 1 Line 265 : chars 124 words  18 codelength  237.160
Language 1 Line 266 : chars 219 words  45 codelength  371.050
Language 1 Line 267 : chars  68 words  11 codelength  104.362
Language 1 Line 268 : chars 205 words  33 codelength  473.519
Language 1 Line 269 : chars  61 words  10 codelength  108.575
Processing line 270 for Language 1
Language 1 Line 270 : chars 248 words  43 codelength  412.277
Language 1 Line 271 : chars 123 words  23 codelength  200.474
Language 1 Line 272 : chars  69 words  12 codelength  140.935
Language 1 Line 273 : chars 170 words  31 codelength  343.829
Language 1 Line 274 : chars 129 words  23 codelength  151.656
Language 1 Line 275 : chars 288 words  48 codelength  467.149
Language 1 Line 276 : chars 140 words  24 codelength  244.714
Language 1 Line 277 : chars 131 words  20 codelength  201.227
Language 1 Line 278 : chars  94 words  12 codelength  189.142
Language 1 Line 279 : chars  74 words  11 codelength  128.242
Processing line 280 for Language 1
Language 1 Line 280 : chars 125 words  21 codelength  301.039
Language 1 Line 281 : chars  69 words  14 codelength  170.474
Language 1 Line 282 : chars  64 words  12 codelength  203.951
Language 1 Line 283 : chars 103 words  17 codelength  191.783
Language 1 Line 284 : chars  72 words  13 codelength  146.063
Language 1 Line 285 : chars 188 words  32 codelength  337.060
Language 1 Line 286 : chars  35 words   7 codelength   83.128
Language 1 Line 287 : chars 218 words  42 codelength  402.715
Language 1 Line 288 : chars  41 words   7 codelength   65.080
Language 1 Line 289 : chars  50 words   9 codelength   97.755
Processing line 290 for Language 1
Language 1 Line 290 : chars 313 words  57 codelength  578.891
Language 1 Line 291 : chars 278 words  56 codelength  464.853
Language 1 Line 292 : chars 160 words  27 codelength  292.667
Language 1 Line 293 : chars 253 words  40 codelength  419.586
Language 1 Line 294 : chars 110 words  19 codelength  249.414
Language 1 Line 295 : chars 169 words  28 codelength  269.167
Language 1 Line 296 : chars 128 words  24 codelength  201.921
Language 1 Line 297 : chars  85 words  13 codelength  120.531
Language 1 Line 298 : chars 209 words  37 codelength  326.335
Language 1 Line 299 : chars 156 words  27 codelength  318.704
Processing line 300 for Language 1
Language 1 Line 300 : chars  72 words  12 codelength  137.960
Language 1 Line 301 : chars 126 words  24 codelength  198.065
Language 1 Line 302 : chars 124 words  23 codelength  222.988
Language 1 Line 303 : chars 150 words  26 codelength  216.705
Language 1 Line 304 : chars 245 words  43 codelength  350.713
Language 1 Line 305 : chars 165 words  27 codelength  344.849
Language 1 Line 306 : chars 330 words  59 codelength  553.978
Language 1 Line 307 : chars 153 words  28 codelength  297.405
Language 1 Line 308 : chars  89 words  12 codelength  136.543
Language 1 Line 309 : chars 207 words  37 codelength  405.735
Processing line 310 for Language 1
Language 1 Line 310 : chars 189 words  34 codelength  328.174
Language 1 Line 311 : chars 221 words  35 codelength  310.126
Language 1 Line 312 : chars 170 words  26 codelength  293.686
Language 1 Line 313 : chars 119 words  23 codelength  395.763
Language 1 Line 314 : chars 342 words  52 codelength  494.932
Language 1 Line 315 : chars 331 words  64 codelength  572.308
Language 1 Line 316 : chars 310 words  54 codelength  468.929
Language 1 Line 317 : chars 173 words  25 codelength  230.835
Language 1 Line 318 : chars  65 words  10 codelength   95.040
Language 1 Line 319 : chars  21 words   4 codelength   39.974
Processing line 320 for Language 1
Language 1 Line 320 : chars  44 words   9 codelength   50.548
Language 1 Line 321 : chars  45 words   6 codelength   72.197
Language 1 Line 322 : chars 354 words  53 codelength  351.686
Language 1 Line 323 : chars 237 words  41 codelength  350.128
Language 1 Line 324 : chars 109 words  19 codelength  196.352
Language 1 Line 325 : chars 172 words  28 codelength  258.765
Language 1 Line 326 : chars  76 words  13 codelength  164.542
Language 1 Line 327 : chars  49 words  10 codelength  113.227
Language 1 Line 328 : chars 200 words  32 codelength  302.360
Language 1 Line 329 : chars 184 words  33 codelength  318.024
Processing line 330 for Language 1
Language 1 Line 330 : chars  79 words  14 codelength  156.772
Language 1 Line 331 : chars 108 words  21 codelength  147.819
Language 1 Line 332 : chars  75 words  13 codelength  104.942
Language 1 Line 333 : chars 108 words  20 codelength  217.633
Language 1 Line 334 : chars  84 words  15 codelength  131.133
Language 1 Line 335 : chars 198 words  33 codelength  329.465
Language 1 Line 336 : chars 112 words  19 codelength  189.813
Language 1 Line 337 : chars  71 words  12 codelength  123.035
Language 1 Line 338 : chars  87 words  18 codelength  139.634
Language 1 Line 339 : chars 127 words  22 codelength  225.835
Processing line 340 for Language 1
Language 1 Line 340 : chars 403 words  68 codelength  749.162
Language 1 Line 341 : chars 175 words  27 codelength  303.341
Language 1 Line 342 : chars 329 words  54 codelength  513.911
Language 1 Line 343 : chars  62 words  11 codelength  139.242
Language 1 Line 344 : chars 325 words  59 codelength  602.511
Language 1 Line 345 : chars 225 words  38 codelength  348.332
Language 1 Line 346 : chars 402 words  62 codelength  691.378
Language 1 Line 347 : chars 272 words  49 codelength  429.138
Language 1 Line 348 : chars 210 words  36 codelength  291.324
Language 1 Line 349 : chars 195 words  28 codelength  282.384
Processing line 350 for Language 1
Language 1 Line 350 : chars 108 words  17 codelength  183.464
Language 1 Line 351 : chars 126 words  19 codelength  213.136
Language 1 Line 352 : chars 162 words  25 codelength  249.918
Language 1 Line 353 : chars 119 words  19 codelength  275.927
Language 1 Line 354 : chars 132 words  22 codelength  215.236
Language 1 Line 355 : chars 221 words  37 codelength  330.169
Language 1 Line 356 : chars 286 words  47 codelength  456.675
Language 1 Line 357 : chars 116 words  20 codelength  198.302
Language 1 Line 358 : chars 188 words  27 codelength  282.776
Language 1 Line 359 : chars 323 words  53 codelength  534.754
Processing line 360 for Language 1
Language 1 Line 360 : chars 219 words  34 codelength  402.471
Language 1 Line 361 : chars  37 words   6 codelength   86.335
Language 1 Line 362 : chars 174 words  31 codelength  309.316
Language 1 Line 363 : chars 107 words  18 codelength  154.224
Language 1 Line 364 : chars 105 words  18 codelength  180.253
Language 1 Line 365 : chars  58 words   9 codelength  107.371
Language 1 Line 366 : chars 103 words  15 codelength  213.592
Language 1 Line 367 : chars 642 words 101 codelength 1046.747
Language 1 Line 368 : chars 345 words  54 codelength  549.590
Language 1 Line 369 : chars 336 words  55 codelength  597.124
Processing line 370 for Language 1
Language 1 Line 370 : chars 264 words  43 codelength  363.580
Language 1 Line 371 : chars 107 words  17 codelength  132.819
Language 1 Line 372 : chars  59 words  11 codelength   84.989
Language 1 Line 373 : chars 336 words  60 codelength  602.993
Language 1 Line 374 : chars 247 words  45 codelength  430.265
Language 1 Line 375 : chars 267 words  49 codelength  372.902
Language 1 Line 376 : chars 430 words  70 codelength  664.363
Language 1 Line 377 : chars 272 words  41 codelength  457.870
Language 1 Line 378 : chars  99 words  16 codelength  144.095
Language 1 Line 379 : chars 217 words  35 codelength  418.469
Processing line 380 for Language 1
Language 1 Line 380 : chars 255 words  40 codelength  408.432
Language 1 Line 381 : chars 270 words  46 codelength  475.810
Language 1 Line 382 : chars 122 words  21 codelength  232.626
Language 1 Line 383 : chars  73 words  12 codelength  139.381
Language 1 Line 384 : chars 237 words  39 codelength  554.020
Language 1 Line 385 : chars 112 words  18 codelength  170.891
Language 1 Line 386 : chars  54 words  10 codelength  114.941
Language 1 Line 387 : chars  75 words  13 codelength  149.778
Language 1 Line 388 : chars  66 words  13 codelength   97.623
Language 1 Line 389 : chars 313 words  51 codelength  557.033
Processing line 390 for Language 1
Language 1 Line 390 : chars  90 words  16 codelength  157.505
Language 1 Line 391 : chars 160 words  29 codelength  284.198
Language 1 Line 392 : chars 125 words  21 codelength  218.663
Language 1 Line 393 : chars  80 words  13 codelength  146.802
Language 1 Line 394 : chars 202 words  28 codelength  359.463
Language 1 Line 395 : chars 176 words  29 codelength  281.580
Language 1 Line 396 : chars 149 words  21 codelength  199.161
Language 1 Line 397 : chars 216 words  37 codelength  423.750
Language 1 Line 398 : chars 232 words  38 codelength  483.609
Language 1 Line 399 : chars 292 words  51 codelength  546.416
Processing line 400 for Language 1
Language 1 Line 400 : chars  89 words  14 codelength   93.649
Language 1 Line 401 : chars 157 words  29 codelength  281.230
Language 1 Line 402 : chars 108 words  17 codelength  167.546
Language 1 Line 403 : chars  39 words   8 codelength   83.295
Language 1 Line 404 : chars 145 words  21 codelength  249.558
Language 1 Line 405 : chars 148 words  26 codelength  282.953
Language 1 Line 406 : chars 185 words  33 codelength  323.213
Language 1 Line 407 : chars 274 words  41 codelength  361.386
Language 1 Line 408 : chars 158 words  25 codelength  277.157
Language 1 Line 409 : chars 227 words  37 codelength  322.535
Processing line 410 for Language 1
Language 1 Line 410 : chars 163 words  24 codelength  288.151
Language 1 Line 411 : chars 206 words  35 codelength  358.994
Language 1 Line 412 : chars 107 words  18 codelength  165.823
Language 1 Line 413 : chars  83 words  16 codelength  144.623
Language 1 Line 414 : chars  51 words  10 codelength  102.691
Language 1 Line 415 : chars 411 words  65 codelength  638.834
Language 1 Line 416 : chars 552 words  89 codelength  936.757
Language 1 Line 417 : chars 176 words  28 codelength  228.784
Language 1 Line 418 : chars  89 words  14 codelength  160.772
Language 1 Line 419 : chars 149 words  30 codelength  243.788
Processing line 420 for Language 1
Language 1 Line 420 : chars 109 words  17 codelength  162.635
Language 1 Line 421 : chars  94 words  16 codelength  239.004
Language 1 Line 422 : chars  77 words  11 codelength  118.069
Language 1 Line 423 : chars 179 words  32 codelength  313.461
Language 1 Line 424 : chars 239 words  42 codelength  418.730
Language 1 Line 425 : chars 120 words  17 codelength  184.374
Language 1 Line 426 : chars 190 words  35 codelength  284.341
Language 1 Line 427 : chars  60 words  12 codelength  117.210
Language 1 Line 428 : chars 227 words  37 codelength  333.197
Language 1 Line 429 : chars 231 words  37 codelength  363.477
Processing line 430 for Language 1
Language 1 Line 430 : chars 126 words  23 codelength  180.805
Language 1 Line 431 : chars 152 words  23 codelength  208.258
Language 1 Line 432 : chars  54 words  10 codelength   75.538
Language 1 Line 433 : chars 209 words  34 codelength  332.405
Language 1 Line 434 : chars 326 words  52 codelength  421.023
Language 1 Line 435 : chars 156 words  25 codelength  202.206
Language 1 Line 436 : chars 182 words  26 codelength  336.535
Language 1 Line 437 : chars 177 words  29 codelength  352.071
Language 1 Line 438 : chars  49 words  11 codelength   93.360
Language 1 Line 439 : chars 204 words  32 codelength  388.524
Processing line 440 for Language 1
Language 1 Line 440 : chars 214 words  34 codelength  377.869
Language 1 Line 441 : chars 176 words  26 codelength  309.200
Language 1 Line 442 : chars  75 words  14 codelength  158.542
Language 1 Line 443 : chars 310 words  48 codelength  568.897
Language 1 Line 444 : chars 260 words  41 codelength  397.128
Language 1 Line 445 : chars 281 words  38 codelength  560.900
Language 1 Line 446 : chars 174 words  29 codelength  247.993
Language 1 Line 447 : chars 140 words  26 codelength  253.937
Language 1 Line 448 : chars 226 words  43 codelength  403.995
Language 1 Line 449 : chars 118 words  22 codelength  211.470
Processing line 450 for Language 1
Language 1 Line 450 : chars  64 words  11 codelength  133.380
Language 1 Line 451 : chars 119 words  21 codelength  197.720
Language 1 Line 452 : chars 273 words  41 codelength  331.009
Language 1 Line 453 : chars  62 words  11 codelength  107.967
Language 1 Line 454 : chars 117 words  19 codelength  176.833
Language 1 Line 455 : chars 239 words  46 codelength  354.412
Language 1 Line 456 : chars 154 words  25 codelength  271.775
Language 1 Line 457 : chars  68 words  11 codelength   99.861
Language 1 Line 458 : chars 137 words  22 codelength  219.932
Language 1 Line 459 : chars 137 words  26 codelength  185.716
Processing line 460 for Language 1
Language 1 Line 460 : chars 178 words  28 codelength  270.835
Language 1 Line 461 : chars 114 words  19 codelength  158.846
Language 1 Line 462 : chars 226 words  42 codelength  402.063
Language 1 Line 463 : chars 303 words  54 codelength  542.590
Language 1 Line 464 : chars 187 words  33 codelength  335.143
Language 1 Line 465 : chars 221 words  42 codelength  363.670
Language 1 Line 466 : chars  98 words  13 codelength  115.535
Language 1 Line 467 : chars  99 words  14 codelength  141.108
Language 1 Line 468 : chars 156 words  23 codelength  280.392
Language 1 Line 469 : chars 136 words  21 codelength  220.568
Processing line 470 for Language 1
Language 1 Line 470 : chars 115 words  24 codelength  199.763
Language 1 Line 471 : chars 114 words  21 codelength  150.432
Language 1 Line 472 : chars  84 words  16 codelength  154.593
Language 1 Line 473 : chars  67 words  12 codelength  139.403
Language 1 Line 474 : chars 174 words  30 codelength  320.416
Language 1 Line 475 : chars  59 words  12 codelength  126.613
Language 1 Line 476 : chars 192 words  34 codelength  325.970
Language 1 Line 477 : chars 132 words  20 codelength  229.914
Language 1 Line 478 : chars 167 words  26 codelength  276.423
Language 1 Line 479 : chars  72 words  13 codelength  147.937
Processing line 480 for Language 1
Language 1 Line 480 : chars 144 words  22 codelength  236.252
Language 1 Line 481 : chars 122 words  16 codelength  185.656
Language 1 Line 482 : chars 225 words  37 codelength  338.037
Language 1 Line 483 : chars 106 words  17 codelength  225.065
Language 1 Line 484 : chars  78 words  12 codelength  141.873
Language 1 Line 485 : chars  82 words  14 codelength  112.521
Language 1 Line 486 : chars  50 words  11 codelength  105.477
Language 1 Line 487 : chars  84 words  14 codelength  109.584
Language 1 Line 488 : chars 208 words  31 codelength  414.644
Language 1 Line 489 : chars 172 words  28 codelength  268.657
Processing line 490 for Language 1
Language 1 Line 490 : chars 210 words  36 codelength  299.015
Language 1 Line 491 : chars 227 words  34 codelength  358.566
Language 1 Line 492 : chars  91 words  16 codelength  125.611
Language 1 Line 493 : chars 460 words  70 codelength  796.013
Language 1 Line 494 : chars 106 words  15 codelength  144.591
Language 1 Line 495 : chars 233 words  36 codelength  368.828
Language 1 Line 496 : chars 293 words  50 codelength  527.164
Language 1 Line 497 : chars 231 words  41 codelength  469.685
Language 1 Line 498 : chars 146 words  25 codelength  298.667
Language 1 Line 499 : chars 198 words  39 codelength  358.378
Processing line 500 for Language 1
Language 1 Line 500 : chars  42 words   8 codelength   80.230
Language 1 Line 501 : chars  83 words  14 codelength  113.256
Language 1 Line 502 : chars 336 words  50 codelength  649.117
Language 1 Line 503 : chars 150 words  27 codelength  291.256
Language 1 Line 504 : chars 132 words  25 codelength  268.700
Language 1 Line 505 : chars 284 words  45 codelength  602.294
Language 1 Line 506 : chars  89 words  17 codelength  169.409
Language 1 Line 507 : chars 142 words  21 codelength  228.197
Language 1 Line 508 : chars 220 words  37 codelength  467.615
Language 1 Line 509 : chars 304 words  53 codelength  573.589
Processing line 510 for Language 1
Language 1 Line 510 : chars 416 words  77 codelength  751.216
Language 1 Line 511 : chars  42 words   8 codelength   76.035
Language 1 Line 512 : chars 138 words  23 codelength  197.317
Language 1 Line 513 : chars 226 words  35 codelength  333.469
Language 1 Line 514 : chars 118 words  19 codelength  252.940
Language 1 Line 515 : chars 154 words  22 codelength  254.518
Language 1 Line 516 : chars 138 words  22 codelength  225.950
Language 1 Line 517 : chars 339 words  53 codelength  548.090
Language 1 Line 518 : chars 273 words  47 codelength  424.476
Language 1 Line 519 : chars 137 words  20 codelength  174.602
Processing line 520 for Language 1
Language 1 Line 520 : chars 133 words  23 codelength  174.809
Language 1 Line 521 : chars 116 words  19 codelength  225.501
Language 1 Line 522 : chars 252 words  37 codelength  372.562
Language 1 Line 523 : chars  76 words  11 codelength  102.007
Language 1 Line 524 : chars 150 words  25 codelength  239.347
Language 1 Line 525 : chars 249 words  36 codelength  449.514
Language 1 Line 526 : chars  97 words  19 codelength  147.585
Language 1 Line 527 : chars 119 words  19 codelength  266.010
Language 1 Line 528 : chars 154 words  26 codelength  231.160
Language 1 Line 529 : chars 175 words  33 codelength  249.223
Processing line 530 for Language 1
Language 1 Line 530 : chars 123 words  20 codelength  162.479
Language 1 Line 531 : chars  90 words  15 codelength  147.666
Language 1 Line 532 : chars  94 words  16 codelength  133.436
Language 1 Line 533 : chars 149 words  28 codelength  191.120
Language 1 Line 534 : chars 159 words  29 codelength  281.566
Language 1 Line 535 : chars 187 words  35 codelength  265.127
Language 1 Line 536 : chars 142 words  26 codelength  218.002
Language 1 Line 537 : chars 156 words  22 codelength  204.542
Language 1 Line 538 : chars 219 words  36 codelength  381.285
Language 1 Line 539 : chars  75 words  12 codelength  135.825
Processing line 540 for Language 1
Language 1 Line 540 : chars 557 words  77 codelength  916.197
Language 1 Line 541 : chars 200 words  33 codelength  328.021
Language 1 Line 542 : chars 165 words  25 codelength  264.022
Language 1 Line 543 : chars 352 words  56 codelength  498.998
Language 1 Line 544 : chars 377 words  62 codelength  684.599
Language 1 Line 545 : chars  43 words   9 codelength   90.362
Language 1 Line 546 : chars 214 words  32 codelength  279.645
Language 1 Line 547 : chars 173 words  28 codelength  272.628
Language 1 Line 548 : chars 201 words  31 codelength  354.575
Language 1 Line 549 : chars 366 words  57 codelength  498.690
Processing line 550 for Language 1
Language 1 Line 550 : chars 344 words  55 codelength  472.954
Language 1 Line 551 : chars 163 words  26 codelength  297.840
Language 1 Line 552 : chars 248 words  40 codelength  348.541
Language 1 Line 553 : chars 453 words  77 codelength  691.403
Language 1 Line 554 : chars 477 words  77 codelength  717.838
Language 1 Line 555 : chars 237 words  40 codelength  354.238
Language 1 Line 556 : chars 332 words  53 codelength  541.188
Language 1 Line 557 : chars 186 words  26 codelength  281.635
Language 1 Line 558 : chars 334 words  51 codelength  588.257
Language 1 Line 559 : chars 216 words  38 codelength  427.323
Processing line 560 for Language 1
Language 1 Line 560 : chars  40 words   7 codelength   54.597
Language 1 Line 561 : chars 251 words  40 codelength  430.891
Language 1 Line 562 : chars 363 words  58 codelength  598.783
Language 1 Line 563 : chars 332 words  58 codelength  598.211
Language 1 Line 564 : chars 245 words  42 codelength  516.098
Language 1 Line 565 : chars 186 words  29 codelength  335.245
Language 1 Line 566 : chars 108 words  16 codelength  187.146
Language 1 Line 567 : chars 369 words  64 codelength  633.767
Language 1 Line 568 : chars  73 words  11 codelength  113.453
Language 1 Line 569 : chars 304 words  52 codelength  526.455
Processing line 570 for Language 1
Language 1 Line 570 : chars 465 words  80 codelength  781.993
Language 1 Line 571 : chars 544 words  93 codelength  911.666
Language 1 Line 572 : chars 102 words  16 codelength  171.185
Language 1 Line 573 : chars 271 words  45 codelength  409.923
Language 1 Line 574 : chars 272 words  45 codelength  383.983
Language 1 Line 575 : chars 407 words  60 codelength  604.517
Language 1 Line 576 : chars 160 words  30 codelength  304.368
Language 1 Line 577 : chars 617 words 109 codelength 1114.912
Language 1 Line 578 : chars 269 words  42 codelength  381.622
Language 1 Line 579 : chars 124 words  23 codelength  220.563
Processing line 580 for Language 1
Language 1 Line 580 : chars  80 words  15 codelength  122.603
Language 1 Line 581 : chars 281 words  48 codelength  482.429
Language 1 Line 582 : chars 226 words  36 codelength  354.175
Language 1 Line 583 : chars 299 words  51 codelength  428.197
Language 1 Line 584 : chars 259 words  46 codelength  392.621
Language 1 Line 585 : chars  16 words   4 codelength   40.780
Language 1 Line 586 : chars 203 words  35 codelength  317.524
Language 1 Line 587 : chars 443 words  69 codelength  793.485
Language 1 Line 588 : chars 106 words  19 codelength  174.899
Language 1 Line 589 : chars 111 words  18 codelength  169.571
Processing line 590 for Language 1
Language 1 Line 590 : chars  93 words  17 codelength  179.786
Language 1 Line 591 : chars 244 words  38 codelength  379.115
Language 1 Line 592 : chars  54 words   9 codelength  135.371
Language 1 Line 593 : chars 183 words  29 codelength  299.474
Language 1 Line 594 : chars 189 words  27 codelength  271.460
Language 1 Line 595 : chars  29 words   6 codelength   56.343
Language 1 Line 596 : chars 128 words  21 codelength  209.264
Language 1 Line 597 : chars 121 words  22 codelength  239.004
Language 1 Line 598 : chars 334 words  50 codelength  557.828
Language 1 Line 599 : chars 204 words  32 codelength  344.783
Processing line 600 for Language 1
Language 1 Line 600 : chars 280 words  44 codelength  504.091
Language 1 Line 601 : chars 201 words  38 codelength  361.825
Language 1 Line 602 : chars 111 words  18 codelength  210.093
Language 1 Line 603 : chars 438 words  78 codelength  709.498
Language 1 Line 604 : chars 224 words  39 codelength  453.014
Language 1 Line 605 : chars 145 words  24 codelength  257.640
Language 1 Line 606 : chars 119 words  20 codelength  179.143
Language 1 Line 607 : chars 158 words  28 codelength  260.942
Language 1 Line 608 : chars 283 words  51 codelength  384.588
Language 1 Line 609 : chars 293 words  49 codelength  439.360
Processing line 610 for Language 1
Language 1 Line 610 : chars 145 words  24 codelength  251.715
Language 1 Line 611 : chars 324 words  52 codelength  581.355
Language 1 Line 612 : chars  21 words   4 codelength   39.974
Language 1 Line 613 : chars  44 words   9 codelength   50.548
Language 1 Line 614 : chars  73 words  12 codelength   75.107
Language 1 Line 615 : chars 304 words  49 codelength  324.696
Language 1 Line 616 : chars 293 words  47 codelength  390.076
Language 1 Line 617 : chars 256 words  41 codelength  446.628
Language 1 Line 618 : chars 285 words  45 codelength  446.613
Language 1 Line 619 : chars 409 words  71 codelength  591.359
Processing line 620 for Language 1
Language 1 Line 620 : chars 290 words  44 codelength  425.594
Language 1 Line 621 : chars 284 words  47 codelength  500.789
Language 1 Line 622 : chars 318 words  51 codelength  463.794
Language 1 Line 623 : chars 523 words  84 codelength  774.976
Language 1 Line 624 : chars  75 words  10 codelength  118.728
Language 1 Line 625 : chars  92 words  15 codelength  189.108
Language 1 Line 626 : chars 217 words  34 codelength  346.665
Language 1 Line 627 : chars 183 words  28 codelength  314.291
Language 1 Line 628 : chars  84 words  13 codelength  140.397
Language 1 Line 629 : chars  67 words  10 codelength  126.121
Processing line 630 for Language 1
Language 1 Line 630 : chars 249 words  43 codelength  334.544
Language 1 Line 631 : chars 190 words  31 codelength  269.321
Language 1 Line 632 : chars 183 words  30 codelength  328.640
Language 1 Line 633 : chars 236 words  34 codelength  505.562
Language 1 Line 634 : chars 108 words  19 codelength  181.370
Language 1 Line 635 : chars 205 words  31 codelength  465.088
Language 1 Line 636 : chars 143 words  26 codelength  249.876
Language 1 Line 637 : chars 153 words  27 codelength  228.220
Language 1 Line 638 : chars  62 words  10 codelength   75.057
Language 1 Line 639 : chars 162 words  27 codelength  253.850
Processing line 640 for Language 1
Language 1 Line 640 : chars  71 words  12 codelength  134.714
Language 1 Line 641 : chars 117 words  22 codelength  201.120
Language 1 Line 642 : chars  80 words  10 codelength  145.008
Language 1 Line 643 : chars 135 words  22 codelength  232.096
Language 1 Line 644 : chars 115 words  17 codelength  200.015
Language 1 Line 645 : chars  47 words   9 codelength   77.178
Language 1 Line 646 : chars 187 words  28 codelength  291.360
Language 1 Line 647 : chars 411 words  67 codelength  681.409
Language 1 Line 648 : chars 493 words  71 codelength  814.163
Language 1 Line 649 : chars 562 words  88 codelength  906.253
Processing line 650 for Language 1
Language 1 Line 650 : chars 209 words  32 codelength  296.049
Language 1 Line 651 : chars 198 words  27 codelength  310.856
Language 1 Line 652 : chars 153 words  28 codelength  264.189
Language 1 Line 653 : chars 285 words  50 codelength  443.732
Language 1 Line 654 : chars 264 words  40 codelength  431.616
Language 1 Line 655 : chars  76 words  10 codelength  119.388
Language 1 Line 656 : chars 241 words  36 codelength  366.971
Language 1 Line 657 : chars 222 words  37 codelength  404.605
Language 1 Line 658 : chars 109 words  17 codelength  187.625
Language 1 Line 659 : chars 126 words  23 codelength  292.512
Processing line 660 for Language 1
Language 1 Line 660 : chars 171 words  32 codelength  299.199
Language 1 Line 661 : chars  66 words  10 codelength  120.313
Language 1 Line 662 : chars 115 words  21 codelength  215.213
Language 1 Line 663 : chars 408 words  60 codelength  605.905
Language 1 Line 664 : chars  71 words  11 codelength  125.160
Language 1 Line 665 : chars 129 words  21 codelength  167.044
Language 1 Line 666 : chars 133 words  21 codelength  211.629
Language 1 Processed 667 lines
Processing line 0 for Language 2
Language 2 Line 0 : chars  34 words   3 codelength   71.803
Language 2 Line 1 : chars 224 words  29 codelength  443.893
Language 2 Line 2 : chars 187 words  22 codelength  381.563
Language 2 Line 3 : chars 111 words  16 codelength  205.951
Language 2 Line 4 : chars 221 words  33 codelength  371.395
Language 2 Line 5 : chars  55 words   9 codelength  125.973
Language 2 Line 6 : chars  52 words   7 codelength  120.421
Language 2 Line 7 : chars  41 words   4 codelength   71.943
Language 2 Line 8 : chars  55 words  10 codelength  103.802
Language 2 Line 9 : chars  68 words  10 codelength  188.705
Processing line 10 for Language 2
Language 2 Line 10 : chars 203 words  31 codelength  528.974
Language 2 Line 11 : chars 365 words  54 codelength  763.740
Language 2 Line 12 : chars  82 words  12 codelength  139.168
Language 2 Line 13 : chars  86 words  14 codelength  159.700
Language 2 Line 14 : chars  41 words   4 codelength   71.943
Language 2 Line 15 : chars  92 words  14 codelength  140.012
Language 2 Line 16 : chars 127 words  20 codelength  206.059
Language 2 Line 17 : chars 267 words  35 codelength  585.233
Language 2 Line 18 : chars  99 words  13 codelength  167.013
Language 2 Line 19 : chars 203 words  24 codelength  330.667
Processing line 20 for Language 2
Language 2 Line 20 : chars 217 words  36 codelength  392.979
Language 2 Line 21 : chars 128 words  21 codelength  201.279
Language 2 Line 22 : chars  18 words   2 codelength   44.625
Language 2 Line 23 : chars 266 words  36 codelength  602.843
Language 2 Line 24 : chars 161 words  22 codelength  336.477
Language 2 Line 25 : chars 418 words  58 codelength  853.507
Language 2 Line 26 : chars  69 words  10 codelength  129.489
Language 2 Line 27 : chars  48 words   9 codelength  120.247
Language 2 Line 28 : chars  80 words  14 codelength  142.983
Language 2 Line 29 : chars 124 words  19 codelength  190.587
Processing line 30 for Language 2
Language 2 Line 30 : chars  39 words   7 codelength  135.949
Language 2 Line 31 : chars 172 words  25 codelength  339.293
Language 2 Line 32 : chars  97 words  17 codelength  171.956
Language 2 Line 33 : chars 342 words  50 codelength  679.953
Language 2 Line 34 : chars 288 words  42 codelength  537.253
Language 2 Line 35 : chars 115 words  17 codelength  226.111
Language 2 Line 36 : chars 217 words  31 codelength  416.784
Language 2 Line 37 : chars  66 words   8 codelength  139.891
Language 2 Line 38 : chars 316 words  44 codelength  697.883
Language 2 Line 39 : chars 123 words  17 codelength  233.847
Processing line 40 for Language 2
Language 2 Line 40 : chars 122 words  18 codelength  286.108
Language 2 Line 41 : chars  53 words   9 codelength   86.936
Language 2 Line 42 : chars 146 words  20 codelength  244.007
Language 2 Line 43 : chars 104 words  15 codelength  216.028
Language 2 Line 44 : chars  89 words  11 codelength  193.963
Language 2 Line 45 : chars 107 words  12 codelength  266.128
Language 2 Line 46 : chars  48 words   5 codelength  142.996
Language 2 Line 47 : chars  85 words  13 codelength  191.943
Language 2 Line 48 : chars  71 words   9 codelength  168.120
Language 2 Line 49 : chars  92 words  16 codelength  171.513
Processing line 50 for Language 2
Language 2 Line 50 : chars  88 words  16 codelength  172.199
Language 2 Line 51 : chars 190 words  28 codelength  304.721
Language 2 Line 52 : chars 193 words  24 codelength  423.520
Language 2 Line 53 : chars 168 words  24 codelength  270.605
Language 2 Line 54 : chars  74 words  12 codelength  124.936
Language 2 Line 55 : chars 224 words  32 codelength  441.799
Language 2 Line 56 : chars  39 words   6 codelength   91.723
Language 2 Line 57 : chars  82 words  15 codelength  165.696
Language 2 Line 58 : chars  74 words  12 codelength  138.837
Language 2 Line 59 : chars 379 words  50 codelength  754.680
Processing line 60 for Language 2
Language 2 Line 60 : chars 122 words  17 codelength  265.294
Language 2 Line 61 : chars 110 words  15 codelength  217.310
Language 2 Line 62 : chars  99 words  11 codelength  187.506
Language 2 Line 63 : chars  78 words  11 codelength  178.874
Language 2 Line 64 : chars  51 words   7 codelength  129.142
Language 2 Line 65 : chars  31 words   5 codelength   64.528
Language 2 Line 66 : chars 102 words  13 codelength  234.587
Language 2 Line 67 : chars  86 words  11 codelength  157.677
Language 2 Line 68 : chars  11 words   1 codelength   23.593
Language 2 Line 69 : chars 213 words  30 codelength  330.683
Processing line 70 for Language 2
Language 2 Line 70 : chars  52 words   8 codelength  121.808
Language 2 Line 71 : chars  13 words   2 codelength   47.892
Language 2 Line 72 : chars 218 words  27 codelength  259.401
Language 2 Line 73 : chars 102 words  15 codelength  261.639
Language 2 Line 74 : chars  67 words  10 codelength  154.101
Language 2 Line 75 : chars 390 words  51 codelength  670.325
Language 2 Line 76 : chars 250 words  35 codelength  412.376
Language 2 Line 77 : chars 343 words  51 codelength  579.989
Language 2 Line 78 : chars 145 words  22 codelength  283.867
Language 2 Line 79 : chars 151 words  22 codelength  262.289
Processing line 80 for Language 2
Language 2 Line 80 : chars 378 words  54 codelength  695.340
Language 2 Line 81 : chars  60 words  11 codelength  120.613
Language 2 Line 82 : chars 362 words  53 codelength  580.052
Language 2 Line 83 : chars 707 words 103 codelength 1265.591
Language 2 Line 84 : chars 473 words  70 codelength  774.351
Language 2 Line 85 : chars 676 words  92 codelength 1112.089
Language 2 Line 86 : chars 131 words  20 codelength  206.874
Language 2 Line 87 : chars  26 words   3 codelength   76.414
Language 2 Line 88 : chars 226 words  31 codelength  413.075
Language 2 Line 89 : chars 116 words  17 codelength  266.023
Processing line 90 for Language 2
Language 2 Line 90 : chars  81 words  14 codelength  163.401
Language 2 Line 91 : chars  43 words   7 codelength  118.296
Language 2 Line 92 : chars  80 words  11 codelength  120.147
Language 2 Line 93 : chars  57 words  10 codelength  109.533
Language 2 Line 94 : chars  26 words   4 codelength   54.012
Language 2 Line 95 : chars  97 words  15 codelength  196.367
Language 2 Line 96 : chars  39 words   7 codelength   68.577
Language 2 Line 97 : chars 115 words  16 codelength  250.825
Language 2 Line 98 : chars 203 words  34 codelength  364.129
Language 2 Line 99 : chars  35 words   5 codelength   78.716
Processing line 100 for Language 2
Language 2 Line 100 : chars  22 words   4 codelength   51.622
Language 2 Line 101 : chars  47 words   8 codelength   86.245
Language 2 Line 102 : chars 212 words  31 codelength  395.815
Language 2 Line 103 : chars 345 words  49 codelength  464.370
Language 2 Line 104 : chars  35 words   6 codelength   78.845
Language 2 Line 105 : chars  72 words  12 codelength   97.293
Language 2 Line 106 : chars 127 words  23 codelength  248.048
Language 2 Line 107 : chars  25 words   4 codelength   59.657
Language 2 Line 108 : chars 166 words  27 codelength  263.017
Language 2 Line 109 : chars 137 words  22 codelength  213.387
Processing line 110 for Language 2
Language 2 Line 110 : chars 123 words  17 codelength  179.189
Language 2 Line 111 : chars 130 words  21 codelength  227.893
Language 2 Line 112 : chars 475 words  76 codelength  709.276
Language 2 Line 113 : chars 129 words  19 codelength  233.224
Language 2 Line 114 : chars  88 words  11 codelength  154.429
Language 2 Line 115 : chars  33 words   4 codelength   84.022
Language 2 Line 116 : chars 188 words  26 codelength  252.381
Language 2 Line 117 : chars  54 words   8 codelength  126.427
Language 2 Line 118 : chars 110 words  16 codelength  231.487
Language 2 Line 119 : chars  76 words   9 codelength  144.663
Processing line 120 for Language 2
Language 2 Line 120 : chars  59 words   9 codelength  112.141
Language 2 Line 121 : chars 373 words  51 codelength  654.153
Language 2 Line 122 : chars 220 words  32 codelength  391.889
Language 2 Line 123 : chars  50 words   8 codelength  102.826
Language 2 Line 124 : chars  80 words  10 codelength  133.057
Language 2 Line 125 : chars  29 words   4 codelength   72.946
Language 2 Line 126 : chars  60 words  11 codelength  147.565
Language 2 Line 127 : chars 121 words  18 codelength  245.697
Language 2 Line 128 : chars 188 words  28 codelength  351.962
Language 2 Line 129 : chars  88 words  14 codelength  189.440
Processing line 130 for Language 2
Language 2 Line 130 : chars 271 words  43 codelength  491.945
Language 2 Line 131 : chars  30 words   5 codelength   64.773
Language 2 Line 132 : chars 366 words  52 codelength  645.153
Language 2 Line 133 : chars 138 words  19 codelength  264.700
Language 2 Line 134 : chars  92 words  14 codelength  282.755
Language 2 Line 135 : chars 117 words  15 codelength  253.454
Language 2 Line 136 : chars  12 words   2 codelength   25.695
Language 2 Line 137 : chars  55 words   7 codelength  138.764
Language 2 Line 138 : chars  82 words  13 codelength  146.818
Language 2 Line 139 : chars  28 words   5 codelength   84.573
Processing line 140 for Language 2
Language 2 Line 140 : chars 114 words  19 codelength  242.323
Language 2 Line 141 : chars  83 words  10 codelength  150.348
Language 2 Line 142 : chars  32 words   4 codelength   51.324
Language 2 Line 143 : chars 257 words  40 codelength  435.041
Language 2 Line 144 : chars  18 words   4 codelength   50.492
Language 2 Line 145 : chars 165 words  22 codelength  258.071
Language 2 Line 146 : chars  36 words   5 codelength   60.813
Language 2 Line 147 : chars 167 words  24 codelength  283.133
Language 2 Line 148 : chars 159 words  26 codelength  333.109
Language 2 Line 149 : chars  37 words   6 codelength   79.235
Processing line 150 for Language 2
Language 2 Line 150 : chars 121 words  18 codelength  205.390
Language 2 Line 151 : chars  44 words   9 codelength  137.075
Language 2 Line 152 : chars  58 words  10 codelength  123.590
Language 2 Line 153 : chars  80 words  11 codelength  133.806
Language 2 Line 154 : chars 211 words  29 codelength  313.573
Language 2 Line 155 : chars  42 words   6 codelength   77.187
Language 2 Line 156 : chars 110 words  12 codelength  167.888
Language 2 Line 157 : chars  70 words  10 codelength  146.975
Language 2 Line 158 : chars  53 words   8 codelength  140.602
Language 2 Line 159 : chars 147 words  21 codelength  258.256
Processing line 160 for Language 2
Language 2 Line 160 : chars 122 words  17 codelength  204.843
Language 2 Line 161 : chars 101 words  16 codelength  214.470
Language 2 Line 162 : chars 101 words  12 codelength  173.066
Language 2 Line 163 : chars  54 words   6 codelength   88.839
Language 2 Line 164 : chars  46 words   4 codelength   51.403
Language 2 Line 165 : chars 466 words  59 codelength  490.662
Language 2 Line 166 : chars 291 words  33 codelength  371.606
Language 2 Line 167 : chars 323 words  40 codelength  520.491
Language 2 Line 168 : chars 382 words  45 codelength  660.330
Language 2 Line 169 : chars 328 words  41 codelength  525.397
Processing line 170 for Language 2
Language 2 Line 170 : chars  72 words  10 codelength  102.489
Language 2 Line 171 : chars 102 words  12 codelength  166.066
Language 2 Line 172 : chars 239 words  28 codelength  450.122
Language 2 Line 173 : chars 183 words  23 codelength  283.053
Language 2 Line 174 : chars 281 words  35 codelength  434.544
Language 2 Line 175 : chars  28 words   5 codelength   65.465
Language 2 Line 176 : chars 526 words  76 codelength  954.803
Language 2 Line 177 : chars 339 words  47 codelength  729.247
Language 2 Line 178 : chars 118 words  15 codelength  275.352
Language 2 Line 179 : chars 109 words  15 codelength  283.743
Processing line 180 for Language 2
Language 2 Line 180 : chars  69 words  12 codelength  144.274
Language 2 Line 181 : chars 264 words  32 codelength  423.567
Language 2 Line 182 : chars 111 words  16 codelength  213.900
Language 2 Line 183 : chars 214 words  28 codelength  312.673
Language 2 Line 184 : chars 108 words  15 codelength  224.492
Language 2 Line 185 : chars 250 words  38 codelength  487.326
Language 2 Line 186 : chars 297 words  42 codelength  521.733
Language 2 Line 187 : chars 121 words  17 codelength  186.615
Language 2 Line 188 : chars 211 words  25 codelength  283.278
Language 2 Line 189 : chars  59 words   7 codelength  109.080
Processing line 190 for Language 2
Language 2 Line 190 : chars 617 words  76 codelength 1190.071
Language 2 Line 191 : chars 265 words  36 codelength  391.567
Language 2 Line 192 : chars 229 words  32 codelength  383.918
Language 2 Line 193 : chars  99 words  11 codelength  145.812
Language 2 Line 194 : chars  85 words  15 codelength  137.363
Language 2 Line 195 : chars  56 words   7 codelength   93.107
Language 2 Line 196 : chars 170 words  23 codelength  289.808
Language 2 Line 197 : chars  92 words  12 codelength  160.448
Language 2 Line 198 : chars  35 words   6 codelength   98.638
Language 2 Line 199 : chars 336 words  37 codelength  521.453
Processing line 200 for Language 2
Language 2 Line 200 : chars 153 words  22 codelength  225.248
Language 2 Line 201 : chars 324 words  43 codelength  629.322
Language 2 Line 202 : chars 141 words  20 codelength  275.600
Language 2 Line 203 : chars 186 words  25 codelength  397.746
Language 2 Line 204 : chars  28 words   4 codelength   70.242
Language 2 Line 205 : chars 151 words  22 codelength  229.589
Language 2 Line 206 : chars 151 words  20 codelength  236.482
Language 2 Line 207 : chars 112 words  18 codelength  248.342
Language 2 Line 208 : chars 181 words  24 codelength  325.655
Language 2 Line 209 : chars  63 words  11 codelength  116.176
Processing line 210 for Language 2
Language 2 Line 210 : chars  45 words   7 codelength   83.555
Language 2 Line 211 : chars 231 words  31 codelength  379.718
Language 2 Line 212 : chars  59 words   5 codelength  141.313
Language 2 Line 213 : chars 292 words  36 codelength  504.752
Language 2 Line 214 : chars  95 words  12 codelength  146.920
Language 2 Line 215 : chars 161 words  24 codelength  289.676
Language 2 Line 216 : chars  97 words  13 codelength  190.201
Language 2 Line 217 : chars 177 words  21 codelength  293.512
Language 2 Line 218 : chars 249 words  29 codelength  439.922
Language 2 Line 219 : chars  45 words   7 codelength   83.644
Processing line 220 for Language 2
Language 2 Line 220 : chars 167 words  23 codelength  324.775
Language 2 Line 221 : chars 235 words  32 codelength  343.947
Language 2 Line 222 : chars  42 words   6 codelength   72.886
Language 2 Line 223 : chars 248 words  40 codelength  488.912
Language 2 Line 224 : chars 214 words  37 codelength  380.705
Language 2 Line 225 : chars 154 words  25 codelength  247.715
Language 2 Line 226 : chars  59 words   8 codelength  119.824
Language 2 Line 227 : chars 142 words  17 codelength  236.062
Language 2 Line 228 : chars 174 words  26 codelength  331.599
Language 2 Line 229 : chars 115 words  17 codelength  183.076
Processing line 230 for Language 2
Language 2 Line 230 : chars 153 words  20 codelength  253.869
Language 2 Line 231 : chars  43 words   7 codelength   90.729
Language 2 Line 232 : chars 109 words  18 codelength  245.026
Language 2 Line 233 : chars 160 words  19 codelength  281.288
Language 2 Line 234 : chars 182 words  28 codelength  313.437
Language 2 Line 235 : chars 491 words  61 codelength  641.422
Language 2 Line 236 : chars 261 words  35 codelength  368.316
Language 2 Line 237 : chars 458 words  58 codelength  671.115
Language 2 Line 238 : chars 211 words  30 codelength  321.465
Language 2 Line 239 : chars 135 words  20 codelength  301.256
Processing line 240 for Language 2
Language 2 Line 240 : chars 137 words  18 codelength  273.671
Language 2 Line 241 : chars 336 words  48 codelength  562.707
Language 2 Line 242 : chars  90 words  15 codelength  186.409
Language 2 Line 243 : chars 115 words  17 codelength  282.690
Language 2 Line 244 : chars 131 words  17 codelength  205.532
Language 2 Line 245 : chars  89 words  13 codelength  120.327
Language 2 Line 246 : chars 227 words  33 codelength  333.656
Language 2 Line 247 : chars  91 words  14 codelength  112.190
Language 2 Line 248 : chars 303 words  46 codelength  552.268
Language 2 Line 249 : chars 106 words  15 codelength  174.353
Processing line 250 for Language 2
Language 2 Line 250 : chars  31 words   4 codelength   41.159
Language 2 Line 251 : chars  48 words   8 codelength   55.681
Language 2 Line 252 : chars  34 words   4 codelength   49.715
Language 2 Line 253 : chars 397 words  52 codelength  428.441
Language 2 Line 254 : chars 416 words  51 codelength  650.115
Language 2 Line 255 : chars 119 words  17 codelength  231.049
Language 2 Line 256 : chars 112 words  12 codelength  187.139
Language 2 Line 257 : chars  95 words  15 codelength  161.240
Language 2 Line 258 : chars 124 words  16 codelength  185.067
Language 2 Line 259 : chars 269 words  32 codelength  476.179
Processing line 260 for Language 2
Language 2 Line 260 : chars 172 words  21 codelength  216.845
Language 2 Line 261 : chars 372 words  46 codelength  735.119
Language 2 Line 262 : chars 120 words  16 codelength  201.399
Language 2 Line 263 : chars 101 words  11 codelength  142.311
Language 2 Line 264 : chars 109 words  12 codelength  179.324
Language 2 Line 265 : chars 151 words  18 codelength  263.729
Language 2 Line 266 : chars 232 words  30 codelength  401.435
Language 2 Line 267 : chars 158 words  18 codelength  305.515
Language 2 Line 268 : chars 222 words  30 codelength  418.752
Language 2 Line 269 : chars  86 words  10 codelength  120.043
Processing line 270 for Language 2
Language 2 Line 270 : chars 221 words  27 codelength  506.114
Language 2 Line 271 : chars  62 words   7 codelength  126.558
Language 2 Line 272 : chars 266 words  37 codelength  486.446
Language 2 Line 273 : chars 136 words  21 codelength  240.912
Language 2 Line 274 : chars  39 words   5 codelength   57.509
Language 2 Line 275 : chars 229 words  39 codelength  512.083
Language 2 Line 276 : chars 147 words  20 codelength  195.829
Language 2 Line 277 : chars 343 words  45 codelength  587.280
Language 2 Line 278 : chars 175 words  22 codelength  273.806
Language 2 Line 279 : chars 165 words  21 codelength  231.727
Processing line 280 for Language 2
Language 2 Line 280 : chars  97 words   9 codelength  170.440
Language 2 Line 281 : chars  78 words  12 codelength  187.839
Language 2 Line 282 : chars 117 words  16 codelength  259.071
Language 2 Line 283 : chars 101 words  18 codelength  185.580
Language 2 Line 284 : chars  83 words  12 codelength  238.006
Language 2 Line 285 : chars  96 words  12 codelength  184.272
Language 2 Line 286 : chars  83 words  11 codelength  138.377
Language 2 Line 287 : chars 187 words  27 codelength  326.440
Language 2 Line 288 : chars  31 words   5 codelength   73.654
Language 2 Line 289 : chars 227 words  35 codelength  403.219
Processing line 290 for Language 2
Language 2 Line 290 : chars  38 words   6 codelength   81.545
Language 2 Line 291 : chars  64 words  11 codelength  145.978
Language 2 Line 292 : chars 317 words  49 codelength  564.098
Language 2 Line 293 : chars 307 words  47 codelength  481.316
Language 2 Line 294 : chars  16 words   2 codelength   22.195
Language 2 Line 295 : chars 163 words  23 codelength  311.197
Language 2 Line 296 : chars 200 words  25 codelength  306.485
Language 2 Line 297 : chars 162 words  21 codelength  278.114
Language 2 Line 298 : chars 143 words  16 codelength  194.948
Language 2 Line 299 : chars  93 words  14 codelength  130.355
Processing line 300 for Language 2
Language 2 Line 300 : chars  68 words  10 codelength   94.624
Language 2 Line 301 : chars 163 words  16 codelength  245.371
Language 2 Line 302 : chars 166 words  22 codelength  352.694
Language 2 Line 303 : chars  75 words   9 codelength   93.582
Language 2 Line 304 : chars 133 words  22 codelength  258.860
Language 2 Line 305 : chars  98 words  14 codelength  179.180
Language 2 Line 306 : chars 154 words  22 codelength  234.313
Language 2 Line 307 : chars 238 words  35 codelength  339.773
Language 2 Line 308 : chars 175 words  27 codelength  328.310
Language 2 Line 309 : chars 286 words  38 codelength  484.195
Processing line 310 for Language 2
Language 2 Line 310 : chars 169 words  27 codelength  309.949
Language 2 Line 311 : chars  89 words   9 codelength  174.056
Language 2 Line 312 : chars 211 words  31 codelength  358.548
Language 2 Line 313 : chars 193 words  28 codelength  325.625
Language 2 Line 314 : chars 257 words  33 codelength  388.735
Language 2 Line 315 : chars 192 words  22 codelength  296.609
Language 2 Line 316 : chars 133 words  21 codelength  361.085
Language 2 Line 317 : chars 390 words  48 codelength  587.105
Language 2 Line 318 : chars 332 words  53 codelength  576.927
Language 2 Line 319 : chars 371 words  48 codelength  593.381
Processing line 320 for Language 2
Language 2 Line 320 : chars 207 words  25 codelength  305.930
Language 2 Line 321 : chars  68 words   8 codelength  124.997
Language 2 Line 322 : chars  31 words   4 codelength   41.159
Language 2 Line 323 : chars  48 words   8 codelength   55.681
Language 2 Line 324 : chars  43 words   2 codelength   80.603
Language 2 Line 325 : chars 354 words  45 codelength  358.787
Language 2 Line 326 : chars 267 words  39 codelength  433.888
Language 2 Line 327 : chars 130 words  16 codelength  259.448
Language 2 Line 328 : chars 202 words  29 codelength  335.397
Language 2 Line 329 : chars  81 words  14 codelength  219.130
Processing line 330 for Language 2
Language 2 Line 330 : chars  51 words   9 codelength  144.506
Language 2 Line 331 : chars 183 words  20 codelength  325.572
Language 2 Line 332 : chars 183 words  28 codelength  269.171
Language 2 Line 333 : chars 101 words  16 codelength  191.760
Language 2 Line 334 : chars 109 words  15 codelength  155.276
Language 2 Line 335 : chars 119 words  16 codelength  169.136
Language 2 Line 336 : chars 141 words  21 codelength  238.798
Language 2 Line 337 : chars 103 words  14 codelength  149.274
Language 2 Line 338 : chars 255 words  36 codelength  390.174
Language 2 Line 339 : chars 113 words  15 codelength  171.150
Processing line 340 for Language 2
Language 2 Line 340 : chars  71 words  11 codelength  138.041
Language 2 Line 341 : chars 107 words  19 codelength  207.361
Language 2 Line 342 : chars 109 words  12 codelength  187.849
Language 2 Line 343 : chars 541 words  67 codelength  973.568
Language 2 Line 344 : chars 181 words  22 codelength  298.152
Language 2 Line 345 : chars 381 words  49 codelength  598.171
Language 2 Line 346 : chars  70 words  10 codelength  148.206
Language 2 Line 347 : chars 291 words  41 codelength  566.947
Language 2 Line 348 : chars 204 words  26 codelength  309.978
Language 2 Line 349 : chars 440 words  55 codelength  740.140
Processing line 350 for Language 2
Language 2 Line 350 : chars 346 words  49 codelength  557.799
Language 2 Line 351 : chars 239 words  30 codelength  292.737
Language 2 Line 352 : chars 258 words  33 codelength  414.064
Language 2 Line 353 : chars 120 words  13 codelength  207.588
Language 2 Line 354 : chars 186 words  23 codelength  310.340
Language 2 Line 355 : chars 211 words  28 codelength  348.900
Language 2 Line 356 : chars 169 words  22 codelength  343.322
Language 2 Line 357 : chars 155 words  19 codelength  213.520
Language 2 Line 358 : chars 202 words  25 codelength  346.404
Language 2 Line 359 : chars 335 words  40 codelength  552.490
Processing line 360 for Language 2
Language 2 Line 360 : chars 143 words  22 codelength  248.811
Language 2 Line 361 : chars 234 words  30 codelength  319.784
Language 2 Line 362 : chars 394 words  46 codelength  590.850
Language 2 Line 363 : chars 261 words  29 codelength  480.450
Language 2 Line 364 : chars  40 words   7 codelength   82.944
Language 2 Line 365 : chars 186 words  25 codelength  301.266
Language 2 Line 366 : chars 130 words  17 codelength  186.328
Language 2 Line 367 : chars 128 words  19 codelength  242.813
Language 2 Line 368 : chars  65 words  10 codelength  127.587
Language 2 Line 369 : chars 124 words  13 codelength  270.410
Processing line 370 for Language 2
Language 2 Line 370 : chars 818 words 106 codelength 1330.030
Language 2 Line 371 : chars 407 words  53 codelength  618.961
Language 2 Line 372 : chars 418 words  53 codelength  628.814
Language 2 Line 373 : chars 297 words  40 codelength  412.561
Language 2 Line 374 : chars 192 words  25 codelength  266.932
Language 2 Line 375 : chars  40 words   8 codelength   70.886
Language 2 Line 376 : chars 301 words  41 codelength  554.002
Language 2 Line 377 : chars 292 words  42 codelength  521.601
Language 2 Line 378 : chars 243 words  36 codelength  414.977
Language 2 Line 379 : chars 473 words  59 codelength  763.084
Processing line 380 for Language 2
Language 2 Line 380 : chars 322 words  40 codelength  519.186
Language 2 Line 381 : chars 105 words  15 codelength  151.187
Language 2 Line 382 : chars 266 words  41 codelength  503.997
Language 2 Line 383 : chars 290 words  37 codelength  452.667
Language 2 Line 384 : chars 279 words  35 codelength  475.393
Language 2 Line 385 : chars 160 words  23 codelength  268.407
Language 2 Line 386 : chars  80 words  11 codelength  160.981
Language 2 Line 387 : chars 321 words  46 codelength  643.765
Language 2 Line 388 : chars 149 words  21 codelength  201.262
Language 2 Line 389 : chars  96 words  14 codelength  168.858
Processing line 390 for Language 2
Language 2 Line 390 : chars 113 words  13 codelength  185.801
Language 2 Line 391 : chars  79 words  12 codelength  120.462
Language 2 Line 392 : chars 410 words  56 codelength  654.851
Language 2 Line 393 : chars 116 words  13 codelength  266.400
Language 2 Line 394 : chars 189 words  23 codelength  411.700
Language 2 Line 395 : chars 152 words  22 codelength  307.421
Language 2 Line 396 : chars  74 words  10 codelength  136.971
Language 2 Line 397 : chars 282 words  39 codelength  473.373
Language 2 Line 398 : chars 177 words  24 codelength  272.081
Language 2 Line 399 : chars 208 words  24 codelength  280.928
Processing line 400 for Language 2
Language 2 Line 400 : chars 305 words  40 codelength  596.791
Language 2 Line 401 : chars 282 words  37 codelength  578.642
Language 2 Line 402 : chars 333 words  47 codelength  625.425
Language 2 Line 403 : chars  16 words   2 codelength   22.195
Language 2 Line 404 : chars  15 words   2 codelength   26.933
Language 2 Line 405 : chars  77 words  11 codelength  124.799
Language 2 Line 406 : chars 179 words  22 codelength  275.800
Language 2 Line 407 : chars 120 words  17 codelength  180.617
Language 2 Line 408 : chars  46 words   8 codelength   94.525
Language 2 Line 409 : chars 144 words  21 codelength  223.929
Processing line 410 for Language 2
Language 2 Line 410 : chars 200 words  28 codelength  343.376
Language 2 Line 411 : chars 208 words  30 codelength  301.215
Language 2 Line 412 : chars 181 words  22 codelength  233.872
Language 2 Line 413 : chars 136 words  18 codelength  192.633
Language 2 Line 414 : chars 198 words  24 codelength  338.762
Language 2 Line 415 : chars 200 words  27 codelength  332.204
Language 2 Line 416 : chars 171 words  20 codelength  279.733
Language 2 Line 417 : chars 115 words  17 codelength  168.948
Language 2 Line 418 : chars 105 words  17 codelength  201.516
Language 2 Line 419 : chars  72 words  11 codelength  139.685
Processing line 420 for Language 2
Language 2 Line 420 : chars 443 words  54 codelength  689.630
Language 2 Line 421 : chars 586 words  81 codelength  952.680
Language 2 Line 422 : chars 214 words  27 codelength  294.998
Language 2 Line 423 : chars 112 words  17 codelength  199.073
Language 2 Line 424 : chars 121 words  22 codelength  168.662
Language 2 Line 425 : chars 145 words  18 codelength  209.930
Language 2 Line 426 : chars 101 words  13 codelength  281.945
Language 2 Line 427 : chars  99 words  11 codelength  137.246
Language 2 Line 428 : chars 214 words  30 codelength  322.496
Language 2 Line 429 : chars 265 words  36 codelength  440.957
Processing line 430 for Language 2
Language 2 Line 430 : chars 119 words  15 codelength  180.073
Language 2 Line 431 : chars 172 words  29 codelength  296.547
Language 2 Line 432 : chars  55 words  10 codelength   84.800
Language 2 Line 433 : chars 243 words  30 codelength  375.207
Language 2 Line 434 : chars 313 words  45 codelength  499.600
Language 2 Line 435 : chars 137 words  17 codelength  227.854
Language 2 Line 436 : chars 165 words  21 codelength  222.444
Language 2 Line 437 : chars  42 words   7 codelength   83.838
Language 2 Line 438 : chars 248 words  33 codelength  372.142
Language 2 Line 439 : chars 388 words  52 codelength  492.415
Processing line 440 for Language 2
Language 2 Line 440 : chars 159 words  18 codelength  221.413
Language 2 Line 441 : chars 226 words  26 codelength  390.379
Language 2 Line 442 : chars 249 words  33 codelength  385.275
Language 2 Line 443 : chars  74 words  13 codelength  148.909
Language 2 Line 444 : chars 245 words  31 codelength  414.305
Language 2 Line 445 : chars 239 words  33 codelength  452.599
Language 2 Line 446 : chars 234 words  31 codelength  367.875
Language 2 Line 447 : chars  80 words  14 codelength  184.609
Language 2 Line 448 : chars 339 words  43 codelength  628.937
Language 2 Line 449 : chars 325 words  39 codelength  460.517
Processing line 450 for Language 2
Language 2 Line 450 : chars 395 words  46 codelength  722.816
Language 2 Line 451 : chars 165 words  23 codelength  279.216
Language 2 Line 452 : chars 143 words  19 codelength  251.209
Language 2 Line 453 : chars 213 words  30 codelength  398.552
Language 2 Line 454 : chars 111 words  16 codelength  202.072
Language 2 Line 455 : chars 104 words  16 codelength  174.439
Language 2 Line 456 : chars 152 words  22 codelength  254.251
Language 2 Line 457 : chars 309 words  35 codelength  437.283
Language 2 Line 458 : chars  62 words   7 codelength  108.896
Language 2 Line 459 : chars 121 words  17 codelength  195.354
Processing line 460 for Language 2
Language 2 Line 460 : chars 213 words  36 codelength  392.658
Language 2 Line 461 : chars 159 words  27 codelength  292.057
Language 2 Line 462 : chars  64 words  10 codelength   95.184
Language 2 Line 463 : chars 179 words  24 codelength  254.134
Language 2 Line 464 : chars 152 words  22 codelength  225.221
Language 2 Line 465 : chars 189 words  29 codelength  284.143
Language 2 Line 466 : chars 182 words  22 codelength  276.854
Language 2 Line 467 : chars 270 words  43 codelength  466.502
Language 2 Line 468 : chars 307 words  45 codelength  489.777
Language 2 Line 469 : chars 233 words  36 codelength  465.671
Processing line 470 for Language 2
Language 2 Line 470 : chars 191 words  24 codelength  365.623
Language 2 Line 471 : chars 119 words  13 codelength  170.230
Language 2 Line 472 : chars 117 words  13 codelength  167.955
Language 2 Line 473 : chars 166 words  22 codelength  284.968
Language 2 Line 474 : chars 160 words  19 codelength  239.659
Language 2 Line 475 : chars 112 words  17 codelength  190.174
Language 2 Line 476 : chars 117 words  14 codelength  146.074
Language 2 Line 477 : chars  94 words  15 codelength  153.659
Language 2 Line 478 : chars 144 words  23 codelength  277.651
Language 2 Line 479 : chars 179 words  27 codelength  308.085
Processing line 480 for Language 2
Language 2 Line 480 : chars  59 words  10 codelength  116.941
Language 2 Line 481 : chars 225 words  31 codelength  370.377
Language 2 Line 482 : chars 134 words  14 codelength  247.283
Language 2 Line 483 : chars 182 words  22 codelength  282.997
Language 2 Line 484 : chars  76 words  10 codelength  129.934
Language 2 Line 485 : chars 173 words  24 codelength  303.240
Language 2 Line 486 : chars 115 words  13 codelength  193.886
Language 2 Line 487 : chars 233 words  32 codelength  366.687
Language 2 Line 488 : chars 106 words  16 codelength  225.005
Language 2 Line 489 : chars  82 words  11 codelength  121.677
Processing line 490 for Language 2
Language 2 Line 490 : chars  91 words  11 codelength  120.003
Language 2 Line 491 : chars  37 words   6 codelength   75.425
Language 2 Line 492 : chars 107 words  12 codelength  145.559
Language 2 Line 493 : chars 244 words  31 codelength  410.354
Language 2 Line 494 : chars 234 words  32 codelength  360.988
Language 2 Line 495 : chars 234 words  32 codelength  353.394
Language 2 Line 496 : chars 302 words  40 codelength  501.260
Language 2 Line 497 : chars 602 words  81 codelength  941.371
Language 2 Line 498 : chars 254 words  32 codelength  400.719
Language 2 Line 499 : chars 316 words  48 codelength  559.441
Processing line 500 for Language 2
Language 2 Line 500 : chars 260 words  40 codelength  490.067
Language 2 Line 501 : chars 208 words  32 codelength  367.753
Language 2 Line 502 : chars 247 words  37 codelength  473.316
Language 2 Line 503 : chars  31 words   5 codelength   58.412
Language 2 Line 504 : chars 109 words  16 codelength  165.828
Language 2 Line 505 : chars 430 words  56 codelength  694.259
Language 2 Line 506 : chars 157 words  22 codelength  307.491
Language 2 Line 507 : chars 153 words  23 codelength  286.202
Language 2 Line 508 : chars 365 words  52 codelength  615.375
Language 2 Line 509 : chars 103 words  13 codelength  193.310
Processing line 510 for Language 2
Language 2 Line 510 : chars 158 words  20 codelength  252.780
Language 2 Line 511 : chars 266 words  39 codelength  542.853
Language 2 Line 512 : chars 370 words  52 codelength  646.930
Language 2 Line 513 : chars 480 words  62 codelength  766.992
Language 2 Line 514 : chars  57 words   8 codelength  104.232
Language 2 Line 515 : chars 185 words  24 codelength  272.815
Language 2 Line 516 : chars 259 words  33 codelength  317.884
Language 2 Line 517 : chars 146 words  18 codelength  214.688
Language 2 Line 518 : chars 186 words  22 codelength  316.858
Language 2 Line 519 : chars 190 words  25 codelength  300.976
Processing line 520 for Language 2
Language 2 Line 520 : chars 392 words  52 codelength  695.206
Language 2 Line 521 : chars 293 words  40 codelength  458.476
Language 2 Line 522 : chars 142 words  18 codelength  210.989
Language 2 Line 523 : chars 122 words  17 codelength  183.361
Language 2 Line 524 : chars 175 words  22 codelength  337.501
Language 2 Line 525 : chars 251 words  31 codelength  409.770
Language 2 Line 526 : chars 104 words  11 codelength  182.339
Language 2 Line 527 : chars 134 words  20 codelength  216.991
Language 2 Line 528 : chars 273 words  36 codelength  489.814
Language 2 Line 529 : chars 128 words  18 codelength  172.315
Processing line 530 for Language 2
Language 2 Line 530 : chars 116 words  13 codelength  245.905
Language 2 Line 531 : chars 131 words  20 codelength  226.884
Language 2 Line 532 : chars 261 words  41 codelength  400.092
Language 2 Line 533 : chars 148 words  21 codelength  247.647
Language 2 Line 534 : chars 163 words  22 codelength  302.192
Language 2 Line 535 : chars 118 words  19 codelength  175.627
Language 2 Line 536 : chars 196 words  31 codelength  317.337
Language 2 Line 537 : chars 203 words  33 codelength  419.250
Language 2 Line 538 : chars 238 words  36 codelength  378.711
Language 2 Line 539 : chars 146 words  19 codelength  228.018
Processing line 540 for Language 2
Language 2 Line 540 : chars 216 words  29 codelength  309.141
Language 2 Line 541 : chars 191 words  23 codelength  288.022
Language 2 Line 542 : chars  79 words  12 codelength  144.005
Language 2 Line 543 : chars 598 words  63 codelength  984.979
Language 2 Line 544 : chars 210 words  27 codelength  346.293
Language 2 Line 545 : chars 176 words  24 codelength  270.845
Language 2 Line 546 : chars 373 words  44 codelength  511.486
Language 2 Line 547 : chars 361 words  51 codelength  644.407
Language 2 Line 548 : chars  39 words   8 codelength   79.776
Language 2 Line 549 : chars 225 words  29 codelength  386.603
Processing line 550 for Language 2
Language 2 Line 550 : chars 187 words  27 codelength  285.517
Language 2 Line 551 : chars 212 words  28 codelength  329.796
Language 2 Line 552 : chars 434 words  56 codelength  644.029
Language 2 Line 553 : chars 410 words  54 codelength  631.004
Language 2 Line 554 : chars 201 words  27 codelength  342.801
Language 2 Line 555 : chars 235 words  31 codelength  354.830
Language 2 Line 556 : chars 373 words  55 codelength  621.987
Language 2 Line 557 : chars 548 words  71 codelength  734.114
Language 2 Line 558 : chars 255 words  40 codelength  398.067
Language 2 Line 559 : chars 390 words  52 codelength  638.107
Processing line 560 for Language 2
Language 2 Line 560 : chars 219 words  28 codelength  278.790
Language 2 Line 561 : chars 361 words  44 codelength  629.906
Language 2 Line 562 : chars 206 words  31 codelength  427.429
Language 2 Line 563 : chars  31 words   5 codelength   64.753
Language 2 Line 564 : chars 270 words  38 codelength  428.171
Language 2 Line 565 : chars 403 words  52 codelength  689.669
Language 2 Line 566 : chars 335 words  44 codelength  523.804
Language 2 Line 567 : chars 306 words  46 codelength  534.481
Language 2 Line 568 : chars 183 words  25 codelength  265.604
Language 2 Line 569 : chars  89 words  12 codelength  151.405
Processing line 570 for Language 2
Language 2 Line 570 : chars 401 words  60 codelength  651.094
Language 2 Line 571 : chars  98 words  12 codelength  156.643
Language 2 Line 572 : chars 349 words  49 codelength  615.375
Language 2 Line 573 : chars 556 words  81 codelength  854.555
Language 2 Line 574 : chars 569 words  81 codelength 1016.815
Language 2 Line 575 : chars 123 words  15 codelength  201.562
Language 2 Line 576 : chars 542 words  72 codelength  837.072
Language 2 Line 577 : chars 405 words  47 codelength  619.874
Language 2 Line 578 : chars  91 words  12 codelength  173.245
Language 2 Line 579 : chars 679 words 103 codelength 1328.605
Processing line 580 for Language 2
Language 2 Line 580 : chars 245 words  31 codelength  403.837
Language 2 Line 581 : chars 109 words  16 codelength  186.428
Language 2 Line 582 : chars  74 words  14 codelength  151.358
Language 2 Line 583 : chars 340 words  48 codelength  643.880
Language 2 Line 584 : chars 172 words  25 codelength  334.065
Language 2 Line 585 : chars 331 words  47 codelength  497.059
Language 2 Line 586 : chars 231 words  31 codelength  345.888
Language 2 Line 587 : chars  46 words   6 codelength   83.873
Language 2 Line 588 : chars 165 words  23 codelength  267.289
Language 2 Line 589 : chars 433 words  54 codelength  732.206
Processing line 590 for Language 2
Language 2 Line 590 : chars 106 words  12 codelength  160.235
Language 2 Line 591 : chars 125 words  17 codelength  183.399
Language 2 Line 592 : chars  98 words  14 codelength  199.101
Language 2 Line 593 : chars 243 words  30 codelength  425.428
Language 2 Line 594 : chars  80 words  12 codelength  195.778
Language 2 Line 595 : chars 171 words  24 codelength  284.943
Language 2 Line 596 : chars 215 words  29 codelength  395.200
Language 2 Line 597 : chars  49 words   8 codelength   95.483
Language 2 Line 598 : chars 172 words  23 codelength  233.348
Language 2 Line 599 : chars 123 words  18 codelength  226.555
Processing line 600 for Language 2
Language 2 Line 600 : chars 370 words  44 codelength  613.505
Language 2 Line 601 : chars 227 words  30 codelength  357.777
Language 2 Line 602 : chars 343 words  48 codelength  598.323
Language 2 Line 603 : chars 222 words  34 codelength  388.229
Language 2 Line 604 : chars 150 words  20 codelength  238.838
Language 2 Line 605 : chars 392 words  55 codelength  648.475
Language 2 Line 606 : chars 234 words  34 codelength  406.398
Language 2 Line 607 : chars 151 words  18 codelength  274.938
Language 2 Line 608 : chars 164 words  22 codelength  277.012
Language 2 Line 609 : chars 149 words  21 codelength  283.403
Processing line 610 for Language 2
Language 2 Line 610 : chars 191 words  27 codelength  315.759
Language 2 Line 611 : chars 343 words  46 codelength  570.282
Language 2 Line 612 : chars 153 words  21 codelength  320.380
Language 2 Line 613 : chars 336 words  45 codelength  569.358
Language 2 Line 614 : chars  31 words   4 codelength   41.159
Language 2 Line 615 : chars  48 words   8 codelength   55.681
Language 2 Line 616 : chars  52 words   6 codelength   59.383
Language 2 Line 617 : chars 338 words  43 codelength  383.812
Language 2 Line 618 : chars 361 words  46 codelength  550.310
Language 2 Line 619 : chars 276 words  40 codelength  500.303
Processing line 620 for Language 2
Language 2 Line 620 : chars 307 words  39 codelength  507.329
Language 2 Line 621 : chars 407 words  53 codelength  598.810
Language 2 Line 622 : chars 279 words  35 codelength  456.974
Language 2 Line 623 : chars 255 words  33 codelength  490.138
Language 2 Line 624 : chars 372 words  45 codelength  525.423
Language 2 Line 625 : chars 590 words  76 codelength  823.914
Language 2 Line 626 : chars  90 words  10 codelength  130.916
Language 2 Line 627 : chars 125 words  17 codelength  208.458
Language 2 Line 628 : chars 288 words  38 codelength  487.639
Language 2 Line 629 : chars 213 words  28 codelength  326.746
Processing line 630 for Language 2
Language 2 Line 630 : chars 115 words  15 codelength  163.617
Language 2 Line 631 : chars  69 words  11 codelength  128.321
Language 2 Line 632 : chars 314 words  44 codelength  451.371
Language 2 Line 633 : chars  16 words   2 codelength   22.195
Language 2 Line 634 : chars  15 words   2 codelength   26.933
Language 2 Line 635 : chars 218 words  26 codelength  293.783
Language 2 Line 636 : chars 223 words  31 codelength  356.517
Language 2 Line 637 : chars 300 words  37 codelength  589.666
Language 2 Line 638 : chars 137 words  20 codelength  234.038
Language 2 Line 639 : chars 217 words  29 codelength  420.028
Processing line 640 for Language 2
Language 2 Line 640 : chars 154 words  21 codelength  291.714
Language 2 Line 641 : chars 144 words  20 codelength  168.972
Language 2 Line 642 : chars  79 words  10 codelength  104.466
Language 2 Line 643 : chars 178 words  24 codelength  290.706
Language 2 Line 644 : chars  39 words   6 codelength   75.920
Language 2 Line 645 : chars 164 words  23 codelength  259.175
Language 2 Line 646 : chars  88 words  10 codelength  153.583
Language 2 Line 647 : chars 176 words  22 codelength  223.941
Language 2 Line 648 : chars 137 words  18 codelength  253.917
Language 2 Line 649 : chars  67 words   8 codelength  111.388
Processing line 650 for Language 2
Language 2 Line 650 : chars 235 words  30 codelength  308.077
Language 2 Line 651 : chars 515 words  69 codelength  820.274
Language 2 Line 652 : chars 904 words 109 codelength 1442.811
Language 2 Line 653 : chars 282 words  34 codelength  452.823
Language 2 Line 654 : chars 246 words  32 codelength  335.872
Language 2 Line 655 : chars 249 words  27 codelength  386.940
Language 2 Line 656 : chars 168 words  24 codelength  299.200
Language 2 Line 657 : chars 295 words  44 codelength  518.815
Language 2 Line 658 : chars 278 words  30 codelength  495.268
Language 2 Line 659 : chars  99 words  12 codelength  143.934
Processing line 660 for Language 2
Language 2 Line 660 : chars 270 words  31 codelength  431.117
Language 2 Line 661 : chars 265 words  31 codelength  469.617
Language 2 Line 662 : chars 127 words  11 codelength  209.843
Language 2 Line 663 : chars 135 words  14 codelength  253.133
Language 2 Line 664 : chars 177 words  23 codelength  288.281
Language 2 Line 665 : chars  66 words   9 codelength  106.529
Language 2 Line 666 : chars 112 words  17 codelength  200.007
Language 2 Line 667 : chars 405 words  51 codelength  715.572
Language 2 Line 668 : chars  91 words  11 codelength  150.428
Language 2 Line 669 : chars 149 words  19 codelength  176.877
Processing line 670 for Language 2
Language 2 Line 670 : chars 160 words  21 codelength  303.051
Language 2 Processed 671 lines
