pos: 1 c: INP
pos: 2 c: CNoun
pos: 2 c: CNP
pos: 5 c: INP
pos: 6 c: CPNoun
pos: 6 c: CNP
pos: 7 c: CPNoun
pos: 7 c: CNP
pos: 8 c: CPNoun
pos: 8 c: CNP
pos: 10 c: CPNoun
pos: 11 c: CPNoun
pos: 15 c: CNoun
pos: 19 c: INP
pos: 20 c: INP
pos: 20 c: INP
pos: 20 c: INP1
pos: 21 c: CNoun
pos: 21 c: CNP
pos: 21 c: CNP
pos: 28 c: INP
pos: 29 c: CNoun
pos: 29 c: CNP
pos: 31 c: CNoun
pos: 36 c: INP
pos: 37 c: CNoun
pos: 37 c: CNP
pos: 39 c: CPNoun
pos: 40 c: CPNoun
pos: 41 c: CPNoun
pos: 42 c: CPNoun
pos: 47 c: INP
pos: 48 c: CPNoun
pos: 48 c: CNP
pos: 49 c: CNoun
pos: 49 c: CNP
pos: 52 c: INP
pos: 53 c: CNoun
pos: 53 c: CNP
pos: 56 c: INP
pos: 57 c: CNoun
pos: 57 c: CNP
pos: 59 c: CNoun
pos: 61 c: CNoun
pos: 63 c: CNoun
pos: 64 c: CNoun
pos: 66 c: INP
pos: 67 c: CNoun
pos: 67 c: CNP
pos: 69 c: CNoun
pos: 71 c: CNoun
pos: 73 c: INP
pos: 74 c: CNoun
pos: 74 c: CNP
pos: 76 c: CPNoun
pos: 77 c: CPNoun
pos: 78 c: CPNoun
pos: 81 c: INP
pos: 82 c: CNoun
pos: 82 c: CNP
pos: 85 c: CPNoun
pos: 86 c: CNoun
pos: 87 c: CNoun
pos: 88 c: CNoun
pos: 91 c: CNoun
pos: 97 c: INP
pos: 98 c: INP
pos: 98 c: INP
pos: 98 c: INP1
pos: 99 c: CNoun
pos: 99 c: CNP
pos: 99 c: CNP
pos: 102 c: INP
pos: 103 c: CNoun
pos: 103 c: CNP
pos: 105 c: INP
pos: 107 c: CNoun
pos: 109 c: CNoun
pos: 111 c: CPNoun
pos: 112 c: CPNoun
pos: 113 c: CPNoun
pos: 114 c: CNoun
pos: 115 c: CNoun
pos: 116 c: INP
pos: 118 c: INP
pos: 119 c: INP
pos: 119 c: INP
pos: 119 c: INP1
pos: 120 c: CNoun
pos: 120 c: CNP
pos: 120 c: CNP
pos: 122 c: CNoun
pos: 124 c: INP
pos: 125 c: CNoun
pos: 125 c: CNP
pos: 127 c: CNoun
pos: 130 c: CNoun
pos: 132 c: CPNoun
pos: 133 c: INP
pos: 134 c: CNoun
pos: 134 c: CNP
pos: 136 c: INP
pos: 138 c: CNoun
pos: 140 c: CNoun
pos: 144 c: INP
pos: 145 c: CNoun
pos: 145 c: CNP
pos: 146 c: CNoun
pos: 146 c: CNP
pos: 149 c: INP
pos: 150 c: CNoun
pos: 150 c: CNP
pos: 152 c: INP
pos: 153 c: CNoun
pos: 153 c: CNP
pos: 155 c: INP
pos: 156 c: CNoun
pos: 156 c: CNP
pos: 157 c: CNoun
pos: 157 c: CNP
pos: 159 c: CPNoun
pos: 160 c: CPNoun
