Processes: 279 total, 2 running, 11 stuck, 266 sleeping, 1390 threads 
2018/04/25 10:33:50
Load Avg: 1.54, 1.52, 1.49 
CPU usage: 5.34% user, 11.45% sys, 83.20% idle 
SharedLibs: 131M resident, 17M data, 18M linkedit.
MemRegions: 99820 total, 3946M resident, 84M private, 3871M shared.
PhysMem: 13G used (2337M wired), 3034M unused.
VM: 817G vsize, 533M framework vsize, 6058760(0) swapins, 7338986(0) swapouts.
Networks: packets: 12223918/12G in, 8236896/4129M out.
Disks: 4540696/94G read, 2340331/97G written.

PID    COMMAND          %CPU TIME     #TH   #WQ #PORTS MEM    PURG   CMPRS  PGRP  PPID  STATE    BOOSTS        %CPU_ME %CPU_OTHRS UID   FAULTS    COW      MSGSENT    MSGRECV    SYSBSD     SYSMACH    CSW        PAGEINS IDLEW    POWER USER             #MREGS RPRVT VPRVT VSIZE KPRVT KSHRD
73087  top              0.0  00:00.15 1/1   0   16+    2788K+ 0B     0B     73087 9239  running  *0[1+]        0.00000 0.00000    0     1165+     55+      223025+    111512+    1222+      113788+    8+         0       0        0.0   root             N/A    N/A   N/A   N/A   N/A   N/A  
72994  Google Chrome He 0.0  00:15.26 18    0   163+   78M+   0B     0B     25942 25942 sleeping *0[1+]        0.00000 0.00000    59845 197583+   1717+    54638+     17860+     170817+    240871+    84429+     17+     2986     0.0   eesa0e           N/A    N/A   N/A   N/A   N/A   N/A  
72968  mdworker         0.0  00:00.04 3     0   40+    3128K+ 0B     0B     72968 1     sleeping *0[1+]        0.00000 0.00000    89    3585+     180+     619+       261+       1431+      658+       159+       0       4        0.0   _spotlight       N/A    N/A   N/A   N/A   N/A   N/A  
72766  mdworker         0.0  00:00.22 4     0   58+    11M+   0B     0B     72766 1     sleeping *0[1+]        0.00000 0.00000    59845 7011+     186+     1481+      547+       4730+      2105+      958+       0       9        0.0   eesa0e           N/A    N/A   N/A   N/A   N/A   N/A  
72765  mdworker         0.0  00:00.35 4     0   58+    11M+   0B     0B     72765 1     sleeping *0[1+]        0.00000 0.00000    59845 17225+    185+     1562+      574+       4914+      2248+      1462+      0       11       0.0   eesa0e           N/A    N/A   N/A   N/A   N/A   N/A  
72749  ocspd            0.0  00:00.02 2     0   30+    1640K+ 0B     0B     72749 1     sleeping *0[1+]        0.00000 0.00000    0     1629+     127+     258+       44+        585+       476+       175+       0       24       0.0   root             N/A    N/A   N/A   N/A   N/A   N/A  
72744  mdworker         0.0  00:00.04 3     0   40+    3172K+ 0B     0B     72744 1     sleeping *0[1+]        0.00000 0.00000    89    3620+     180+     681+       277+       1608+      764+       193+       0       3        0.0   _spotlight       N/A    N/A   N/A   N/A   N/A   N/A  
72677  mdworker         0.0  00:00.04 3     0   40+    3136K+ 0B     0B     72677 1     sleeping *0[1+]        0.00000 0.00000    89    3592+     180+     618+       263+       1374+      650+       137+       0       6        0.0   _spotlight       N/A    N/A   N/A   N/A   N/A   N/A  
72676  mdworker         0.0  00:00.12 4     0   58+    9444K+ 0B     0B     72676 1     sleeping *0[1+]        0.00000 0.00000    59845 6168+     186+     1060+      414+       3531+      1413+      618+       0       7        0.0   eesa0e           N/A    N/A   N/A   N/A   N/A   N/A  
72675  mdworker         0.0  00:00.17 4     0   58+    11M+   0B     0B     72675 1     sleeping *0[1+]        0.00000 0.00000    59845 6964+     185+     1154+      435+       3764+      1573+      642+       0       15       0.0   eesa0e           N/A    N/A   N/A   N/A   N/A   N/A  
72462  Google Chrome He 0.0  00:08.76 19    1   162+   59M+   0B     0B     25942 25942 stuck    *0[1+]        0.00000 0.00000    59845 76817+    1659+    38678+     10880+     123378+    202251+    66033+     15+     2864     0.0   eesa0e           N/A    N/A   N/A   N/A   N/A   N/A  
72460  Python           0.0  00:00.07 1     0   18+    5076K+ 0B     0B     72460 1     sleeping *0[1+]        0.00000 0.00000    0     2712+     256+     127+       47+        2917+      279+       254+       0       0        0.0   root             N/A    N/A   N/A   N/A   N/A   N/A  
67214  Google Chrome He 0.0  00:37.82 23    2   220+   292M+  32K+   0B     25942 25942 stuck    *0[1+]        0.00000 0.00000    59845 237048+   1787+    178051+    65237+     458604+    880674+    259984+    62+     22447    0.0   eesa0e           N/A    N/A   N/A   N/A   N/A   N/A  
67056  Google Chrome He 0.0  00:18.46 18    0   160+   163M+  0B     0B     25942 25942 sleeping *0[1+]        0.00000 0.00000    59845 170612+   1830+    103882+    31575+     296726+    427148+    152417+    47+     3953     0.0   eesa0e           N/A    N/A   N/A   N/A   N/A   N/A  
67044  SophosMessageRou 0.0  00:04.49 17    0   30+    4748K+ 0B     0B     67044 1     sleeping *0[1+]        0.00000 0.00000    0     4042+     460+     83+        32+        165392+    164+       80802+     0       54211    0.0   root             N/A    N/A   N/A   N/A   N/A   N/A  
67043  SophosManagement 0.0  00:07.45 18    3   147+   8068K+ 0B     0B     67043 1     sleeping *0[1+]        0.00000 0.00000    0     7748+     541+     8813+      1533+      319658+    19131+     126724+    321+    48326    0.0   root             N/A    N/A   N/A   N/A   N/A   N/A  
67030  Google Chrome He 0.0  00:00.57 10    0   99+    30M+   0B     0B     25942 25942 sleeping *0[1+]        0.00000 0.00000    59845 14033+    1548+    4984+      1441+      18105+     32986+     7885+      1+      440      0.0   eesa0e           N/A    N/A   N/A   N/A   N/A   N/A  
67029  Google Chrome He 0.0  00:12.49 17    0   158+   99M+   0B     0B     25942 25942 sleeping *0[1+]        0.00000 0.00000    59845 1988284+  1668+    83185+     30982+     167838+    256170+    91139+     4+      1990     0.0   eesa0e           N/A    N/A   N/A   N/A   N/A   N/A  
67028  Google Chrome He 0.0  00:01.34 17    0   152+   18M+   0B     0B     25942 25942 sleeping *0[1+]        0.00000 0.00000    59845 14830+    1587+    11963+     2891+      30185+     66482+     18893+     0       896      0.0   eesa0e           N/A    N/A   N/A   N/A   N/A   N/A  
66861  Google Chrome He 0.0  01:06.13 20    1   184+   196M+  0B     0B     25942 25942 sleeping *0[1+]        0.00000 0.00000    59845 508713+   2246+    281011+    112621+    662881+    941101+    356962+    786+    14909    0.0   eesa0e           N/A    N/A   N/A   N/A   N/A   N/A  
66850  netbiosd         0.0  00:00.31 5     4   45+    3656K+ 0B     0B     66850 1     sleeping *0[1+]        0.00000 0.00000    222   3399+     155+     2290+      780+       16128+     1772+      6108+      0       330      0.0   _netbios         N/A    N/A   N/A   N/A   N/A   N/A  
66436  Google Chrome He 0.0  01:31.36 20    2   166+   102M+  0B     0B     25942 25942 sleeping *0[1+]        0.00000 0.00000    59845 155220+   1710+    407216+    54271+     663194+    2785037+   601487+    0       87100    0.0   eesa0e           N/A    N/A   N/A   N/A   N/A   N/A  
66040  Google Chrome He 0.0  01:26.63 25    0   193+   136M+  0B     0B     25942 25942 sleeping *0[1+]        0.00000 0.00000    59845 188291+   1686+    285000+    98003+     661080+    1940635+   439244+    0       84572    0.0   eesa0e           N/A    N/A   N/A   N/A   N/A   N/A  
65767  com.apple.WebKit 0.0  00:00.15 3     0   79+    4216K+ 0B     0B     65767 1     sleeping *2+[1+]       0.00000 0.00000    59845 5686+     204+     784+       779+       4186+      3392+      2927+      493+    129      0.0   eesa0e           N/A    N/A   N/A   N/A   N/A   N/A  
65766  com.apple.WebKit 0.0  00:01.35 11    0   185+   12M+   0B     0B     65766 1     sleeping *0[608+]      0.00000 0.00000    59845 23027+    448+     5323+      3015+      26048+     18813+     15921+     1156+   224      0.0   eesa0e           N/A    N/A   N/A   N/A   N/A   N/A  
65706  CoreServicesUIAg 0.0  00:00.11 3     0   142+   4508K+ 0B     0B     65706 1     sleeping *0[1+]        0.00000 0.00000    59845 4637+     227+     1998+      762+       4783+      3707+      2564+      23+     65       0.0   eesa0e           N/A    N/A   N/A   N/A   N/A   N/A  
65703  Google Chrome He 0.0  00:02.74 17    0   150+   48M+   0B     0B     25942 25942 sleeping *0[1+]        0.00000 0.00000    59845 39565+    1652+    25768+     10681+     56047+     87393+     23896+     61+     2061     0.0   eesa0e           N/A    N/A   N/A   N/A   N/A   N/A  
65592  pkd              0.0  00:00.97 2     0   62+    3756K+ 0B     0B     65592 1     sleeping *0[25+]       0.00000 0.00000    59845 6459+     158+     883+       393+       141500+    1587+      1173+      11+     31       0.0   eesa0e           N/A    N/A   N/A   N/A   N/A   N/A  
65544  helpd            0.0  00:00.02 2     0   36+    1252K+ 0B     0B     65544 1     sleeping  0[0]         0.00000 0.00000    59845 2004+     133+     235+       130+       809+       740+       341+       4+      1        0.0   eesa0e           N/A    N/A   N/A   N/A   N/A   N/A  
58235  system_installd  0.0  00:18.19 2     0   52+    122M+  0B     344K+  58235 1     sleeping *0[1+]        0.00000 0.00000    0     48986+    1209+    4440+      1597+      371150+    11256+     83083+     296+    298      0.0   root             N/A    N/A   N/A   N/A   N/A   N/A  
58233  tccd             0.0  00:00.01 3     1   32+    8192B+ 0B     2188K+ 58233 1     stuck    *0[3+]        0.00000 0.00000    235   1385+     128+     148+       55+        507+       278+       100+       0       5        0.0   _assetcache      N/A    N/A   N/A   N/A   N/A   N/A  
58232  AssetCacheLocato 0.0  00:00.86 4     0   76+    2344K+ 0B     2980K+ 58232 1     sleeping *0[3+]        0.00000 0.00000    235   7121+     177+     4367+      4805+      24336+     21278+     21207+     8+      546      0.0   _assetcache      N/A    N/A   N/A   N/A   N/A   N/A  
58230  softwareupdate_d 0.0  00:00.74 3     0   72+    2216K+ 0B     2372K+ 58230 1     sleeping  0[0]         0.00000 0.00000    200   6256+     169+     3907+      5207+      34201+     17642+     17589+     40+     374      0.0   _softwareupdate  N/A    N/A   N/A   N/A   N/A   N/A  
38868  QuickLookUIHelpe 0.0  00:04.89 3     0   148+   3844K+ 0B     26M+   38868 1     sleeping *0[1+]        0.00000 0.00000    59845 35220+    1717+    29007+     12096+     76743+     51094+     51555+     959+    513      0.0   eesa0e           N/A    N/A   N/A   N/A   N/A   N/A  
37956  Microsoft PowerP 0.0  03:40.43 14    7   347+   62M+   0B     858M+  37956 1     stuck    *0[1068+]     0.00000 0.00000    59845 5706985+  341275+  1601629+   340566+    2447515+   12860846+  1414047+   35934+  53721    0.0   eesa0e           N/A    N/A   N/A   N/A   N/A   N/A  
33268  VTDecoderXPCServ 0.0  01:15.19 2     0   39+    9024K+ 0B     736K+  33268 1     sleeping *0[18392+]    0.00000 0.00000    59845 872948+   177+     1034141+   452647+    409932+    885540+    295560+    293+    45       0.0   eesa0e           N/A    N/A   N/A   N/A   N/A   N/A  
33267  Google Chrome He 0.0  42:31.69 13    1   255+   268M+  0B     32M+   25942 25942 sleeping *0[1+]        0.00000 0.00000    59845 15882690+ 248858+  18117512+  6581768+   61679312+  79629441+  31136458+  1475+   8131960  0.0   eesa0e           N/A    N/A   N/A   N/A   N/A   N/A  
26372  AppleCameraAssis 0.0  00:06.41 4     0   264+   384K+  0B     628K+  26372 1     sleeping *0[1+]        0.00000 0.00000    0     96942+    134+     553229+    223657+    12785+     802148+    89900+     29+     413      0.0   root             N/A    N/A   N/A   N/A   N/A   N/A  
26147  com.apple.appsto 0.0  00:00.09 2     1   27+    580K+  0B     520K+  26147 1     sleeping *0[2+]        0.00000 0.00000    59845 2865+     118+     539+       460+       3275+      1371+      2740+      0       97       0.0   eesa0e           N/A    N/A   N/A   N/A   N/A   N/A  
25957  Google Chrome He 0.0  06:02.32 20    0   155+   199M+  0B     28M+   25942 25942 sleeping *0[1+]        0.00000 0.00000    59845 6392527+  10596+   742097+    348047+    5362759+   4995022+   2073794+   629+    39144    0.0   eesa0e           N/A    N/A   N/A   N/A   N/A   N/A  
25956  Google Chrome He 0.0  05:19.87 18    1   146+   240M+  0B     61M+   25942 25942 stuck    *0[1+]        0.00000 0.00000    59845 6784622+  29360+   701060+    328854+    5246753+   4917663+   2005129+   82+     37026    0.0   eesa0e           N/A    N/A   N/A   N/A   N/A   N/A  
25949  AlertNotificatio 0.0  00:00.09 2     1   29+    572K+  0B     704K+  25949 1     sleeping *0[1+]        0.00000 0.00000    59845 3665+     132+     563+       475+       3357+      1369+      2552+      0       93       0.0   eesa0e           N/A    N/A   N/A   N/A   N/A   N/A  
25945  crashpad_handler 0.0  00:01.37 6     0   85+    2332K+ 0B     3068K+ 25944 1     sleeping *0[9+]        0.00000 0.00000    59845 29292+    156+     37832+     26310+     39372+     65288+     31703+     31+     1180     0.0   eesa0e           N/A    N/A   N/A   N/A   N/A   N/A  
25943  gamecontrollerd  0.0  00:09.53 3     1   114+   1532K+ 0B     472K+  25943 1     sleeping *0[587+]      0.00000 0.00000    247   8571+     146+     40225+     6053+      473859+    136668+    251203+    9+      24536    0.0   _gamecontrollerd N/A    N/A   N/A   N/A   N/A   N/A  
25942  Google Chrome    0.0  02:33:54 41    2   764+   271M+  576K+  96M+   25942 1     stuck    *0[15474+]    0.00000 0.00000    59845 9457356+  48813+   79724480+  32616474+  312788304+ 416208044+ 114695856+ 19273+  4308230  0.0   eesa0e           N/A    N/A   N/A   N/A   N/A   N/A  
25774  TeXShop          0.0  15:13.71 3     0   326+   445M+  84M+   5696M+ 25774 1     sleeping *0[4220+]     0.00000 0.00000    59845 28040504+ 4511+    5258737+   1162456+   5216434+   9700119+   3883159+   5057+   134972   0.0   eesa0e           N/A    N/A   N/A   N/A   N/A   N/A  
25316  periodic-wrapper 0.0  00:00.00 2     1   27+    8192B+ 0B     472K+  25316 1     sleeping *0[1+]        0.00000 0.00000    0     452+      81+      102+       44+        349+       185+       72+        8+      6        0.0   root             N/A    N/A   N/A   N/A   N/A   N/A  
22518  ViewBridgeAuxili 0.0  00:08.03 2     0   67+    1156K+ 0B     1268K+ 22518 1     sleeping *0[64265+]    0.00000 0.00000    59845 6049+     160+     705182+    256676+    140965+    588295+    126066+    20+     5181     0.0   eesa0e           N/A    N/A   N/A   N/A   N/A   N/A  
22517  com.apple.appkit 0.0  00:07.36 4     1   239+   10M+   0B     28M+   22517 1     sleeping *0[1896+]     0.00000 0.00000    59845 151406+   493+     77785+     34217+     257544+    149922+    95054+     1284+   2356     0.0   eesa0e           N/A    N/A   N/A   N/A   N/A   N/A  
22513  com.apple.Safari 0.0  00:00.36 2     0   40+    824K+  0B     6560K+ 22513 1     sleeping *0[22+]       0.00000 0.00000    59845 8640+     1487+    2098+      1786+      10276+     10186+     8696+      2268+   100      0.0   eesa0e           N/A    N/A   N/A   N/A   N/A   N/A  
16190  aslmanager       0.0  00:00.24 2     1   27+    668K+  0B     532K+  16190 1     sleeping *0[1+]        0.00000 0.00000    0     3524+     119+     576+       1878+      14552+     5445+      8543+      5+      54       0.0   root             N/A    N/A   N/A   N/A   N/A   N/A  
12594  com.apple.spotli 0.0  00:00.94 2     0   52+    1444K+ 0B     2400K+ 12594 1     sleeping  0[0]         0.00000 0.00000    59845 8866+     157+     20122+     10426+     81602+     28989+     19564+     45+     65       0.0   eesa0e           N/A    N/A   N/A   N/A   N/A   N/A  
11517  GPUToolsAgent    0.0  00:00.27 2     1   45+    800K+  0B     2836K+ 11517 11504 sleeping *0[1+]        0.00000 0.00000    59845 6432+     358+     685+       2068+      17875+     5981+      10016+     27+     31       0.0   eesa0e           N/A    N/A   N/A   N/A   N/A   N/A  
11514  com.apple.dt.Xco 0.0  00:00.09 2     1   23+    628K+  0B     500K+  11514 1     sleeping *0[2+]        0.00000 0.00000    59845 3614+     118+     626+       581+       3953+      1513+      2967+      0       70       0.0   eesa0e           N/A    N/A   N/A   N/A   N/A   N/A  
11508  com.apple.CoreSi 0.0  00:00.26 2     1   44+    804K+  0B     1452K+ 11508 1     sleeping *0[1+]        0.00000 0.00000    59845 5950+     171+     828+       2087+      16455+     6189+      8738+      18+     26       0.0   eesa0e           N/A    N/A   N/A   N/A   N/A   N/A  
11504  Xcode            0.0  00:17.49 8     1   290+   12M+   0B     88M+   11504 1     sleeping *0[882+]      0.00000 0.00000    59845 324029+   7029+    172094+    113358+    443313+    538652+    325222+    10018+  7522     0.0   eesa0e           N/A    N/A   N/A   N/A   N/A   N/A  
9535   com.apple.Previe 0.0  00:00.14 2     1   27+    528K+  0B     560K+  9535  1     sleeping *0[1+]        0.00000 0.00000    59845 3528+     120+     634+       580+       3892+      5920+      8061+      0       413      0.0   eesa0e           N/A    N/A   N/A   N/A   N/A   N/A  
9534   Preview          0.0  03:03.95 10    0   345+   214M+  51M+   3394M+ 9534  1     sleeping *0[2139+]     0.00000 0.00000    59845 7638415+  2612+    1104015+   328811+    1675069+   1961567+   1211494+   22889+  28613    0.0   eesa0e           N/A    N/A   N/A   N/A   N/A   N/A  
9239   tcsh             0.0  00:00.34 1     0   17+    1276K+ 0B     620K+  9239  9238  sleeping *0[1+]        0.00000 0.00000    59845 4005+     398+     110+       29+        22766+     126+       5724+      156+    0        0.0   eesa0e           N/A    N/A   N/A   N/A   N/A   N/A  
9238   login            0.0  00:00.05 2     0   29+    8192B+ 0B     1432K+ 9238  9237  sleeping *0[9+]        0.00000 0.00000    0     1488+     170+     192+       68+        6350+      268+       392+       1+      0        0.0   root             N/A    N/A   N/A   N/A   N/A   N/A  
9237   Terminal         0.0  04:08.33 14    8   282+   42M+   4096B+ 12M+   9237  1     sleeping *0[2757+]     0.00000 0.00000    59845 9494971+  2666+    611574+    193704+    1146944+   1391191+   4840717+   1800+   25500    0.0   eesa0e           N/A    N/A   N/A   N/A   N/A   N/A  
8599   com.apple.securi 0.0  00:02.94 3     0   134+   4888K+ 0B     2460K+ 8599  1     sleeping *0[2740+]     0.00000 0.00000    59845 27919+    243+     36301+     24158+     87318+     140544+    75759+     307+    1533     0.0   eesa0e           N/A    N/A   N/A   N/A   N/A   N/A  
8594   Microsoft Word   0.0  15:29.35 17    7   384+   238M+  40M+   187M+  8594  1     sleeping *4+[40+]      0.00000 0.00000    59845 2666461+  18805+   6584281+   1927752+   11435527+  10731211+  5002146+   51710+  393375   0.0   eesa0e           N/A    N/A   N/A   N/A   N/A   N/A  
8581   syspolicyd       0.0  00:00.46 2     1   36+    2580K+ 0B     2120K+ 8581  1     sleeping *0[49+]       0.00000 0.00000    0     9112+     103+     1776+      2341+      17335+     6355+      8967+      42+     90       0.0   root             N/A    N/A   N/A   N/A   N/A   N/A  
6693   com.apple.hiserv 0.0  00:00.22 2     0   48+    840K+  0B     528K+  6693  1     sleeping *0[40+]       0.00000 0.00000    59845 5333+     129+     2570+      2124+      12658+     11656+     7446+      13+     73       0.0   eesa0e           N/A    N/A   N/A   N/A   N/A   N/A  
6690   TextEdit         0.0  01:04.72 3     0   280+   29M+   0B     246M+  6690  1     sleeping *0[1775+]     0.00000 0.00000    59845 2682422+  958+     661251+    176848+    918289+    1007209+   514862+    4205+   16681    0.0   eesa0e           N/A    N/A   N/A   N/A   N/A   N/A  
6399   nbagent          0.0  00:03.35 5     0   208+   4540K+ 0B     2632K+ 6399  1     sleeping *0[2023+]     0.00000 0.00000    59845 29725+    243+     32870+     22724+     93707+     103085+    76869+     21+     1160     0.0   eesa0e           N/A    N/A   N/A   N/A   N/A   N/A  
6386   Calendar         0.0  14:55.97 3     0   237+   81M+   932K+  25M+   6386  1     sleeping *0[16629+]    0.00000 0.00000    59845 1673079+  18307+   7398581+   2655306+   16077029+  14187848+  9102023+   5578+   19567    0.0   eesa0e           N/A    N/A   N/A   N/A   N/A   N/A  
6381   com.apple.Safari 0.0  00:00.32 2     1   39+    752K+  0B     6220K+ 6381  1     sleeping *0[16+]       0.00000 0.00000    59845 9153+     1079+    1199+      2272+      17012+     6392+      9976+      1487+   23       0.0   eesa0e           N/A    N/A   N/A   N/A   N/A   N/A  
6380   DataDetectorsDyn 0.0  00:00.91 2     0   91+    2084K+ 0B     5324K+ 6380  1     sleeping *0[15+]       0.00000 0.00000    59845 15464+    262+     13177+     6571+      19288+     34008+     23666+     157+    759      0.0   eesa0e           N/A    N/A   N/A   N/A   N/A   N/A  
6224   com.apple.GSSCre 0.0  00:00.46 3     2   25+    1112K+ 0B     11M+   6224  1     sleeping *0[1+]        0.00000 0.00000    0     8206+     1645+    1388+      879+       7171+      2110+      5371+      2355+   92       0.0   root             N/A    N/A   N/A   N/A   N/A   N/A  
6203   diskmanagementd  0.0  00:00.93 16    0   179+   1420K+ 0B     928K+  6203  1     sleeping *0[1+]        0.00000 0.00000    0     8522+     219+     12560+     6235+      109240+    24715+     19090+     347+    84       0.0   root             N/A    N/A   N/A   N/A   N/A   N/A  
6199   nsurlstoraged    0.0  00:00.32 2     0   44+    736K+  0B     1488K+ 6199  1     sleeping *0[4+]        0.00000 0.00000    243   5350+     138+     2394+      2129+      15964+     14574+     11932+     5+      197      0.0   _nsurlstoraged   N/A    N/A   N/A   N/A   N/A   N/A  
2152   mdworker         0.0  00:01.39 2     0   52+    892K+  0B     7476K+ 2152  1     sleeping *0[1+]        0.00000 0.00000    501   16389+    219+     8782+      4900+      35769+     20017+     12929+     8+      19       0.0   sysadmin         N/A    N/A   N/A   N/A   N/A   N/A  
2151   distnoted        0.0  00:02.71 2     0   32+    732K+  0B     224K+  2151  1     sleeping *0[1+]        0.00000 0.00000    501   15692+    102+     66533+     43440+     210358+    45594+     75126+     0       3587     0.0   sysadmin         N/A    N/A   N/A   N/A   N/A   N/A  
2150   cfprefsd         0.0  00:01.14 3     2   29+    736K+  0B     188K+  2150  1     sleeping *0[6525+]     0.00000 0.00000    501   10902+    96+      37018+     14018+     60705+     21271+     26546+     0       2068     0.0   sysadmin         N/A    N/A   N/A   N/A   N/A   N/A  
1723   distnoted        0.0  00:02.81 2     0   32+    804K+  0B     292K+  1723  1     sleeping *0[1+]        0.00000 0.00000    89    15872+    102+     66057+     43313+     210223+    44760+     76578+     0       3169     0.0   _spotlight       N/A    N/A   N/A   N/A   N/A   N/A  
1602   storeinstalld    0.0  00:00.24 2     0   36+    924K+  0B     732K+  1602  1     sleeping *0[1+]        0.00000 0.00000    0     6957+     141+     2160+      1987+      12649+     11994+     8108+      10+     89       0.0   root             N/A    N/A   N/A   N/A   N/A   N/A  
1442   storeuid         0.0  00:02.31 9     0   185+   3376K+ 0B     9412K+ 1442  1     sleeping *0[2079+]     0.00000 0.00000    59845 34236+    406+     37240+     15854+     94184+     88766+     80445+     383+    1222     0.0   eesa0e           N/A    N/A   N/A   N/A   N/A   N/A  
1441   USBAgent         0.0  00:00.19 2     1   33+    696K+  0B     1804K+ 1441  1     sleeping *0[1+]        0.00000 0.00000    59845 6472+     131+     2507+      1466+      9733+      3999+      6233+      25+     253      0.0   eesa0e           N/A    N/A   N/A   N/A   N/A   N/A  
1380   com.apple.Commer 0.0  00:00.35 2     1   40+    1004K+ 0B     2244K+ 1380  1     sleeping *0[3+]        0.00000 0.00000    59845 8894+     161+     1020+      2225+      16118+     11458+     15243+     70+     525      0.0   eesa0e           N/A    N/A   N/A   N/A   N/A   N/A  
1379   com.apple.Commer 0.0  00:00.18 2     1   37+    664K+  0B     1200K+ 1379  1     sleeping *0[14+]       0.00000 0.00000    59845 5188+     144+     3204+      1849+      9313+      4977+      5616+      1+      55       0.0   eesa0e           N/A    N/A   N/A   N/A   N/A   N/A  
965    BezelUIServer    0.0  00:05.77 3     0   135+   4416K+ 0B     1528K+ 965   1     sleeping *0[1+]        0.00000 0.00000    59845 57267+    237+     72203+     21840+     80337+     170877+    91112+     83+     1065     0.0   eesa0e           N/A    N/A   N/A   N/A   N/A   N/A  
897    periodic-wrapper 0.0  00:00.02 2     1   27+    356K+  0B     288K+  897   1     sleeping *0[1+]        0.00000 0.00000    0     1290+     86+      162+       74+        634+       323+       350+       4+      28       0.0   root             N/A    N/A   N/A   N/A   N/A   N/A  
888    systemstatsd     0.0  00:28.04 2     1   25+    2632K+ 0B     7064K+ 888   1     sleeping *0[1101+]     0.00000 0.00000    0     115365+   85+      11151+     4776+      2980050+   12109+     129199+    17+     2180     0.0   root             N/A    N/A   N/A   N/A   N/A   N/A  
887    com.apple.speech 0.0  00:01.63 2     0   47+    2012K+ 0B     13M+   887   1     sleeping *0[1+]        0.00000 0.00000    59845 25842+    145+     10597+     4981+      65870+     24495+     19064+     44+     110      0.0   eesa0e           N/A    N/A   N/A   N/A   N/A   N/A  
858    mdflagwriter     0.0  00:02.57 3     2   20+    408K+  0B     1512K+ 858   1     sleeping *0[1+]        0.00000 0.00000    59845 31668+    84+      63837+     25556+     195916+    88113+     49271+     4+      2837     0.0   eesa0e           N/A    N/A   N/A   N/A   N/A   N/A  
857    mdflagwriter     0.0  00:00.20 2     1   18+    368K+  0B     1532K+ 857   1     sleeping *0[1+]        0.00000 0.00000    0     4336+     84+      10525+     4218+      28216+     13009+     6900+      0       54       0.0   root             N/A    N/A   N/A   N/A   N/A   N/A  
856    SubmitDiagInfo   0.0  00:00.18 2     0   36+    208K+  0B     2416K+ 856   1     sleeping  0[0]         0.00000 0.00000    0     6796+     153+     427+       157+       7632+      698+       1627+      16+     105      0.0   root             N/A    N/A   N/A   N/A   N/A   N/A  
855    spindump         0.0  00:01.42 2     1   62+    888K+  0B     19M+   855   1     sleeping *0[1+]        0.00000 0.00000    0     31328+    167+     30830+     16457+     36720+     32960+     18252+     1981+   294      0.0   root             N/A    N/A   N/A   N/A   N/A   N/A  
850    mdworker         0.0  00:12.21 2     0   48+    792K+  0B     6508K+ 850   1     sleeping *0[1+]        0.00000 0.00000    89    9879+     172+     2603+      2140+      201457+    12500+     17922+     9+      90       0.0   _spotlight       N/A    N/A   N/A   N/A   N/A   N/A  
845    DiskUnmountWatch 0.0  00:00.35 2     1   37+    852K+  0B     528K+  845   1     sleeping  0[0]         0.00000 0.00000    59845 5867+     129+     2683+      2117+      17571+     12059+     16968+     5+      596      0.0   eesa0e           N/A    N/A   N/A   N/A   N/A   N/A  
699    LaterAgent       0.0  00:01.57 3     0   147+   2204K+ 0B     1916K+ 699   1     sleeping *0[1+]        0.00000 0.00000    59845 18321+    228+     28676+     11701+     48162+     65599+     38156+     82+     824      0.0   eesa0e           N/A    N/A   N/A   N/A   N/A   N/A  
698    storelegacy      0.0  00:00.27 2     0   41+    976K+  0B     2268K+ 698   1     sleeping *0[22+]       0.00000 0.00000    59845 7698+     146+     2471+      2087+      12063+     11855+     8327+      28+     37       0.0   eesa0e           N/A    N/A   N/A   N/A   N/A   N/A  
692    com.apple.notifi 0.0  00:00.23 2     0   41+    648K+  0B     832K+  692   1     sleeping *0[1+]        0.00000 0.00000    59845 6166+     136+     2119+      1969+      10508+     11429+     7123+      1+      10       0.0   eesa0e           N/A    N/A   N/A   N/A   N/A   N/A  
686    SpeechSynthesisS 0.0  00:01.22 3     0   131+   1812K+ 0B     2184K+ 686   1     sleeping *0[1+]        0.00000 0.00000    59845 12667+    227+     26703+     11287+     27283+     60590+     37039+     16+     514      0.0   eesa0e           N/A    N/A   N/A   N/A   N/A   N/A  
680    iTunesHelper     0.0  00:00.74 4     1   117+   1300K+ 0B     1744K+ 680   1     sleeping *0[2+]        0.00000 0.00000    59845 9677+     220+     25756+     10755+     19416+     40443+     19261+     157+    75       0.0   eesa0e           N/A    N/A   N/A   N/A   N/A   N/A  
678    gamed            0.0  00:06.70 5     1   118+   3916K+ 0B     4384K+ 678   1     stuck    *0[1453+]     0.00000 0.00000    59845 33921+    390+     112961+    50442+     341064+    159428+    151123+    710+    2587     0.0   eesa0e           N/A    N/A   N/A   N/A   N/A   N/A  
671    diagnostics_agen 0.0  00:02.92 2     0   68+    2640K+ 0B     5040K+ 671   1     sleeping  0[0]         0.00000 0.00000    59845 167276+   182+     20994+     9684+      81057+     48518+     69478+     184+    1013     0.0   eesa0e           N/A    N/A   N/A   N/A   N/A   N/A  
670    WiFiAgent        0.0  00:01.86 4     0   154+   2524K+ 0B     2280K+ 670   1     sleeping *0[2171+]     0.00000 0.00000    59845 17452+    225+     35198+     13838+     42825+     64508+     38649+     33+     598      0.0   eesa0e           N/A    N/A   N/A   N/A   N/A   N/A  
668    cloudpaird       0.0  00:01.00 2     0   71+    1204K+ 0B     1792K+ 668   1     sleeping *0[173+]      0.00000 0.00000    59845 9995+     147+     40860+     22026+     25227+     71430+     28045+     24+     355      0.0   eesa0e           N/A    N/A   N/A   N/A   N/A   N/A  
667    AirPlayUIAgent   0.0  00:02.50 3     0   195+   2064K+ 0B     1812K+ 667   1     sleeping *0[941+]      0.00000 0.00000    59845 30088+    221+     65908+     30169+     123421+    129198+    87263+     106+    1449     0.0   eesa0e           N/A    N/A   N/A   N/A   N/A   N/A  
666    askpermissiond   0.0  00:00.43 2     0   45+    884K+  0B     908K+  666   1     sleeping *0[1+]        0.00000 0.00000    59845 10073+    151+     6223+      3406+      20186+     15817+     13600+     6+      225      0.0   eesa0e           N/A    N/A   N/A   N/A   N/A   N/A  
662    SophosUIServer   0.0  01:04.21 4     0   161+   4816K+ 24K+   12M+   662   1     sleeping *0[1+]        0.00000 0.00000    59845 78471+    1411+    183964+    56505+     242785+    2071443+   498666+    255+    173195   0.0   eesa0e           N/A    N/A   N/A   N/A   N/A   N/A  
661    AppleIDAuthAgent 0.0  00:01.78 6     2   88+    2428K+ 0B     2748K+ 661   1     sleeping *0[14+]       0.00000 0.00000    59845 21573+    187+     6172+      15243+     61624+     57208+     54825+     6+      852      0.0   eesa0e           N/A    N/A   N/A   N/A   N/A   N/A  
660    icdd             0.0  00:00.77 2     0   60+    1460K+ 0B     1780K+ 660   1     sleeping *0[1+]        0.00000 0.00000    59845 11428+    158+     18158+     9979+      15653+     31726+     19944+     168+    123      0.0   eesa0e           N/A    N/A   N/A   N/A   N/A   N/A  
658    NotificationCent 0.0  00:22.72 3     0   219+   13M+   0B     6120K+ 658   1     sleeping *0[10940+]    0.00000 0.00000    59845 67377+    447+     483717+    326956+    646239+    1520798+   401705+    1772+   3113     0.0   eesa0e           N/A    N/A   N/A   N/A   N/A   N/A  
657-   Symantec Managem 0.0  00:27.50 4     0   145+   3696K+ 0B     4152K+ 657   1     sleeping *0[1+]        0.00000 0.00000    59845 29946+    873+     106599+    35064+     1765363+   233398+    244350+    7599+   41595    0.0   eesa0e           N/A    N/A   N/A   N/A   N/A   N/A  
656    SophosAgent      0.0  00:00.11 3     0   38+    708K+  0B     676K+  656   1     sleeping *0[1+]        0.00000 0.00000    59845 5300+     141+     758+       644+       4217+      1890+      3567+      19+     40       0.0   eesa0e           N/A    N/A   N/A   N/A   N/A   N/A  
653    Keychain Circle  0.0  00:01.25 3     0   129+   1944K+ 0B     1892K+ 653   1     sleeping  0[0]         0.00000 0.00000    59845 14269+    215+     22147+     9194+      46980+     60740+     53577+     8+      1067     0.0   eesa0e           N/A    N/A   N/A   N/A   N/A   N/A  
651    SocialPushAgent  0.0  00:00.58 2     0   59+    1116K+ 0B     676K+  651   1     sleeping *0[108+]      0.00000 0.00000    59845 7842+     139+     15325+     7922+      26721+     28787+     21655+     49+     67       0.0   eesa0e           N/A    N/A   N/A   N/A   N/A   N/A  
649    spindump_agent   0.0  00:00.24 2     1   46+    696K+  0B     628K+  649   1     sleeping *0[21+]       0.00000 0.00000    59845 5078+     139+     1259+      2339+      16337+     6888+      9860+      9+      42       0.0   eesa0e           N/A    N/A   N/A   N/A   N/A   N/A  
647    FolderActionsDis 0.0  00:01.13 3     0   124+   1896K+ 0B     2288K+ 647   1     sleeping *0[2098+]     0.00000 0.00000    59845 13887+    220+     25225+     9408+      31065+     54892+     31906+     242+    729      0.0   eesa0e           N/A    N/A   N/A   N/A   N/A   N/A  
642    CallHistoryPlugi 0.0  00:00.31 2     0   49+    784K+  0B     1360K+ 642   1     sleeping *0[1+]        0.00000 0.00000    59845 7354+     164+     2339+      2175+      13640+     13748+     10999+     11+     277      0.0   eesa0e           N/A    N/A   N/A   N/A   N/A   N/A  
641    soagent          0.0  00:02.32 2     0   105+   3564K+ 0B     11M+   641   1     sleeping *0[179+]      0.00000 0.00000    59845 31689+    357+     20343+     11769+     80702+     52253+     43192+     71+     567      0.0   eesa0e           N/A    N/A   N/A   N/A   N/A   N/A  
639    com.apple.Perfor 0.0  00:00.64 2     1   39+    776K+  0B     380K+  639   1     sleeping *0[1726+]     0.00000 0.00000    0     8691+     116+     11082+     5837+      37154+     11653+     18413+     23+     1072     0.0   root             N/A    N/A   N/A   N/A   N/A   N/A  
638    storedownloadd   0.0  00:00.39 3     1   89+    1532K+ 0B     2388K+ 638   1     sleeping *0[354+]      0.00000 0.00000    59845 10257+    199+     3184+      2484+      15065+     14423+     12543+     97+     182      0.0   eesa0e           N/A    N/A   N/A   N/A   N/A   N/A  
637    storeinappd      0.0  00:00.42 2     0   54+    824K+  0B     5824K+ 637   1     sleeping *0[5+]        0.00000 0.00000    59845 10706+    170+     2559+      2285+      13746+     13059+     10287+     38+     37       0.0   eesa0e           N/A    N/A   N/A   N/A   N/A   N/A  
635    AppleSpell       0.0  00:00.30 2     0   44+    756K+  0B     892K+  635   1     sleeping *0[2+]        0.00000 0.00000    59845 5445+     152+     2431+      2226+      12638+     12900+     11281+     0       13       0.0   eesa0e           N/A    N/A   N/A   N/A   N/A   N/A  
634    com.apple.Commer 0.0  00:00.32 2     1   43+    712K+  0B     2580K+ 634   1     sleeping *0[3+]        0.00000 0.00000    59845 7597+     161+     838+       2187+      15519+     11763+     15794+     22+     503      0.0   eesa0e           N/A    N/A   N/A   N/A   N/A   N/A  
632    AppleSpell       0.0  00:00.29 2     0   44+    728K+  0B     868K+  632   1     sleeping *0[2+]        0.00000 0.00000    59845 5454+     152+     2428+      2230+      12621+     12902+     11038+     0       15       0.0   eesa0e           N/A    N/A   N/A   N/A   N/A   N/A  
628    AppleSpell       0.0  00:00.30 2     0   44+    732K+  0B     900K+  628   1     sleeping *0[2+]        0.00000 0.00000    59845 5524+     152+     2424+      2226+      12626+     12886+     11556+     0       11       0.0   eesa0e           N/A    N/A   N/A   N/A   N/A   N/A  
626    AppleSpell       0.0  00:00.30 2     0   44+    732K+  0B     968K+  626   1     sleeping *0[2+]        0.00000 0.00000    59845 5505+     152+     2424+      2224+      12411+     12891+     11048+     0       13       0.0   eesa0e           N/A    N/A   N/A   N/A   N/A   N/A  
617    com.apple.audio. 0.0  00:00.10 2     1   24+    540K+  0B     684K+  617   1     sleeping *0[2+]        0.00000 0.00000    0     4965+     127+     664+       621+       4298+      1655+      3556+      0       26       0.0   root             N/A    N/A   N/A   N/A   N/A   N/A  
615    WiFiProxy        0.0  00:03.65 2     0   57+    1684K+ 0B     1180K+ 615   1     sleeping *0[2426+]     0.00000 0.00000    59845 23400+    156+     128297+    55029+     154177+    97624+     74069+     40+     2333     0.0   eesa0e           N/A    N/A   N/A   N/A   N/A   N/A  
613    storeassetd      0.0  00:04.54 4     0   189+   5068K+ 0B     3072K+ 613   1     sleeping *0[389+]      0.00000 0.00000    59845 37993+    243+     58190+     36940+     166449+    109375+    100616+    730+    1929     0.0   eesa0e           N/A    N/A   N/A   N/A   N/A   N/A  
609    Spotlight        0.0  02:31.37 4     0   235+   12M+   32K+   12M+   609   1     sleeping *0[6608+]     0.00000 0.00000    59845 180842+   1045+    1420938+   683124+    3757506+   3048430+   3288645+   2415+   4953     0.0   eesa0e           N/A    N/A   N/A   N/A   N/A   N/A  
605    com.apple.BKAgen 0.0  00:00.56 2     0   49+    1048K+ 0B     1040K+ 605   1     sleeping *0[2+]        0.00000 0.00000    59845 10726+    183+     4157+      3429+      20049+     22642+     18580+     23+     293      0.0   eesa0e           N/A    N/A   N/A   N/A   N/A   N/A  
604    SpotlightNetHelp 0.0  00:08.92 5     0   118+   4228K+ 0B     18M+   604   1     sleeping *141+[2+]     0.00000 0.00000    59845 77122+    500+     33519+     22566+     143437+    106231+    93460+     790+    6783     0.0   eesa0e           N/A    N/A   N/A   N/A   N/A   N/A  
600    com.apple.InputM 0.0  00:01.20 2     0   48+    1400K+ 0B     1020K+ 600   1     sleeping *0[50+]       0.00000 0.00000    59845 13228+    157+     14938+     7909+      40898+     31814+     28521+     105+    1143     0.0   eesa0e           N/A    N/A   N/A   N/A   N/A   N/A  
599    swcd             0.0  00:01.44 2     0   51+    2568K+ 0B     1376K+ 599   1     sleeping *0[82+]       0.00000 0.00000    59845 22795+    144+     8123+      15412+     59611+     94634+     44327+     13+     412      0.0   eesa0e           N/A    N/A   N/A   N/A   N/A   N/A  
598    storeaccountd    0.0  00:03.21 4     0   146+   5544K+ 0B     3384K+ 598   1     sleeping *0[841+]      0.00000 0.00000    59845 37365+    549+     21077+     20502+     104770+    81757+     77416+     1299+   1465     0.0   eesa0e           N/A    N/A   N/A   N/A   N/A   N/A  
596    printtool        0.0  00:00.46 2     1   36+    1564K+ 0B     856K+  596   1     sleeping *0[134+]      0.00000 0.00000    59845 8612+     138+     2536+      2699+      57776+     10814+     14485+     76+     251      0.0   eesa0e           N/A    N/A   N/A   N/A   N/A   N/A  
593    Image Capture Ex 0.0  00:01.25 3     0   134+   2332K+ 0B     3380K+ 593   1     sleeping *0[824+]      0.00000 0.00000    59845 15750+    233+     25909+     9619+      32646+     55399+     29491+     84+     503      0.0   eesa0e           N/A    N/A   N/A   N/A   N/A   N/A  
591    sysmond          0.0  00:23.43 2     1   23+    1240K+ 0B     3512K+ 591   1     sleeping *0[396+]      0.00000 0.00000    0     25547+    119+     1357735+   641376+    1585081+   1321380+   269005+    46+     1467     0.0   root             N/A    N/A   N/A   N/A   N/A   N/A  
589    AppleSpell       0.0  00:34.63 2     0   85+    5952K+ 0B     10M+   589   1     sleeping *0[3+]        0.00000 0.00000    59845 140913+   223+     327218+    150291+    534459+    411021+    68424+     28597+  266      0.0   eesa0e           N/A    N/A   N/A   N/A   N/A   N/A  
588    pbs              0.0  00:00.38 2     1   43+    984K+  0B     3056K+ 588   1     sleeping *0[38+]       0.00000 0.00000    59845 9786+     141+     1853+      2832+      21404+     9647+      11691+     13+     49       0.0   eesa0e           N/A    N/A   N/A   N/A   N/A   N/A  
582    ScopedBookmarkAg 0.0  00:03.52 2     1   39+    1392K+ 0B     19M+   582   1     sleeping *0[2901+]     0.00000 0.00000    59845 43842+    147+     42026+     21291+     271352+    40705+     65689+     21+     639      0.0   eesa0e           N/A    N/A   N/A   N/A   N/A   N/A  
580    TMCacheDelete    0.0  00:00.64 2     1   44+    1200K+ 0B     760K+  580   1     sleeping *0[282+]      0.00000 0.00000    0     12341+    149+     6503+      5037+      34048+     18378+     19476+     11+     354      0.0   root             N/A    N/A   N/A   N/A   N/A   N/A  
579    installd         0.0  03:45.28 3     1   58+    2704K+ 0B     78M+   579   1     stuck    *0[291+]      0.00000 0.00000    0     134653+   247+     11480+     5922+      3114317+   21717+     528986+    104+    340      0.0   root             N/A    N/A   N/A   N/A   N/A   N/A  
578    deleted          0.0  00:03.58 2     1   45+    2184K+ 0B     1880K+ 578   1     sleeping *0[1753+]     0.00000 0.00000    0     21927+    141+     58036+     29302+     246614+    81888+     88575+     66+     1853     0.0   root             N/A    N/A   N/A   N/A   N/A   N/A  
577    com.apple.dock.e 0.0  00:03.61 3     0   151+   2348K+ 0B     3572K+ 577   1     sleeping *0[6746+]     0.00000 0.00000    59845 28020+    335+     83852+     33213+     194542+    84999+     117193+    881+    982      0.0   eesa0e           N/A    N/A   N/A   N/A   N/A   N/A  
576    filecoordination 0.0  00:01.57 2     1   180+   1716K+ 0B     536K+  576   1     sleeping *0[1+]        0.00000 0.00000    0     13564+    136+     17168+     6805+      108140+    11836+     44929+     145+    945      0.0   root             N/A    N/A   N/A   N/A   N/A   N/A  
572    Finder           0.0  03:02.85 16    1   575+   377M+  23M+   262M+  572   1     sleeping *0[3340+]     0.00000 0.00000    59845 4843142+  6333+    1226659+   455158+    3098103+   3353541+   1097087+   43731+  21200    0.0   eesa0e           N/A    N/A   N/A   N/A   N/A   N/A  
571    SystemUIServer   0.0  08:51.44 3     0   301+   18M+   240K+  11M+   571   1     sleeping *0[4727+]     0.00000 0.00000    59845 1805355+  517+     1680225+   405988+    4481193+   3184094+   2925150+   2777+   108789   0.0   eesa0e           N/A    N/A   N/A   N/A   N/A   N/A  
569    Dock             0.0  00:46.49 3     0   293+   23M+   48K+   47M+   569   1     sleeping *0[2669+]     0.00000 0.00000    59845 1022927+  1015+    303397+    68046+     711997+    745544+    530419+    66951+  11509    0.0   eesa0e           N/A    N/A   N/A   N/A   N/A   N/A  
554    EscrowSecurityAl 0.0  00:01.22 3     0   139+   1800K+ 0B     1860K+ 554   1     sleeping  0[0]         0.00000 0.00000    59845 14149+    217+     23762+     9700+      53890+     56407+     44588+     5+      627      0.0   eesa0e           N/A    N/A   N/A   N/A   N/A   N/A  
553    CloudKeychainPro 0.0  00:00.30 2     0   48+    740K+  0B     520K+  553   1     sleeping *0[1+]        0.00000 0.00000    59845 5130+     131+     2553+      2271+      13283+     14749+     11982+     2+      147      0.0   eesa0e           N/A    N/A   N/A   N/A   N/A   N/A  
552    IDSKeychainSynci 0.0  00:00.33 2     0   78+    916K+  0B     664K+  552   1     sleeping *0[174+]      0.00000 0.00000    59845 6167+     136+     4893+      3498+      15151+     18046+     12013+     2+      105      0.0   eesa0e           N/A    N/A   N/A   N/A   N/A   N/A  
551    photolibraryd    0.0  00:00.41 2     1   38+    904K+  0B     1364K+ 551   1     sleeping *0[21+]       0.00000 0.00000    59845 8449+     286+     1535+      2560+      19706+     11408+     16239+     215+    449      0.0   eesa0e           N/A    N/A   N/A   N/A   N/A   N/A  
550    com.apple.CloudP 0.0  00:00.66 2     0   53+    1140K+ 0B     3752K+ 550   1     sleeping *0[775+]      0.00000 0.00000    59845 13242+    538+     7638+      4272+      24917+     19508+     17784+     16+     167      0.0   eesa0e           N/A    N/A   N/A   N/A   N/A   N/A  
549    cloudphotosd     0.0  00:03.53 3     0   164+   2628K+ 0B     5192K+ 549   1     sleeping *0[3660+]     0.00000 0.00000    59845 30530+    779+     40459+     15518+     114209+    73277+     73701+     832+    6514     0.0   eesa0e           N/A    N/A   N/A   N/A   N/A   N/A  
548    sharingd         0.0  00:13.58 3     0   173+   4052K+ 0B     4156K+ 548   1     sleeping *62+[8+]      0.00000 0.00000    59845 37024+    352+     198521+    62419+     430036+    369677+    198984+    1042+   7916     0.0   eesa0e           N/A    N/A   N/A   N/A   N/A   N/A  
547    useractivityd    0.0  00:25.43 2     0   80+    2120K+ 0B     1968K+ 547   1     sleeping *0[3645+]     0.00000 0.00000    59845 33960+    184+     116126+    56352+     906238+    182922+    491973+    268+    41719    0.0   eesa0e           N/A    N/A   N/A   N/A   N/A   N/A  
546    iconservicesagen 0.0  00:01.04 2     1   71+    3716K+ 0B     25M+   546   1     sleeping *0[338+]      0.00000 0.00000    59845 33410+    165+     6335+      4028+      34196+     11651+     16065+     893+    129      0.0   eesa0e           N/A    N/A   N/A   N/A   N/A   N/A  
542    CrashReporterSup 0.0  00:00.30 2     0   35+    992K+  0B     580K+  542   1     sleeping *0[2+]        0.00000 0.00000    0     6135+     127+     2449+      2108+      12982+     14639+     12969+     17+     313      0.0   root             N/A    N/A   N/A   N/A   N/A   N/A  
541    fontd            0.0  00:15.48 2     0   81+    6080K+ 0B     5620K+ 541   1     sleeping *0[93712+]    0.00000 0.00000    59845 202783+   1919+    597126+    202194+    1557927+   792285+    423278+    1042+   2700     0.0   eesa0e           N/A    N/A   N/A   N/A   N/A   N/A  
539    com.apple.geod   0.0  00:05.27 5     0   83+    5232K+ 0B     7432K+ 539   1     sleeping *0[58+]       0.00000 0.00000    59845 44991+    405+     14018+     17617+     99416+     71746+     72454+     732+    411      0.0   eesa0e           N/A    N/A   N/A   N/A   N/A   N/A  
533    fmfd             0.0  00:01.58 2     0   76+    2172K+ 0B     3248K+ 533   1     sleeping *0[175+]      0.00000 0.00000    59845 21956+    197+     13519+     17361+     67445+     103046+    51597+     54+     311      0.0   eesa0e           N/A    N/A   N/A   N/A   N/A   N/A  
531    IMRemoteURLConne 0.0  00:01.83 4     0   88+    2040K+ 0B     1680K+ 531   1     sleeping *0[200+]      0.00000 0.00000    59845 18103+    164+     12911+     18034+     63958+     69581+     52538+     7+      367      0.0   eesa0e           N/A    N/A   N/A   N/A   N/A   N/A  
530    nsurlstoraged    0.0  00:06.78 2     0   118+   3468K+ 0B     11M+   530   1     sleeping *0[1691+]     0.00000 0.00000    59845 95128+    144+     48885+     21894+     169889+    65768+     54981+     137+    772      0.0   eesa0e           N/A    N/A   N/A   N/A   N/A   N/A  
529    suggestd         0.0  04:50.89 2     0   113+   71M+   0B     51M+   529   1     sleeping *0[29112+]    0.00000 0.00000    59845 393731+   3491+    1487360+   740828+    6708607+   5653515+   7037981+   2263+   4694     0.0   eesa0e           N/A    N/A   N/A   N/A   N/A   N/A  
528    mapspushd        0.0  00:03.12 4     0   100+   4536K+ 0B     2676K+ 528   1     sleeping *0[186+]      0.00000 0.00000    59845 31969+    194+     14684+     17465+     75336+     73228+     67747+     211+    1180     0.0   eesa0e           N/A    N/A   N/A   N/A   N/A   N/A  
527    CalNCService     0.0  05:28.89 3     0   159+   15M+   0B     5956K+ 527   1     sleeping *1873+[8328+] 0.00000 0.00000    59845 557606+   5146+    1675219+   801103+    8097220+   9249255+   6660809+   1365+   11104    0.0   eesa0e           N/A    N/A   N/A   N/A   N/A   N/A  
526    IMDPersistenceAg 0.0  00:00.34 2     0   58+    1056K+ 0B     1308K+ 526   1     sleeping *0[182+]      0.00000 0.00000    59845 8303+     167+     4772+      3338+      14108+     17045+     10592+     44+     114      0.0   eesa0e           N/A    N/A   N/A   N/A   N/A   N/A  
524    sharedfilelistd  0.0  00:02.94 2     1   88+    2704K+ 0B     6832K+ 524   1     sleeping *0[791+]      0.00000 0.00000    59845 30084+    166+     23501+     8368+      65661+     38100+     33274+     1051+   938      0.0   eesa0e           N/A    N/A   N/A   N/A   N/A   N/A  
523    com.apple.Addres 0.0  00:01.63 2     0   78+    1544K+ 0B     596K+  523   1     sleeping *0[314+]      0.00000 0.00000    59845 14747+    144+     23936+     13350+     109044+    54530+     49165+     79+     492      0.0   eesa0e           N/A    N/A   N/A   N/A   N/A   N/A  
522    imagent          0.0  00:02.44 2     0   99+    2192K+ 0B     1764K+ 522   1     sleeping *0[1+]        0.00000 0.00000    59845 22135+    211+     14235+     19079+     65921+     109504+    56284+     252+    1733     0.0   eesa0e           N/A    N/A   N/A   N/A   N/A   N/A  
521    pboard           0.0  00:00.01 1     0   18+    24K+   0B     1816K+ 521   1     sleeping *0[1+]        0.00000 0.00000    59845 918+      98+      422+       361+       542+       1174+      412+       5+      0        0.0   eesa0e           N/A    N/A   N/A   N/A   N/A   N/A  
519    tccd             0.0  00:01.20 2     0   48+    3592K+ 0B     2568K+ 519   1     sleeping *0[573+]      0.00000 0.00000    59845 15828+    154+     14971+     7968+      57898+     24164+     24645+     91+     304      0.0   eesa0e           N/A    N/A   N/A   N/A   N/A   N/A  
518    callservicesd    0.0  00:02.02 2     0   132+   4016K+ 0B     13M+   518   1     sleeping *157+[3+]     0.00000 0.00000    59845 29662+    342+     18818+     9383+      50702+     39721+     37803+     935+    315      0.0   eesa0e           N/A    N/A   N/A   N/A   N/A   N/A  
517    accountsd        0.0  00:47.47 2     0   128+   4180K+ 0B     1160K+ 517   1     sleeping *0[19494+]    0.00000 0.00000    59845 185603+   262+     250211+    93201+     702079+    193872+    251968+    422+    3351     0.0   eesa0e           N/A    N/A   N/A   N/A   N/A   N/A  
515    bird             0.0  00:00.62 2     0   65+    1472K+ 0B     2084K+ 515   1     sleeping *0[162+]      0.00000 0.00000    59845 12900+    161+     6883+      4108+      26591+     18324+     17749+     306+    236      0.0   eesa0e           N/A    N/A   N/A   N/A   N/A   N/A  
512    akd              0.0  00:01.93 4     0   94+    2600K+ 0B     4556K+ 512   1     sleeping *0[11+]       0.00000 0.00000    59845 22372+    189+     11753+     16467+     66688+     70071+     60475+     86+     1385     0.0   eesa0e           N/A    N/A   N/A   N/A   N/A   N/A  
511    ARDAgent         0.0  00:19.62 7     0   76+    8768K+ 0B     6548K+ 511   1     sleeping *0[1+]        0.00000 0.00000    59845 90324+    2960+    26537+     11810+     669901+    81830+     110691+    340+    10172    0.0   eesa0e           N/A    N/A   N/A   N/A   N/A   N/A  
510    CalendarAgent    0.0  19:13.41 4     0   170+   27M+   0B     10M+   510   1     sleeping *0[674478+]   0.00000 0.00000    59845 2653932+  41386+   20388213+  8344346+   35102843+  11676501+  12738848+  3956+   13763    0.0   eesa0e           N/A    N/A   N/A   N/A   N/A   N/A  
509    usernoted        0.0  00:15.54 2     0   119+   3648K+ 0B     3616K+ 509   1     sleeping *0[1+]        0.00000 0.00000    59845 99772+    161+     154942+    65777+     543036+    141075+    200610+    406+    3737     0.0   eesa0e           N/A    N/A   N/A   N/A   N/A   N/A  
507    secd             0.0  00:02.26 2     1   63+    1164K+ 0B     988K+  507   1     sleeping *0[1+]        0.00000 0.00000    59845 19478+    143+     57079+     27644+     96305+     44083+     37470+     311+    2098     0.0   eesa0e           N/A    N/A   N/A   N/A   N/A   N/A  
506    identityservices 0.0  00:05.09 6     0   190+   4020K+ 0B     3096K+ 506   1     sleeping *0[1+]        0.00000 0.00000    59845 49207+    311+     85161+     50042+     183672+    208225+    125602+    895+    3329     0.0   eesa0e           N/A    N/A   N/A   N/A   N/A   N/A  
504    WirelessRadioMan 0.0  00:03.13 2     0   52+    1292K+ 0B     1032K+ 504   1     sleeping *0[1+]        0.00000 0.00000    0     20508+    182+     138676+    67044+     82805+     101692+    28529+     137+    933      0.0   root             N/A    N/A   N/A   N/A   N/A   N/A  
501    CommCenter       0.0  00:16.35 5     0   168+   4332K+ 0B     3744K+ 501   1     sleeping *0[1+]        0.00000 0.00000    59845 129088+   360+     253819+    100147+    680053+    235668+    276800+    2251+   35290    0.0   eesa0e           N/A    N/A   N/A   N/A   N/A   N/A  
500    lsd              0.0  00:05.90 2     0   211+   4576K+ 0B     4284K+ 500   1     sleeping *0[1707+]     0.00000 0.00000    59845 59954+    10491+   30159+     14221+     111282+    41390+     45493+     5880+   1614     0.0   eesa0e           N/A    N/A   N/A   N/A   N/A   N/A  
499    cfprefsd         0.0  00:19.20 3     2   287+   4184K+ 200K+  8176K+ 499   1     sleeping *0[27469+]    0.00000 0.00000    59845 115398+   96+      260401+    106135+    826594+    212712+    276587+    39+     7297     0.0   eesa0e           N/A    N/A   N/A   N/A   N/A   N/A  
497    distnoted        0.0  01:11.87 2     0   224+   3752K+ 0B     1124K+ 497   1     sleeping *0[1+]        0.00000 0.00000    59845 179656+   102+     322538+    125969+    5917515+   299417+    1825471+   47+     29360    0.0   eesa0e           N/A    N/A   N/A   N/A   N/A   N/A  
495    UserEventAgent   0.0  00:15.78 4     1   359+   3204K+ 0B     1588K+ 495   1     sleeping *0[1+]        0.00000 0.00000    59845 110139+   240+     279290+    106278+    531021+    508823+    344423+    434+    20944    0.0   eesa0e           N/A    N/A   N/A   N/A   N/A   N/A  
480    com.apple.Accoun 0.0  00:00.10 2     1   23+    824K+  0B     472K+  480   1     sleeping *0[12+]       0.00000 0.00000    0     4813+     119+     798+       683+       4750+      1773+      3529+      29+     34       0.0   root             N/A    N/A   N/A   N/A   N/A   N/A  
420    nbstated         0.0  00:00.28 2     0   36+    924K+  0B     2044K+ 420   1     sleeping *0[1+]        0.00000 0.00000    0     5768+     138+     2105+      1993+      12882+     11518+     9953+      6+      27       0.0   root             N/A    N/A   N/A   N/A   N/A   N/A  
419    storeaccountd    0.0  00:00.27 2     0   35+    700K+  0B     2596K+ 419   1     sleeping  0[0]         0.00000 0.00000    0     7290+     157+     2116+      1962+      13662+     12524+     9528+      13+     103      0.0   root             N/A    N/A   N/A   N/A   N/A   N/A  
415    securityd_servic 0.0  00:13.57 2     1   34+    1656K+ 0B     1596K+ 415   1     sleeping *0[1+]        0.00000 0.00000    0     47614+    117+     35083+     15799+     179567+    23946+     30836+     3+      422      0.0   root             N/A    N/A   N/A   N/A   N/A   N/A  
414    tccd             0.0  00:00.26 2     0   33+    648K+  0B     3420K+ 414   1     sleeping *0[14+]       0.00000 0.00000    0     7177+     135+     2333+      2105+      14139+     11698+     7646+      8+      37       0.0   root             N/A    N/A   N/A   N/A   N/A   N/A  
413    systemsoundserve 0.0  00:01.48 2     1   93+    1248K+ 0B     3268K+ 413   1     sleeping *0[1+]        0.00000 0.00000    0     21671+    167+     23527+     12263+     63995+     54814+     51988+     439+    760      0.0   root             N/A    N/A   N/A   N/A   N/A   N/A  
412    watchdogd        0.0  00:02.71 4     0   33+    504K+  0B     268K+  412   1     sleeping *0[1+]        0.00000 0.00000    0     2950+     94+      32481+     11627+     35439+     24740+     54990+     4+      14876    0.0   root             N/A    N/A   N/A   N/A   N/A   N/A  
409    writeconfig      0.0  00:00.12 2     1   26+    600K+  0B     720K+  409   1     sleeping *0[2+]        0.00000 0.00000    0     4428+     136+     716+       655+       4599+      2427+      4269+      14+     396      0.0   root             N/A    N/A   N/A   N/A   N/A   N/A  
369    SophosScanD      0.0  17:32.23 33    2   947+   331M+  0B     165M+  369   1     stuck    *0[1+]        0.00000 0.00000    503   2042385+  4583+    724558+    144207+    25753377+  2681111+   5642254+   10256+  445962   0.0   _sophos          N/A    N/A   N/A   N/A   N/A   N/A  
365    SophosWebIntelli 0.0  14:42.83 7     3   73+    6568K+ 0B     6132K+ 365   1     sleeping *0[1+]        0.00000 0.00000    503   634155+   12139+   5501271+   1249815+   29713003+  12437395+  14297360+  340+    145664   0.0   _sophos          N/A    N/A   N/A   N/A   N/A   N/A  
360    SophosCleanD     0.0  00:00.37 4     0   54+    832K+  0B     1512K+ 360   1     sleeping *0[1+]        0.00000 0.00000    0     6766+     179+     2628+      2320+      16584+     13966+     14346+     66+     62       0.0   root             N/A    N/A   N/A   N/A   N/A   N/A  
349    SophosAntiVirus  0.0  01:17.26 7     2   620+   3972K+ 0B     1148K+ 349   1     sleeping *0[1+]        0.00000 0.00000    0     35011+    206+     292375+    22721+     3881888+   1141448+   1884128+   410+    156826   0.0   root             N/A    N/A   N/A   N/A   N/A   N/A  
344    SophosSXLD       0.0  06:14.28 5     0   67+    20M+   0B     18M+   344   1     sleeping *0[1+]        0.00000 0.00000    0     362278+   145+     1492341+   1021190+   39595708+  3862831+   3656431+   10768+  1449894  0.0   root             N/A    N/A   N/A   N/A   N/A   N/A  
343    sharedfilelistd  0.0  00:01.60 2     0   67+    1812K+ 0B     1112K+ 343   1     sleeping *0[3301+]     0.00000 0.00000    0     16634+    366+     56375+     25254+     56004+     80223+     42940+     57+     410      0.0   root             N/A    N/A   N/A   N/A   N/A   N/A  
342    SophosAutoUpdate 0.0  04:45.61 6     0   229+   11M+   0B     2440K+ 342   1     sleeping *0[1+]        0.00000 0.00000    0     239946+   6390+    59411+     25275+     6510627+   168354+    877606+    1823+   5348     0.0   root             N/A    N/A   N/A   N/A   N/A   N/A  
281    findmydeviced    0.0  00:02.08 2     0   60+    1396K+ 0B     848K+  281   1     sleeping *0[5+]        0.00000 0.00000    0     16269+    180+     18931+     6431+      59617+     47123+     32405+     151+    6080     0.0   root             N/A    N/A   N/A   N/A   N/A   N/A  
254    com.apple.CodeSi 0.0  00:00.32 2     1   18+    664K+  0B     2636K+ 254   1     sleeping *0[456+]      0.00000 0.00000    0     10146+    96+      6315+      2921+      28415+     5657+      7884+      1+      238      0.0   root             N/A    N/A   N/A   N/A   N/A   N/A  
239    CVMServer        0.0  00:00.18 2     1   109+   556K+  0B     2856K+ 239   1     sleeping *0[1+]        0.00000 0.00000    0     4250+     96+      6361+      2467+      14295+     5080+      4989+      4+      311      0.0   root             N/A    N/A   N/A   N/A   N/A   N/A  
231    suhelperd        0.0  00:00.71 3     1   57+    1876K+ 0B     2808K+ 231   1     sleeping *0[246+]      0.00000 0.00000    0     15316+    174+     7972+      6245+      34598+     23257+     26416+     54+     627      0.0   root             N/A    N/A   N/A   N/A   N/A   N/A  
230    SophosConfigD    0.0  00:16.45 5     0   842+   6276K+ 0B     2168K+ 230   1     sleeping *0[1+]        0.00000 0.00000    0     85840+    700+     413351+    191078+    1873136+   434394+    733041+    467+    1341     0.0   root             N/A    N/A   N/A   N/A   N/A   N/A  
229    smd              0.0  00:00.11 2     1   21+    612K+  0B     500K+  229   1     sleeping *0[29+]       0.00000 0.00000    0     4292+     115+     1027+      821+       5477+      2008+      3936+      8+      39       0.0   root             N/A    N/A   N/A   N/A   N/A   N/A  
228    com.apple.Ambien 0.0  00:06.23 4     0   82+    1664K+ 0B     1372K+ 228   1     sleeping *0[7936+]     0.00000 0.00000    0     18775+    148+     186231+    86402+     137669+    216598+    122652+    50+     6345     0.0   root             N/A    N/A   N/A   N/A   N/A   N/A  
227    symptomsd        0.0  00:53.40 4     2   97+    3004K+ 0B     944K+  227   1     sleeping *0[654+]      0.00000 0.00000    24    60055+    169+     136345+    45260+     3994211+   160547+    1428433+   669+    21490    0.0   _networkd        N/A    N/A   N/A   N/A   N/A   N/A  
226    softwareupdated  0.0  05:10.23 11    0   247+   119M+  0B     14M+   226   1     sleeping *0[3032+]     0.00000 0.00000    200   2675785+  6859+    867822+    331208+    7550219+   1206955+   1737704+   4451+   5058     0.0   _softwareupdate  N/A    N/A   N/A   N/A   N/A   N/A  
225    socketfilterfw   0.0  00:55.68 3     0   57+    2824K+ 0B     3608K+ 225   1     sleeping *0[1+]        0.00000 0.00000    0     267173+   153+     28350+     16178+     1301817+   276275+    199969+    8+      1133     0.0   root             N/A    N/A   N/A   N/A   N/A   N/A  
222    VDCAssistant     0.0  00:00.85 3     1   101+   1608K+ 0B     1492K+ 222   1     sleeping *0[1+]        0.00000 0.00000    0     17002+    179+     15825+     9543+      34306+     28248+     29020+     289+    111      0.0   root             N/A    N/A   N/A   N/A   N/A   N/A  
221    com.apple.ifdrea 0.0  00:00.08 2     0   27+    388K+  0B     676K+  221   1     sleeping *0[179+]      0.00000 0.00000    0     3340+     120+     3807+      1720+      1274+      4054+      1159+      6+      6        0.0   root             N/A    N/A   N/A   N/A   N/A   N/A  
220    thermald         0.0  00:02.46 2     0   36+    808K+  0B     532K+  220   1     sleeping *0[1+]        0.00000 0.00000    0     20028+    133+     44924+     19933+     162943+    65608+     58347+     62+     3578     0.0   root             N/A    N/A   N/A   N/A   N/A   N/A  
219    usbd             0.0  00:03.31 2     0   73+    1100K+ 0B     3032K+ 219   1     sleeping *0[1+]        0.00000 0.00000    0     12689+    140+     109118+    62097+     69598+     252775+    72027+     19+     150      0.0   root             N/A    N/A   N/A   N/A   N/A   N/A  
218    cron             0.0  00:00.41 1     0   17+    96K+   0B     456K+  218   1     sleeping *0[1+]        0.00000 0.00000    0     717+      96+      8088+      4038+      12434+     4143+      4873+      0       2762     0.0   root             N/A    N/A   N/A   N/A   N/A   N/A  
217    ntpd             0.0  00:12.36 3     2   30+    700K+  0B     1572K+ 217   1     sleeping *0[1+]        0.00000 0.00000    0     6852+     313+     11864+     712+       1280449+   6094+      187781+    241+    103685   0.0   root             N/A    N/A   N/A   N/A   N/A   N/A  
216    corestoraged     0.0  00:01.19 4     2   60+    788K+  0B     7332K+ 216   1     sleeping *0[1+]        0.00000 0.00000    0     422884+   130+     14487+     6710+      27727+     42087+     29223+     13+     938      0.0   root             N/A    N/A   N/A   N/A   N/A   N/A  
215    nehelper         0.0  00:00.62 2     0   61+    1256K+ 0B     2048K+ 215   1     sleeping *264+[1+]     0.00000 0.00000    0     9376+     173+     6400+      3699+      26588+     15954+     15918+     221+    147      0.0   root             N/A    N/A   N/A   N/A   N/A   N/A  
214    nsurlsessiond    0.0  00:01.17 4     0   78+    2112K+ 0B     2220K+ 214   1     sleeping *0[4+]        0.00000 0.00000    242   10951+    183+     11737+     8391+      40575+     40864+     37231+     80+     1251     0.0   _nsurlsessiond   N/A    N/A   N/A   N/A   N/A   N/A  
209    awdd             0.0  00:02.42 3     1   68+    1248K+ 0B     732K+  209   1     sleeping *0[1540+]     0.00000 0.00000    0     15883+    154+     26744+     10526+     49320+     65616+     51386+     235+    6225     0.0   root             N/A    N/A   N/A   N/A   N/A   N/A  
207    UploadDaemon     0.0  00:00.37 2     0   43+    964K+  0B     1324K+ 61    61    sleeping *0[1+]        0.00000 0.00000    401   7029+     179+     2979+      2428+      14034+     13503+     13062+     133+    36       0.0   panopto_upload   N/A    N/A   N/A   N/A   N/A   N/A  
205    mds_stores       0.0  03:34.71 7     4   64+    22M+   5940K+ 49M+   205   1     sleeping *0[1+]        0.00000 0.00000    0     4461924+  15885+   4124312+   1190619+   9489188+   3262919+   3749672+   204817+ 30881    0.0   root             N/A    N/A   N/A   N/A   N/A   N/A  
204    lsd              0.0  00:07.12 2     0   80+    3004K+ 0B     4560K+ 204   1     sleeping *0[13010+]    0.00000 0.00000    0     115291+   12638+   90845+     32837+     155144+    63801+     65416+     23739+  722      0.0   root             N/A    N/A   N/A   N/A   N/A   N/A  
190    WindowServer     0.0  03:33:37 4     1   958+   173M+  155M+  372M+  190   1     sleeping *0[1+]        0.00000 0.00000    88    18964295+ 1152385+ 185661535+ 95467237+  50177253+  191673299+ 56592402+  7524+   5416015  0.0   _windowserver    N/A    N/A   N/A   N/A   N/A   N/A  
189    com.apple.audio. 0.0  00:00.22 2     1   32+    716K+  0B     892K+  189   1     sleeping *0[3+]        0.00000 0.00000    202   4506+     108+     599+       1959+      13662+     5178+      7907+      0       55       0.0   _coreaudiod      N/A    N/A   N/A   N/A   N/A   N/A  
188    coreaudiod       0.0  21:36.56 3     0   301+   2564K+ 0B     1996K+ 188   1     sleeping *0[1+]        0.00000 0.00000    202   174646+   177+     4110987+   695155+    14102962+  6657489+   5089042+   663+    1259062  0.0   _coreaudiod      N/A    N/A   N/A   N/A   N/A   N/A  
186    taskgated        0.0  00:00.97 2     0   38+    1648K+ 0B     3872K+ 186   1     sleeping *0[1+]        0.00000 0.00000    0     18575+    139+     2824+      2611+      63545+     9957+      11893+     24+     173      0.0   root             N/A    N/A   N/A   N/A   N/A   N/A  
185    networkd_privile 0.0  00:00.25 2     1   29+    628K+  0B     456K+  185   1     sleeping *0[931+]      0.00000 0.00000    0     5492+     117+     7321+      2851+      14998+     9510+      8272+      19+     379      0.0   root             N/A    N/A   N/A   N/A   N/A   N/A  
184    coresymbolicatio 0.0  00:00.29 2     1   26+    624K+  0B     1724K+ 184   1     sleeping *0[654+]      0.00000 0.00000    0     22908+    120+     5870+      2579+      10954+     5687+      6042+      9193+   42       0.0   root             N/A    N/A   N/A   N/A   N/A   N/A  
183    networkd         0.0  00:11.21 2     0   159+   2236K+ 0B     904K+  183   1     sleeping *0[8954+]     0.00000 0.00000    24    15918+    164+     346045+    158672+    478682+    552266+    200485+    615+    2992     0.0   _networkd        N/A    N/A   N/A   N/A   N/A   N/A  
164    ctkd             0.0  00:00.10 2     1   27+    560K+  0B     604K+  164   1     sleeping *0[1+]        0.00000 0.00000    0     4289+     123+     656+       621+       4253+      1700+      3718+      24+     19       0.0   root             N/A    N/A   N/A   N/A   N/A   N/A  
161    com.apple.ctkpcs 0.0  00:00.13 2     1   32+    588K+  0B     596K+  161   1     sleeping *0[4+]        0.00000 0.00000    0     4221+     125+     692+       635+       4310+      4207+      6278+      60+     187      0.0   root             N/A    N/A   N/A   N/A   N/A   N/A  
148    authd            0.0  00:05.67 3     2   94+    2952K+ 0B     3184K+ 148   1     sleeping *0[900+]      0.00000 0.00000    0     20519+    156+     191533+    186173+    474907+    633470+    405346+    133+    1683     0.0   root             N/A    N/A   N/A   N/A   N/A   N/A  
146    coreservicesd    0.0  00:04.97 4     0   207+   3024K+ 0B     3204K+ 146   1     sleeping *0[1+]        0.00000 0.00000    0     21976+    137+     516366+    168741+    148130+    539410+    83696+     104+    208      0.0   root             N/A    N/A   N/A   N/A   N/A   N/A  
145    sandboxd         0.0  00:03.04 3     1   55+    3112K+ 0B     16M+   145   1     sleeping *0[1+]        0.00000 0.00000    0     71314+    161+     22571+     12355+     114304+    27797+     31610+     3561+   275      0.0   root             N/A    N/A   N/A   N/A   N/A   N/A  
142    cfprefsd         0.0  00:25.08 7     6   471+   3112K+ 16K+   264K+  142   1     sleeping *0[30261+]    0.00000 0.00000    0     126008+   95+      405166+    167741+    1253528+   387965+    437770+    29+     16015    0.0   root             N/A    N/A   N/A   N/A   N/A   N/A  
141    amfid            0.0  00:05.55 2     1   35+    2884K+ 0B     5488K+ 141   1     sleeping *0[1+]        0.00000 0.00000    0     19853+    133+     2945+      2917+      68908+     11865+     22336+     104+    79       0.0   root             N/A    N/A   N/A   N/A   N/A   N/A  
140    diagnosticd      0.0  00:01.66 2     1   238+   956K+  0B     700K+  140   1     sleeping *0[1+]        0.00000 0.00000    0     32107+    123+     18641+     15948+     126504+    48154+     59453+     211+    1606     0.0   root             N/A    N/A   N/A   N/A   N/A   N/A  
139    aslmanager       0.0  00:02.14 2     1   28+    1504K+ 0B     2184K+ 139   1     sleeping *0[1+]        0.00000 0.00000    0     18528+    123+     4188+      3920+      132116+    11466+     24197+     48+     552      0.0   root             N/A    N/A   N/A   N/A   N/A   N/A  
112    distnoted        0.0  00:25.99 2     0   129+   1744K+ 0B     360K+  112   1     sleeping *0[1+]        0.00000 0.00000    241   65084+    103+     391995+    122640+    2106030+   293227+    516089+    67+     11440    0.0   _distnote        N/A    N/A   N/A   N/A   N/A   N/A  
108    notifyd          0.0  01:05.61 3     2   276+   1800K+ 0B     212K+  108   1     sleeping *0[1+]        0.00000 0.00000    0     401505+   81+      4644763+   1524048+   4574748+   5400429+   1999033+   16+     6977     0.0   root             N/A    N/A   N/A   N/A   N/A   N/A  
107    AirPlayXPCHelper 0.0  00:02.21 2     1   103+   1040K+ 0B     1940K+ 107   1     sleeping *0[1+]        0.00000 0.00000    0     26726+    152+     23078+     13416+     147439+    55066+     91681+     302+    8689     0.0   root             N/A    N/A   N/A   N/A   N/A   N/A  
106    hidd             0.0  51:12.18 3     0   94+    2664K+ 0B     1028K+ 106   1     sleeping *0[1+]        0.00000 0.00000    0     87436+    158+     51028326+  33613127+  46629198+  80158618+  45280525+  335+    199549   0.0   root             N/A    N/A   N/A   N/A   N/A   N/A  
104    KernelEventAgent 0.0  00:00.04 3     0   27+    224K+  0B     392K+  104   1     sleeping *0[1+]        0.00000 0.00000    0     1463+     96+      477+       35+        4424+      2129+      999+       14+     1        0.0   root             N/A    N/A   N/A   N/A   N/A   N/A  
103    logind           0.0  00:00.24 2     0   65+    648K+  0B     676K+  103   1     sleeping *0[1+]        0.00000 0.00000    0     4793+     159+     2379+      2105+      12757+     11688+     9418+      136+    32       0.0   root             N/A    N/A   N/A   N/A   N/A   N/A  
102    loginwindow      0.0  00:33.05 2     0   386+   12M+   0B     43M+   102   1     sleeping *0[1+]        0.00000 0.00000    59845 198548+   446+     835549+    462078+    854436+    1955814+   869650+    2538+   15068    0.0   eesa0e           N/A    N/A   N/A   N/A   N/A   N/A  
101    revisiond        0.0  00:02.86 3     0   68+    1468K+ 0B     3816K+ 101   1     sleeping *0[552+]      0.00000 0.00000    0     19368+    168+     13168+     6409+      90477+     34031+     45380+     275+    2730     0.0   root             N/A    N/A   N/A   N/A   N/A   N/A  
99     mDNSResponder    0.0  00:41.03 5     0   86+    3072K+ 0B     2440K+ 99    1     sleeping *0[1+]        0.00000 0.00000    65    34734+    162+     108031+    50053+     2972965+   218038+    350040+    884+    48314    0.0   _mdnsresponder   N/A    N/A   N/A   N/A   N/A   N/A  
97     kdc              0.0  00:00.35 2     1   44+    912K+  0B     2244K+ 97    1     sleeping *0[1+]        0.00000 0.00000    0     6216+     146+     1184+      2369+      18136+     7045+      12347+     80+     13       0.0   root             N/A    N/A   N/A   N/A   N/A   N/A  
94     autofsd          0.0  00:00.17 2     1   29+    676K+  0B     460K+  94    1     sleeping *0[1+]        0.00000 0.00000    0     5856+     250+     834+       809+       6127+      2637+      5929+      12+     111      0.0   root             N/A    N/A   N/A   N/A   N/A   N/A  
93     blued            0.0  00:07.69 3     0   110+   1780K+ 0B     1924K+ 93    1     sleeping *0[1+]        0.00000 0.00000    0     40859+    172+     386197+    177474+    215148+    513385+    123268+    993+    8662     0.0   root             N/A    N/A   N/A   N/A   N/A   N/A  
92     displaypolicyd   0.0  00:00.81 5     0   32+    496K+  0B     676K+  92    1     sleeping  0[0]         0.00000 0.00000    244   3859+     132+     4698+      2071+      3862+      5020+      67999+     26+     17687    0.0   _displaypolicyd  N/A    N/A   N/A   N/A   N/A   N/A  
90     locationd        0.0  00:19.45 9     1   119+   4512K+ 0B     3628K+ 90    1     sleeping *0[15889+]    0.00000 0.00000    205   100022+   255+     253649+    117045+    762834+    353547+    338539+    4873+   21529    0.0   _locationd       N/A    N/A   N/A   N/A   N/A   N/A  
88     securityd        0.0  00:21.94 5     0   182+   2472K+ 0B     4944K+ 88    1     sleeping *0[1+]        0.00000 0.00000    0     234448+   249+     699189+    209943+    1328706+   1932490+   703434+    501+    4962     0.0   root             N/A    N/A   N/A   N/A   N/A   N/A  
87     usbmuxd          0.0  00:00.70 3     0   41+    868K+  0B     904K+  87    1     sleeping *0[1+]        0.00000 0.00000    213   6012+     197+     4479+      2342+      34743+     28125+     25357+     277+    113      0.0   _usbmuxd         N/A    N/A   N/A   N/A   N/A   N/A  
86     launchservicesd  0.0  00:12.33 2     1   385+   5152K+ 0B     4440K+ 86    1     sleeping *0[18047+]    0.00000 0.00000    0     95901+    144+     371647+    137075+    556688+    260845+    274712+    144+    4292     0.0   root             N/A    N/A   N/A   N/A   N/A   N/A  
85     apsd             0.0  00:15.86 4     0   116+   4212K+ 0B     4288K+ 85    1     sleeping *0[1+]        0.00000 0.00000    0     93475+    245+     155212+    47995+     489786+    349478+    228747+    2157+   5320     0.0   root             N/A    N/A   N/A   N/A   N/A   N/A  
83     wirelessproxd    0.0  00:00.62 2     0   47+    1152K+ 0B     1604K+ 83    1     sleeping *0[1687+]     0.00000 0.00000    0     8635+     144+     20444+     8086+      21286+     23515+     19362+     143+    361      0.0   root             N/A    N/A   N/A   N/A   N/A   N/A  
82     opendirectoryd   0.0  02:01.03 11    10  1345+  13M+   0B     3792K+ 82    1     sleeping *0[1+]        0.00000 0.00000    0     289482+   10555+   1207760+   437864+    14428479+  2031905+   5101561+   1889+   61730    0.0   root             N/A    N/A   N/A   N/A   N/A   N/A  
80     wdhelper         0.0  00:00.02 2     0   28+    8192B+ 0B     2592K+ 80    1     sleeping  0[0]         0.00000 0.00000    0     2345+     153+     106+       48+        436+       216+       901+       43+     1        0.0   root             N/A    N/A   N/A   N/A   N/A   N/A  
79     coreduetd        0.0  00:19.34 2     0   103+   7920K+ 0B     6288K+ 79    1     sleeping *0[3627+]     0.00000 0.00000    0     87963+    207+     181747+    84103+     591712+    240426+    235527+    1221+   5580     0.0   root             N/A    N/A   N/A   N/A   N/A   N/A  
77     diskarbitrationd 0.0  00:07.19 2     0   759+   2720K+ 0B     964K+  77    1     sleeping *0[1+]        0.00000 0.00000    0     175179+   18750+   585432+    216179+    167842+    729365+    63243+     125+    251      0.0   root             N/A    N/A   N/A   N/A   N/A   N/A  
76     iconservicesagen 0.0  00:00.15 2     1   25+    588K+  0B     1784K+ 76    1     sleeping  0[0]         0.00000 0.00000    0     4588+     124+     634+       615+       4278+      4189+      7889+      14+     210      0.0   root             N/A    N/A   N/A   N/A   N/A   N/A  
75     iconservicesd    0.0  00:00.14 2     1   54+    552K+  0B     2048K+ 75    1     sleeping *0[26+]       0.00000 0.00000    240   7488+     131+     1016+      771+       5300+      2002+      4419+      3+      55       0.0   _iconservices    N/A    N/A   N/A   N/A   N/A   N/A  
71     mds              0.0  05:16.36 9     3/1 373+   32M+   0B     29M+   71    1     sleeping *0[1+]        0.00000 0.00000    0     3238422+  8071+    10109495+  3390655+   22077652+  5432876+   7184395+   2846+   126197   0.0   root             N/A    N/A   N/A   N/A   N/A   N/A  
70     warmd            0.0  00:00.84 3     1   54+    1132K+ 0B     9816K+ 70    1     sleeping *0[1+]        0.00000 0.00000    0     14235+    145+     7768+      5484+      39306+     13558+     20882+     64+     333      0.0   root             N/A    N/A   N/A   N/A   N/A   N/A  
68-    aex-pluginmanage 0.0  06:33.46 14    2   66+    16M+   0B     4596K+ 68    1     stuck    *0[1+]        0.00000 0.00000    0     1821695+  625036+  228902+    68705+     9681249+   332554+    5138926+   19257+  2478590  0.0   root             N/A    N/A   N/A   N/A   N/A   N/A  
67     airportd         0.0  01:12.08 3     0   122+   7900K+ 0B     8088K+ 67    1     sleeping *0[2843+]     0.00000 0.00000    0     130394+   194+     1530627+   636942+    3098437+   2186186+   1595714+   670+    58731    0.0   root             N/A    N/A   N/A   N/A   N/A   N/A  
65     SophosServiceMan 0.0  02:21.37 3     0   825+   4772K+ 0B     752K+  65    1     sleeping *0[1+]        0.00000 0.00000    0     107781+   188+     162903+    80980+     6208943+   171081+    2016496+   250+    3521     0.0   root             N/A    N/A   N/A   N/A   N/A   N/A  
61     bash             0.0  00:00.00 1     0   12+    8192B+ 0B     472K+  61    1     sleeping *0[1+]        0.00000 0.00000    401   583+      155+     78+        36+        253+       142+       76+        4+      0        0.0   panopto_upload   N/A    N/A   N/A   N/A   N/A   N/A  
59     powerd           0.0  00:42.49 2     0   96+    1928K+ 0B     928K+  59    1     sleeping *0[1+]        0.00000 0.00000    0     240396+   115+     1997629+   521208+    1072628+   3252179+   1406303+   413+    2978     0.0   root             N/A    N/A   N/A   N/A   N/A   N/A  
58     configd          0.0  01:30.55 8     1   408+   5052K+ 0B     1808K+ 58    1     sleeping *0[1+]        0.00000 0.00000    0     1043901+  3065+    11772185+  4617214+   2907505+   11405209+  1401862+   887+    23171    0.0   root             N/A    N/A   N/A   N/A   N/A   N/A  
57     appleeventsd     0.0  00:00.82 2     1   153+   1320K+ 0B     4612K+ 57    1     sleeping *0[484+]      0.00000 0.00000    55    13137+    146+     8207+      5805+      43950+     16081+     24230+     30+     520      0.0   _appleevents     N/A    N/A   N/A   N/A   N/A   N/A  
52     fseventsd        0.0  01:46.93 10    0   248+   7012K+ 0B     3164K+ 52    1     sleeping *0[1+]        0.00000 0.00000    0     205491+   99+      96965+     9545+      6048990+   457887+    1150660+   27+     128431   0.0   root             N/A    N/A   N/A   N/A   N/A   N/A  
51     kextd            0.0  00:50.93 2     0   66+    11M+   0B     4536K+ 51    1     sleeping *0[1+]        0.00000 0.00000    0     1304895+  2537+    49147+     17143+     5501362+   96610+     2277867+   27538+  3374     0.0   root             N/A    N/A   N/A   N/A   N/A   N/A  
49     syslogd          0.0  01:28.49 8     7   195+   2840K+ 0B     368K+  49    1     stuck    *0[126855+]   0.00000 0.00000    0     421302+   87+      1219293+   328579+    5902455+   2028304+   2856502+   27+     24409    0.0   root             N/A    N/A   N/A   N/A   N/A   N/A  
48     UserEventAgent   0.0  00:54.10 22    17  1241+  6600K+ 0B     5016K+ 48    1     sleeping *0[1+]        0.00000 0.00000    0     379930+   236+     1562377+   912823+    2684139+   2594797+   1467519+   3333+   43427    0.0   root             N/A    N/A   N/A   N/A   N/A   N/A  
1      launchd          0.0  14:13.54 4     3   1991+  11M+   0B     6356K+ 1     0     sleeping  0[0]         0.00000 0.00000    0     94513+    4042+    3372615+   1246674+   6810609+   4706006+   2251328+   1012+   13267    0.0   root             N/A    N/A   N/A   N/A   N/A   N/A  
0      kernel_task      0.0  02:46:24 147/8 0   2+     1635M+ 0B     0B     0     0     running   0[0]         0.00000 0.00000    0     463105+   0        334465340+ 295832479+ 0          0          733245884+ 0       38175232 0.0   root             N/A    N/A   N/A   N/A   N/A   N/A  
