Loading models from file models2.dat
Loading training model from file ../../models/LOB.model
Loading training model from file ../../models/Welsh.model
   0... Leaves 64 Paths 168 Hash 80 Total 312
1000... Leaves 224 Paths 73584 Hash 208 Total 74016
2000... Leaves 256 Paths 116280 Hash 208 Total 116744
3000... Leaves 256 Paths 188784 Hash 208 Total 189248
4000... Leaves 256 Paths 260304 Hash 208 Total 260768
5000... Leaves 256 Paths 334680 Hash 208 Total 335144
6000... Leaves 256 Paths 404280 Hash 208 Total 404744
7000... Leaves 256 Paths 476976 Hash 208 Total 477440
8000... Leaves 256 Paths 549312 Hash 208 Total 549776
9000... Leaves 256 Paths 621864 Hash 208 Total 622328
10000... Leaves 256 Paths 694080 Hash 208 Total 694544
11000... Leaves 256 Paths 767376 Hash 208 Total 767840
12000... Leaves 256 Paths 839112 Hash 208 Total 839576
13000... Leaves 256 Paths 913560 Hash 208 Total 914024
14000... Leaves 256 Paths 982080 Hash 208 Total 982544
15000... Leaves 256 Paths 1054176 Hash 208 Total 1054640
16000... Leaves 256 Paths 1126008 Hash 208 Total 1126472
17000... Leaves 256 Paths 1198584 Hash 208 Total 1199048
18000... Leaves 256 Paths 1274040 Hash 208 Total 1274504
19000... Leaves 256 Paths 1347024 Hash 208 Total 1347488
20000... Leaves 256 Paths 1414080 Hash 208 Total 1414544
21000... Leaves 256 Paths 1486080 Hash 208 Total 1486544
22000... Leaves 256 Paths 1558080 Hash 208 Total 1558544
23000... Leaves 256 Paths 1630032 Hash 208 Total 1630496
24000... Leaves 256 Paths 1702704 Hash 208 Total 1703168
25000... Leaves 256 Paths 1775784 Hash 208 Total 1776248
26000... Leaves 256 Paths 1846680 Hash 208 Total 1847144
27000... Leaves 256 Paths 1920816 Hash 208 Total 1921280
28000... Leaves 256 Paths 1990608 Hash 208 Total 1991072
29000... Leaves 256 Paths 2063976 Hash 208 Total 2064440
30000... Leaves 256 Paths 2135112 Hash 208 Total 2135576
31000... Leaves 256 Paths 2207448 Hash 208 Total 2207912
32000... Leaves 256 Paths 2281296 Hash 208 Total 2281760
33000... Leaves 256 Paths 2353536 Hash 208 Total 2354000
34000... Leaves 256 Paths 2425896 Hash 208 Total 2426360
35000... Leaves 256 Paths 2496384 Hash 208 Total 2496848
36000... Leaves 256 Paths 2573472 Hash 208 Total 2573936
37000... Leaves 256 Paths 2639880 Hash 208 Total 2640344
38000... Leaves 256 Paths 2718120 Hash 208 Total 2718584
39000... Leaves 256 Paths 2784936 Hash 208 Total 2785400
40000... Leaves 256 Paths 2859216 Hash 208 Total 2859680
41000... Leaves 256 Paths 2928960 Hash 208 Total 2929424
42000... Leaves 256 Paths 3000720 Hash 208 Total 3001184
43000... Leaves 256 Paths 3079920 Hash 208 Total 3080384
44000... Leaves 256 Paths 3144144 Hash 208 Total 3144608
45000... Leaves 256 Paths 3225072 Hash 208 Total 3225536
46000... Leaves 256 Paths 3288360 Hash 208 Total 3288824
47000... Leaves 256 Paths 3360288 Hash 208 Total 3360752
48000... Leaves 256 Paths 3438504 Hash 208 Total 3438968
49000... Leaves 256 Paths 3506496 Hash 208 Total 3506960
50000... Leaves 256 Paths 3576600 Hash 208 Total 3577064
51000... Leaves 256 Paths 3647880 Hash 208 Total 3648344
52000... Leaves 256 Paths 3720864 Hash 208 Total 3721328
53000... Leaves 256 Paths 3797832 Hash 208 Total 3798296
54000... Leaves 256 Paths 3863880 Hash 208 Total 3864344
55000... Leaves 256 Paths 3936144 Hash 208 Total 3936608
55225... Leaves 256 Paths 3952680 Hash 208 Total 3953144
Loading models from file models2.dat
Loading training model from file ../../models/LOB.model
Loading training model from file ../../models/Welsh.model
   0... Leaves 64 Paths 168 Hash 80 Total 312
1000... Leaves 224 Paths 53112 Hash 208 Total 53544
2000... Leaves 224 Paths 116808 Hash 208 Total 117240
3000... Leaves 224 Paths 190080 Hash 208 Total 190512
4000... Leaves 224 Paths 260640 Hash 208 Total 261072
5000... Leaves 224 Paths 333480 Hash 208 Total 333912
6000... Leaves 224 Paths 405552 Hash 208 Total 405984
7000... Leaves 224 Paths 478824 Hash 208 Total 479256
8000... Leaves 224 Paths 549648 Hash 208 Total 550080
9000... Leaves 224 Paths 624576 Hash 208 Total 625008
10000... Leaves 224 Paths 695976 Hash 208 Total 696408
11000... Leaves 224 Paths 772512 Hash 208 Total 772944
12000... Leaves 224 Paths 838728 Hash 208 Total 839160
13000... Leaves 224 Paths 910704 Hash 208 Total 911136
14000... Leaves 224 Paths 984960 Hash 208 Total 985392
15000... Leaves 224 Paths 1054320 Hash 208 Total 1054752
16000... Leaves 224 Paths 1127280 Hash 208 Total 1127712
17000... Leaves 224 Paths 1198512 Hash 208 Total 1198944
18000... Leaves 224 Paths 1273560 Hash 208 Total 1273992
19000... Leaves 224 Paths 1344936 Hash 208 Total 1345368
20000... Leaves 224 Paths 1414704 Hash 208 Total 1415136
21000... Leaves 224 Paths 1490856 Hash 208 Total 1491288
22000... Leaves 224 Paths 1561104 Hash 208 Total 1561536
23000... Leaves 224 Paths 1633296 Hash 208 Total 1633728
24000... Leaves 224 Paths 1703736 Hash 208 Total 1704168
25000... Leaves 224 Paths 1779024 Hash 208 Total 1779456
26000... Leaves 224 Paths 1854720 Hash 208 Total 1855152
27000... Leaves 224 Paths 1922232 Hash 208 Total 1922664
28000... Leaves 224 Paths 1990320 Hash 208 Total 1990752
29000... Leaves 224 Paths 2066328 Hash 208 Total 2066760
30000... Leaves 224 Paths 2137800 Hash 208 Total 2138232
31000... Leaves 224 Paths 2207784 Hash 208 Total 2208216
32000... Leaves 224 Paths 2278584 Hash 208 Total 2279016
33000... Leaves 224 Paths 2353440 Hash 208 Total 2353872
34000... Leaves 224 Paths 2426016 Hash 208 Total 2426448
35000... Leaves 224 Paths 2498880 Hash 208 Total 2499312
36000... Leaves 224 Paths 2569320 Hash 208 Total 2569752
37000... Leaves 224 Paths 2640696 Hash 208 Total 2641128
38000... Leaves 224 Paths 2711448 Hash 208 Total 2711880
39000... Leaves 224 Paths 2785992 Hash 208 Total 2786424
39654... Leaves 224 Paths 2830824 Hash 208 Total 2831256
Loading models from file models2.dat
Loading training model from file ../../models/LOB.model
Loading training model from file ../../models/Welsh.model
   0... Leaves 64 Paths 168 Hash 80 Total 312
1000... Leaves 224 Paths 48792 Hash 208 Total 49224
2000... Leaves 256 Paths 116832 Hash 208 Total 117296
3000... Leaves 256 Paths 188928 Hash 208 Total 189392
4000... Leaves 256 Paths 261984 Hash 208 Total 262448
5000... Leaves 256 Paths 334392 Hash 208 Total 334856
6000... Leaves 256 Paths 408336 Hash 208 Total 408800
7000... Leaves 256 Paths 478128 Hash 208 Total 478592
8000... Leaves 256 Paths 550488 Hash 208 Total 550952
9000... Leaves 256 Paths 628992 Hash 208 Total 629456
10000... Leaves 256 Paths 694224 Hash 208 Total 694688
11000... Leaves 256 Paths 770832 Hash 208 Total 771296
12000... Leaves 256 Paths 839184 Hash 208 Total 839648
13000... Leaves 256 Paths 912504 Hash 208 Total 912968
14000... Leaves 256 Paths 982584 Hash 208 Total 983048
15000... Leaves 256 Paths 1056360 Hash 208 Total 1056824
16000... Leaves 256 Paths 1126488 Hash 208 Total 1126952
17000... Leaves 256 Paths 1200768 Hash 208 Total 1201232
18000... Leaves 256 Paths 1271112 Hash 208 Total 1271576
19000... Leaves 256 Paths 1344624 Hash 208 Total 1345088
20000... Leaves 256 Paths 1416408 Hash 208 Total 1416872
21000... Leaves 256 Paths 1488120 Hash 208 Total 1488584
22000... Leaves 256 Paths 1563336 Hash 208 Total 1563800
23000... Leaves 256 Paths 1634520 Hash 208 Total 1634984
24000... Leaves 256 Paths 1705272 Hash 208 Total 1705736
25000... Leaves 256 Paths 1776240 Hash 208 Total 1776704
26000... Leaves 256 Paths 1848912 Hash 208 Total 1849376
27000... Leaves 256 Paths 1919808 Hash 208 Total 1920272
28000... Leaves 256 Paths 1995720 Hash 208 Total 1996184
29000... Leaves 256 Paths 2064600 Hash 208 Total 2065064
30000... Leaves 256 Paths 2136792 Hash 208 Total 2137256
31000... Leaves 256 Paths 2208192 Hash 208 Total 2208656
32000... Leaves 256 Paths 2280528 Hash 208 Total 2280992
33000... Leaves 256 Paths 2352648 Hash 208 Total 2353112
34000... Leaves 256 Paths 2424960 Hash 208 Total 2425424
35000... Leaves 256 Paths 2497584 Hash 208 Total 2498048
36000... Leaves 256 Paths 2568912 Hash 208 Total 2569376
37000... Leaves 256 Paths 2642328 Hash 208 Total 2642792
38000... Leaves 256 Paths 2714064 Hash 208 Total 2714528
39000... Leaves 256 Paths 2785536 Hash 208 Total 2786000
40000... Leaves 256 Paths 2858496 Hash 208 Total 2858960
41000... Leaves 256 Paths 2928984 Hash 208 Total 2929448
42000... Leaves 256 Paths 3001992 Hash 208 Total 3002456
43000... Leaves 256 Paths 3073488 Hash 208 Total 3073952
44000... Leaves 256 Paths 3146208 Hash 208 Total 3146672
45000... Leaves 256 Paths 3218448 Hash 208 Total 3218912
46000... Leaves 256 Paths 3292008 Hash 208 Total 3292472
47000... Leaves 256 Paths 3361920 Hash 208 Total 3362384
48000... Leaves 256 Paths 3436800 Hash 208 Total 3437264
49000... Leaves 256 Paths 3507792 Hash 208 Total 3508256
50000... Leaves 256 Paths 3579528 Hash 208 Total 3579992
51000... Leaves 256 Paths 3650784 Hash 208 Total 3651248
52000... Leaves 256 Paths 3722880 Hash 208 Total 3723344
53000... Leaves 256 Paths 3795048 Hash 208 Total 3795512
54000... Leaves 256 Paths 3868248 Hash 208 Total 3868712
55000... Leaves 256 Paths 3940224 Hash 208 Total 3940688
56000... Leaves 256 Paths 4012200 Hash 208 Total 4012664
57000... Leaves 256 Paths 4084944 Hash 208 Total 4085408
58000... Leaves 256 Paths 4156104 Hash 208 Total 4156568
59000... Leaves 256 Paths 4227696 Hash 208 Total 4228160
60000... Leaves 256 Paths 4300584 Hash 208 Total 4301048
61000... Leaves 256 Paths 4373904 Hash 208 Total 4374368
62000... Leaves 256 Paths 4444032 Hash 208 Total 4444496
63000... Leaves 256 Paths 4516512 Hash 208 Total 4516976
64000... Leaves 256 Paths 4589184 Hash 208 Total 4589648
65000... Leaves 256 Paths 4661496 Hash 208 Total 4661960
66000... Leaves 256 Paths 4734744 Hash 208 Total 4735208
67000... Leaves 256 Paths 4807944 Hash 208 Total 4808408
68000... Leaves 256 Paths 4877808 Hash 208 Total 4878272
69000... Leaves 256 Paths 4949856 Hash 208 Total 4950320
70000... Leaves 256 Paths 5022024 Hash 208 Total 5022488
71000... Leaves 256 Paths 5093952 Hash 208 Total 5094416
72000... Leaves 256 Paths 5168136 Hash 208 Total 5168600
72507... Leaves 256 Paths 5202912 Hash 208 Total 5203376
Loading models from file models2.dat
Loading training model from file ../../models/LOB.model
Loading training model from file ../../models/Welsh.model
   0... Leaves 64 Paths 168 Hash 80 Total 312
1000... Leaves 224 Paths 50136 Hash 208 Total 50568
2000... Leaves 256 Paths 118248 Hash 208 Total 118712
3000... Leaves 256 Paths 189720 Hash 208 Total 190184
4000... Leaves 256 Paths 261624 Hash 208 Total 262088
5000... Leaves 256 Paths 334200 Hash 208 Total 334664
6000... Leaves 256 Paths 407904 Hash 208 Total 408368
7000... Leaves 256 Paths 480144 Hash 208 Total 480608
8000... Leaves 256 Paths 552864 Hash 208 Total 553328
9000... Leaves 256 Paths 623544 Hash 208 Total 624008
10000... Leaves 256 Paths 696600 Hash 208 Total 697064
11000... Leaves 256 Paths 767352 Hash 208 Total 767816
12000... Leaves 256 Paths 839184 Hash 208 Total 839648
13000... Leaves 256 Paths 911976 Hash 208 Total 912440
14000... Leaves 256 Paths 985200 Hash 208 Total 985664
15000... Leaves 256 Paths 1055832 Hash 208 Total 1056296
16000... Leaves 256 Paths 1130592 Hash 208 Total 1131056
17000... Leaves 256 Paths 1200864 Hash 208 Total 1201328
18000... Leaves 256 Paths 1276440 Hash 208 Total 1276904
19000... Leaves 256 Paths 1345488 Hash 208 Total 1345952
20000... Leaves 256 Paths 1415424 Hash 208 Total 1415888
21000... Leaves 256 Paths 1488336 Hash 208 Total 1488800
22000... Leaves 256 Paths 1563528 Hash 208 Total 1563992
23000... Leaves 256 Paths 1632504 Hash 208 Total 1632968
24000... Leaves 256 Paths 1707576 Hash 208 Total 1708040
25000... Leaves 256 Paths 1778160 Hash 208 Total 1778624
26000... Leaves 256 Paths 1847184 Hash 208 Total 1847648
27000... Leaves 256 Paths 1919472 Hash 208 Total 1919936
28000... Leaves 256 Paths 1992072 Hash 208 Total 1992536
29000... Leaves 256 Paths 2066544 Hash 208 Total 2067008
30000... Leaves 256 Paths 2136816 Hash 208 Total 2137280
31000... Leaves 256 Paths 2207400 Hash 208 Total 2207864
32000... Leaves 256 Paths 2283048 Hash 208 Total 2283512
33000... Leaves 256 Paths 2352072 Hash 208 Total 2352536
34000... Leaves 256 Paths 2424504 Hash 208 Total 2424968
35000... Leaves 256 Paths 2496888 Hash 208 Total 2497352
36000... Leaves 256 Paths 2569632 Hash 208 Total 2570096
37000... Leaves 256 Paths 2644392 Hash 208 Total 2644856
38000... Leaves 256 Paths 2712240 Hash 208 Total 2712704
39000... Leaves 256 Paths 2784288 Hash 208 Total 2784752
40000... Leaves 256 Paths 2859408 Hash 208 Total 2859872
41000... Leaves 256 Paths 2929680 Hash 208 Total 2930144
42000... Leaves 256 Paths 3000600 Hash 208 Total 3001064
43000... Leaves 256 Paths 3075840 Hash 208 Total 3076304
44000... Leaves 256 Paths 3144648 Hash 208 Total 3145112
45000... Leaves 256 Paths 3220680 Hash 208 Total 3221144
46000... Leaves 256 Paths 3291936 Hash 208 Total 3292400
47000... Leaves 256 Paths 3360432 Hash 208 Total 3360896
48000... Leaves 256 Paths 3432384 Hash 208 Total 3432848
49000... Leaves 256 Paths 3505992 Hash 208 Total 3506456
50000... Leaves 256 Paths 3577368 Hash 208 Total 3577832
51000... Leaves 256 Paths 3648912 Hash 208 Total 3649376
52000... Leaves 256 Paths 3724032 Hash 208 Total 3724496
53000... Leaves 256 Paths 3793464 Hash 208 Total 3793928
54000... Leaves 256 Paths 3865128 Hash 208 Total 3865592
55000... Leaves 256 Paths 3937584 Hash 208 Total 3938048
56000... Leaves 256 Paths 4009440 Hash 208 Total 4009904
57000... Leaves 256 Paths 4083240 Hash 208 Total 4083704
57534... Leaves 256 Paths 4120248 Hash 208 Total 4120712
Loading models from file models2.dat
Loading training model from file ../../models/LOB.model
Loading training model from file ../../models/Welsh.model
   0... Leaves 64 Paths 168 Hash 80 Total 312
1000... Leaves 224 Paths 48984 Hash 208 Total 49416
2000... Leaves 256 Paths 106704 Hash 208 Total 107168
3000... Leaves 256 Paths 178800 Hash 208 Total 179264
4000... Leaves 256 Paths 250872 Hash 208 Total 251336
5000... Leaves 256 Paths 324576 Hash 208 Total 325040
6000... Leaves 256 Paths 395928 Hash 208 Total 396392
7000... Leaves 256 Paths 468936 Hash 208 Total 469400
8000... Leaves 256 Paths 539088 Hash 208 Total 539552
9000... Leaves 256 Paths 610968 Hash 208 Total 611432
10000... Leaves 256 Paths 683208 Hash 208 Total 683672
11000... Leaves 256 Paths 755184 Hash 208 Total 755648
12000... Leaves 256 Paths 826992 Hash 208 Total 827456
13000... Leaves 256 Paths 899472 Hash 208 Total 899936
14000... Leaves 256 Paths 972672 Hash 208 Total 973136
15000... Leaves 256 Paths 1043352 Hash 208 Total 1043816
16000... Leaves 256 Paths 1119792 Hash 208 Total 1120256
17000... Leaves 256 Paths 1187712 Hash 208 Total 1188176
18000... Leaves 256 Paths 1261824 Hash 208 Total 1262288
19000... Leaves 256 Paths 1331664 Hash 208 Total 1332128
20000... Leaves 256 Paths 1406760 Hash 208 Total 1407224
21000... Leaves 256 Paths 1475496 Hash 208 Total 1475960
22000... Leaves 256 Paths 1549344 Hash 208 Total 1549808
23000... Leaves 256 Paths 1619808 Hash 208 Total 1620272
24000... Leaves 256 Paths 1691568 Hash 208 Total 1692032
25000... Leaves 256 Paths 1766400 Hash 208 Total 1766864
26000... Leaves 256 Paths 1836768 Hash 208 Total 1837232
27000... Leaves 256 Paths 1910976 Hash 208 Total 1911440
28000... Leaves 256 Paths 1981536 Hash 208 Total 1982000
29000... Leaves 256 Paths 2051976 Hash 208 Total 2052440
30000... Leaves 256 Paths 2124816 Hash 208 Total 2125280
31000... Leaves 256 Paths 2196408 Hash 208 Total 2196872
32000... Leaves 256 Paths 2268072 Hash 208 Total 2268536
33000... Leaves 256 Paths 2345448 Hash 208 Total 2345912
34000... Leaves 256 Paths 2412360 Hash 208 Total 2412824
35000... Leaves 256 Paths 2484480 Hash 208 Total 2484944
36000... Leaves 256 Paths 2556768 Hash 208 Total 2557232
37000... Leaves 256 Paths 2628960 Hash 208 Total 2629424
38000... Leaves 256 Paths 2701848 Hash 208 Total 2702312
39000... Leaves 256 Paths 2772840 Hash 208 Total 2773304
40000... Leaves 256 Paths 2844216 Hash 208 Total 2844680
41000... Leaves 256 Paths 2919168 Hash 208 Total 2919632
42000... Leaves 256 Paths 2990352 Hash 208 Total 2990816
43000... Leaves 256 Paths 3060624 Hash 208 Total 3061088
44000... Leaves 256 Paths 3132864 Hash 208 Total 3133328
44229... Leaves 256 Paths 3149448 Hash 208 Total 3149912
